<?xml version="1.0" encoding="UTF-8"?>
<!DOCTYPE html PUBLIC "-//W3C//DTD XHTML 1.0 Strict//EN" "http://www.w3.org/TR/xhtml1/DTD/xhtml1-strict.dtd">
<html xmlns="http://www.w3.org/1999/xhtml">
<head>
    <title>BabyPlanTest</title>
    <meta name="generator" content="HTMLTestRunner 0.8.2"/>
    <meta http-equiv="Content-Type" content="text/html; charset=UTF-8"/>
    
<style type="text/css" media="screen">
body        { font-family: verdana, arial, helvetica, sans-serif; font-size: 80%; }
table       { font-size: 100%; }
pre         { }

/* -- heading ---------------------------------------------------------------------- */
h1 {
	font-size: 16pt;
	color: gray;
}
.heading {
    margin-top: 0ex;
    margin-bottom: 1ex;
}

.heading .attribute {
    margin-top: 1ex;
    margin-bottom: 0;
}

.heading .description {
    margin-top: 4ex;
    margin-bottom: 6ex;
}

/* -- css div popup ------------------------------------------------------------------------ */
a.popup_link {
}

a.popup_link:hover {
    color: red;
}

.popup_window {
    display: none;
    position: relative;
    left: 0px;
    top: 0px;
    /*border: solid #627173 1px; */
    padding: 10px;
    background-color: #E6E6D6;
    font-family: "Lucida Console", "Courier New", Courier, monospace;
    text-align: left;
    font-size: 8pt;
    width: 500px;
}

}
/* -- report ------------------------------------------------------------------------ */
#show_detail_line {
    margin-top: 3ex;
    margin-bottom: 1ex;
}
#result_table {
    width: 80%;
    border-collapse: collapse;
    border: 1px solid #777;
}
#header_row {
    font-weight: bold;
    color: white;
    background-color: #777;
}
#result_table td {
    border: 1px solid #777;
    padding: 2px;
}
#total_row  { font-weight: bold; }
.passClass  { background-color: #6c6; }
.failClass  { background-color: #c60; }
.errorClass { background-color: #c00; }
.passCase   { color: #6c6; }
.failCase   { color: #c60; font-weight: bold; }
.errorCase  { color: #c00; font-weight: bold; }
.hiddenRow  { display: none; }
.testcase   { margin-left: 2em; }


/* -- ending ---------------------------------------------------------------------- */
#ending {
}

</style>

</head>
<body>
<script language="javascript" type="text/javascript"><!--
output_list = Array();

/* level - 0:Summary; 1:Failed; 2:All */
function showCase(level) {
    trs = document.getElementsByTagName("tr");
    for (var i = 0; i < trs.length; i++) {
        tr = trs[i];
        id = tr.id;
        if (id.substr(0,2) == 'ft') {
            if (level < 1) {
                tr.className = 'hiddenRow';
            }
            else {
                tr.className = '';
            }
        }
        if (id.substr(0,2) == 'pt') {
            if (level > 1) {
                tr.className = '';
            }
            else {
                tr.className = 'hiddenRow';
            }
        }
    }
}


function showClassDetail(cid, count) {
    var id_list = Array(count);
    var toHide = 1;
    for (var i = 0; i < count; i++) {
        tid0 = 't' + cid.substr(1) + '.' + (i+1);
        tid = 'f' + tid0;
        tr = document.getElementById(tid);
        if (!tr) {
            tid = 'p' + tid0;
            tr = document.getElementById(tid);
        }
        id_list[i] = tid;
        if (tr.className) {
            toHide = 0;
        }
    }
    for (var i = 0; i < count; i++) {
        tid = id_list[i];
        if (toHide) {
            document.getElementById('div_'+tid).style.display = 'none'
            document.getElementById(tid).className = 'hiddenRow';
        }
        else {
            document.getElementById(tid).className = '';
        }
    }
}


function showTestDetail(div_id){
    var details_div = document.getElementById(div_id)
    var displayState = details_div.style.display
    // alert(displayState)
    if (displayState != 'block' ) {
        displayState = 'block'
        details_div.style.display = 'block'
    }
    else {
        details_div.style.display = 'none'
    }
}


function html_escape(s) {
    s = s.replace(/&/g,'&amp;');
    s = s.replace(/</g,'&lt;');
    s = s.replace(/>/g,'&gt;');
    return s;
}

/* obsoleted by detail in <div>
function showOutput(id, name) {
    var w = window.open("", //url
                    name,
                    "resizable,scrollbars,status,width=800,height=450");
    d = w.document;
    d.write("<pre>");
    d.write(html_escape(output_list[id]));
    d.write("\n");
    d.write("<a href='javascript:window.close()'>close</a>\n");
    d.write("</pre>\n");
    d.close();
}
*/
--></script>

<div class='heading'>
<h1>BabyPlanTest</h1>
<p class='attribute'><strong>Start Time:</strong> 2018-06-08 02:25:17</p>
<p class='attribute'><strong>Duration:</strong> 0:03:05.207593</p>
<p class='attribute'><strong>Status:</strong> Pass 20 Failure 2 Error 5</p>

<p class='description'>report 2</p>
</div>



<p id='show_detail_line'>Show
<a href='javascript:showCase(0)'>Summary</a>
<a href='javascript:showCase(1)'>Failed</a>
<a href='javascript:showCase(2)'>All</a>
</p>
<table id='result_table'>
<colgroup>
<col align='left' />
<col align='right' />
<col align='right' />
<col align='right' />
<col align='right' />
<col align='right' />
</colgroup>
<tr id='header_row'>
    <td>Test Group/Test case</td>
    <td>Count</td>
    <td>Pass</td>
    <td>Fail</td>
    <td>Error</td>
    <td>View</td>
</tr>

<tr class='errorClass'>
    <td>two.test_admin_001.MyTestCase</td>
    <td>27</td>
    <td>20</td>
    <td>2</td>
    <td>5</td>
    <td><a href="javascript:showClassDetail('c1',27)">Detail</a></td>
</tr>

<tr id='ft1.1' class='none'>
    <td class='errorCase'><div class='testcase'>test_001: 管理员主页-学习资料管理功能查看调用测试</div></td>
    <td colspan='5' align='center'>

    <!--css div popup start-->
    <a class="popup_link" onfocus='this.blur();' href="javascript:showTestDetail('div_ft1.1')" >
        error</a>

    <div id='div_ft1.1' class="popup_window">
        <div style='text-align: right; color:red;cursor:pointer'>
        <a onfocus='this.blur();' onclick="document.getElementById('div_ft1.1').style.display = 'none' " >
           [x]</a>
        </div>
        <pre>
        
ft1.1: Traceback (most recent call last):
  File "C:\zktest\case\two\test_admin_001.py", line 29, in test_001
    driver.find_element_by_link_text("学习资料管理").click()
  File "C:\Python36\lib\site-packages\selenium\webdriver\remote\webdriver.py", line 317, in find_element_by_link_text
    return self.find_element(by=By.LINK_TEXT, value=link_text)
  File "C:\Python36\lib\site-packages\selenium\webdriver\remote\webdriver.py", line 752, in find_element
    'value': value})['value']
  File "C:\Python36\lib\site-packages\selenium\webdriver\remote\webdriver.py", line 236, in execute
    self.error_handler.check_response(response)
  File "C:\Python36\lib\site-packages\selenium\webdriver\remote\errorhandler.py", line 191, in check_response
    raise exception_class(message, screen, stacktrace, value['alert'].get('text'))
selenium.common.exceptions.UnexpectedAlertPresentException: Alert Text: 用户名或密码错误！
Message: Unexpected modal dialog (text: 用户名或密码错误！)
Stacktrace:
    at fxdriver.modals.closeUnhandledAlert/&lt; (file:///C:/Users/fq/AppData/Local/Temp/tmp6xey94dx/extensions/fxdriver@googlecode.com/components/command-processor.js:10085)
    at fxdriver.modals.isModalPresent/&lt; (file:///C:/Users/fq/AppData/Local/Temp/tmp6xey94dx/extensions/fxdriver@googlecode.com/components/command-processor.js:9993)
    at fxdriver.Timer.prototype.runWhenTrue/g (file:///C:/Users/fq/AppData/Local/Temp/tmp6xey94dx/extensions/fxdriver@googlecode.com/components/command-processor.js:631)
    at fxdriver.Timer.prototype.runWhenTrue (file:///C:/Users/fq/AppData/Local/Temp/tmp6xey94dx/extensions/fxdriver@googlecode.com/components/command-processor.js:633)
    at fxdriver.modals.isModalPresent (file:///C:/Users/fq/AppData/Local/Temp/tmp6xey94dx/extensions/fxdriver@googlecode.com/components/command-processor.js:9989)
    at fxdriver.modals.closeUnhandledAlert (file:///C:/Users/fq/AppData/Local/Temp/tmp6xey94dx/extensions/fxdriver@googlecode.com/components/command-processor.js:10074)
    at nsCommandProcessor.prototype.execute (file:///C:/Users/fq/AppData/Local/Temp/tmp6xey94dx/extensions/fxdriver@googlecode.com/components/command-processor.js:12731)
    at Dispatcher.executeAs/&lt; (file:///C:/Users/fq/AppData/Local/Temp/tmp6xey94dx/extensions/fxdriver@googlecode.com/components/driver-component.js:9558)
    at Resource.prototype.handle (file:///C:/Users/fq/AppData/Local/Temp/tmp6xey94dx/extensions/fxdriver@googlecode.com/components/driver-component.js:9705)
    at Dispatcher.prototype.dispatch (file:///C:/Users/fq/AppData/Local/Temp/tmp6xey94dx/extensions/fxdriver@googlecode.com/components/driver-component.js:9652)
    at WebDriverServer/&lt;.handle (file:///C:/Users/fq/AppData/Local/Temp/tmp6xey94dx/extensions/fxdriver@googlecode.com/components/driver-component.js:12517)
    at createHandlerFunc/&lt; (file:///C:/Users/fq/AppData/Local/Temp/tmp6xey94dx/extensions/fxdriver@googlecode.com/components/httpd.js:2054)
    at ServerHandler.prototype.handleResponse (file:///C:/Users/fq/AppData/Local/Temp/tmp6xey94dx/extensions/fxdriver@googlecode.com/components/httpd.js:2387)
    at Connection.prototype.process (file:///C:/Users/fq/AppData/Local/Temp/tmp6xey94dx/extensions/fxdriver@googlecode.com/components/httpd.js:1223)
    at RequestReader.prototype._handleResponse (file:///C:/Users/fq/AppData/Local/Temp/tmp6xey94dx/extensions/fxdriver@googlecode.com/components/httpd.js:1677)
    at RequestReader.prototype._processBody (file:///C:/Users/fq/AppData/Local/Temp/tmp6xey94dx/extensions/fxdriver@googlecode.com/components/httpd.js:1525)
    at RequestReader.prototype.onInputStreamReady (file:///C:/Users/fq/AppData/Local/Temp/tmp6xey94dx/extensions/fxdriver@googlecode.com/components/httpd.js:1393)
    at openModalWindow (resource://gre/components/nsPrompter.js:360)
    at ModalPrompter.prototype.openPrompt (resource://gre/components/nsPrompter.js:550)
    at ModalPrompter.prototype.alert (resource://gre/components/nsPrompter.js:602)
    at ObservingAlert.prototype.alert (file:///C:/Users/fq/AppData/Local/Temp/tmp6xey94dx/extensions/fxdriver@googlecode.com/components/prompt-service.js:4745)
    at &lt;anonymous&gt; (http://localhost:8080/BabyPlan/js/login.js:6)
    at b.Callbacks/c (http://localhost:8080/BabyPlan/js/jquery-1.9.1.min.js:1)
    at b.Callbacks/p.fireWith (http://localhost:8080/BabyPlan/js/jquery-1.9.1.min.js:1)
    at k (http://localhost:8080/BabyPlan/js/jquery-1.9.1.min.js:3)
    at .send/r (http://localhost:8080/BabyPlan/js/jquery-1.9.1.min.js:3)
    at .send (http://localhost:8080/BabyPlan/js/jquery-1.9.1.min.js:3)
    at .ajax (http://localhost:8080/BabyPlan/js/jquery-1.9.1.min.js:3)
    at b[n]@http://localhost:8080/BabyPlan/js/jquery-1.9.1.min.js (?:?)
    at &lt;anonymous&gt; (http://localhost:8080/BabyPlan/js/login.js:4)
    at b.event.dispatch (http://localhost:8080/BabyPlan/js/jquery-1.9.1.min.js:1)
    at b.event.add/v.handle (http://localhost:8080/BabyPlan/js/jquery-1.9.1.min.js:1)
    at SyntheticMouse.EventEmitter.prototype.fireMouseEvent (file:///C:/Users/fq/AppData/Local/Temp/tmp6xey94dx/extensions/fxdriver@googlecode.com/components/synthetic-mouse.js:11300)
    at bot.Device.prototype.fireMouseEvent (file:///C:/Users/fq/AppData/Local/Temp/tmp6xey94dx/extensions/fxdriver@googlecode.com/components/synthetic-mouse.js:9660)
    at bot.Mouse.prototype.fireMouseEvent_ (file:///C:/Users/fq/AppData/Local/Temp/tmp6xey94dx/extensions/fxdriver@googlecode.com/components/synthetic-mouse.js:10180)
    at bot.Mouse.prototype.releaseButton (file:///C:/Users/fq/AppData/Local/Temp/tmp6xey94dx/extensions/fxdriver@googlecode.com/components/synthetic-mouse.js:10129)
    at bot.action.click (file:///C:/Users/fq/AppData/Local/Temp/tmp6xey94dx/extensions/fxdriver@googlecode.com/components/synthetic-mouse.js:10790)
    at SyntheticMouse.prototype.click (file:///C:/Users/fq/AppData/Local/Temp/tmp6xey94dx/extensions/fxdriver@googlecode.com/components/synthetic-mouse.js:11206)
    at WebElement.clickElement (file:///C:/Users/fq/AppData/Local/Temp/tmp6xey94dx/extensions/fxdriver@googlecode.com/components/command-processor.js:12088)
    at DelayedCommand.prototype.executeInternal_/h (file:///C:/Users/fq/AppData/Local/Temp/tmp6xey94dx/extensions/fxdriver@googlecode.com/components/command-processor.js:12661)
    at DelayedCommand.prototype.executeInternal_ (file:///C:/Users/fq/AppData/Local/Temp/tmp6xey94dx/extensions/fxdriver@googlecode.com/components/command-processor.js:12666)
    at DelayedCommand.prototype.execute/&lt; (file:///C:/Users/fq/AppData/Local/Temp/tmp6xey94dx/extensions/fxdriver@googlecode.com/components/command-processor.js:12608)
Traceback (most recent call last):
  File "C:\zktest\case\two\test_admin_001.py", line 29, in test_001
    driver.find_element_by_link_text("学习资料管理").click()
  File "C:\Python36\lib\site-packages\selenium\webdriver\remote\webdriver.py", line 317, in find_element_by_link_text
    return self.find_element(by=By.LINK_TEXT, value=link_text)
  File "C:\Python36\lib\site-packages\selenium\webdriver\remote\webdriver.py", line 752, in find_element
    'value': value})['value']
  File "C:\Python36\lib\site-packages\selenium\webdriver\remote\webdriver.py", line 236, in execute
    self.error_handler.check_response(response)
  File "C:\Python36\lib\site-packages\selenium\webdriver\remote\errorhandler.py", line 191, in check_response
    raise exception_class(message, screen, stacktrace, value['alert'].get('text'))
selenium.common.exceptions.UnexpectedAlertPresentException: Alert Text: 用户名或密码错误！
Message: Unexpected modal dialog (text: 用户名或密码错误！)
Stacktrace:
    at fxdriver.modals.closeUnhandledAlert/&lt; (file:///C:/Users/fq/AppData/Local/Temp/tmp6xey94dx/extensions/fxdriver@googlecode.com/components/command-processor.js:10085)
    at fxdriver.modals.isModalPresent/&lt; (file:///C:/Users/fq/AppData/Local/Temp/tmp6xey94dx/extensions/fxdriver@googlecode.com/components/command-processor.js:9993)
    at fxdriver.Timer.prototype.runWhenTrue/g (file:///C:/Users/fq/AppData/Local/Temp/tmp6xey94dx/extensions/fxdriver@googlecode.com/components/command-processor.js:631)
    at fxdriver.Timer.prototype.runWhenTrue (file:///C:/Users/fq/AppData/Local/Temp/tmp6xey94dx/extensions/fxdriver@googlecode.com/components/command-processor.js:633)
    at fxdriver.modals.isModalPresent (file:///C:/Users/fq/AppData/Local/Temp/tmp6xey94dx/extensions/fxdriver@googlecode.com/components/command-processor.js:9989)
    at fxdriver.modals.closeUnhandledAlert (file:///C:/Users/fq/AppData/Local/Temp/tmp6xey94dx/extensions/fxdriver@googlecode.com/components/command-processor.js:10074)
    at nsCommandProcessor.prototype.execute (file:///C:/Users/fq/AppData/Local/Temp/tmp6xey94dx/extensions/fxdriver@googlecode.com/components/command-processor.js:12731)
    at Dispatcher.executeAs/&lt; (file:///C:/Users/fq/AppData/Local/Temp/tmp6xey94dx/extensions/fxdriver@googlecode.com/components/driver-component.js:9558)
    at Resource.prototype.handle (file:///C:/Users/fq/AppData/Local/Temp/tmp6xey94dx/extensions/fxdriver@googlecode.com/components/driver-component.js:9705)
    at Dispatcher.prototype.dispatch (file:///C:/Users/fq/AppData/Local/Temp/tmp6xey94dx/extensions/fxdriver@googlecode.com/components/driver-component.js:9652)
    at WebDriverServer/&lt;.handle (file:///C:/Users/fq/AppData/Local/Temp/tmp6xey94dx/extensions/fxdriver@googlecode.com/components/driver-component.js:12517)
    at createHandlerFunc/&lt; (file:///C:/Users/fq/AppData/Local/Temp/tmp6xey94dx/extensions/fxdriver@googlecode.com/components/httpd.js:2054)
    at ServerHandler.prototype.handleResponse (file:///C:/Users/fq/AppData/Local/Temp/tmp6xey94dx/extensions/fxdriver@googlecode.com/components/httpd.js:2387)
    at Connection.prototype.process (file:///C:/Users/fq/AppData/Local/Temp/tmp6xey94dx/extensions/fxdriver@googlecode.com/components/httpd.js:1223)
    at RequestReader.prototype._handleResponse (file:///C:/Users/fq/AppData/Local/Temp/tmp6xey94dx/extensions/fxdriver@googlecode.com/components/httpd.js:1677)
    at RequestReader.prototype._processBody (file:///C:/Users/fq/AppData/Local/Temp/tmp6xey94dx/extensions/fxdriver@googlecode.com/components/httpd.js:1525)
    at RequestReader.prototype.onInputStreamReady (file:///C:/Users/fq/AppData/Local/Temp/tmp6xey94dx/extensions/fxdriver@googlecode.com/components/httpd.js:1393)
    at openModalWindow (resource://gre/components/nsPrompter.js:360)
    at ModalPrompter.prototype.openPrompt (resource://gre/components/nsPrompter.js:550)
    at ModalPrompter.prototype.alert (resource://gre/components/nsPrompter.js:602)
    at ObservingAlert.prototype.alert (file:///C:/Users/fq/AppData/Local/Temp/tmp6xey94dx/extensions/fxdriver@googlecode.com/components/prompt-service.js:4745)
    at &lt;anonymous&gt; (http://localhost:8080/BabyPlan/js/login.js:6)
    at b.Callbacks/c (http://localhost:8080/BabyPlan/js/jquery-1.9.1.min.js:1)
    at b.Callbacks/p.fireWith (http://localhost:8080/BabyPlan/js/jquery-1.9.1.min.js:1)
    at k (http://localhost:8080/BabyPlan/js/jquery-1.9.1.min.js:3)
    at .send/r (http://localhost:8080/BabyPlan/js/jquery-1.9.1.min.js:3)
    at .send (http://localhost:8080/BabyPlan/js/jquery-1.9.1.min.js:3)
    at .ajax (http://localhost:8080/BabyPlan/js/jquery-1.9.1.min.js:3)
    at b[n]@http://localhost:8080/BabyPlan/js/jquery-1.9.1.min.js (?:?)
    at &lt;anonymous&gt; (http://localhost:8080/BabyPlan/js/login.js:4)
    at b.event.dispatch (http://localhost:8080/BabyPlan/js/jquery-1.9.1.min.js:1)
    at b.event.add/v.handle (http://localhost:8080/BabyPlan/js/jquery-1.9.1.min.js:1)
    at SyntheticMouse.EventEmitter.prototype.fireMouseEvent (file:///C:/Users/fq/AppData/Local/Temp/tmp6xey94dx/extensions/fxdriver@googlecode.com/components/synthetic-mouse.js:11300)
    at bot.Device.prototype.fireMouseEvent (file:///C:/Users/fq/AppData/Local/Temp/tmp6xey94dx/extensions/fxdriver@googlecode.com/components/synthetic-mouse.js:9660)
    at bot.Mouse.prototype.fireMouseEvent_ (file:///C:/Users/fq/AppData/Local/Temp/tmp6xey94dx/extensions/fxdriver@googlecode.com/components/synthetic-mouse.js:10180)
    at bot.Mouse.prototype.releaseButton (file:///C:/Users/fq/AppData/Local/Temp/tmp6xey94dx/extensions/fxdriver@googlecode.com/components/synthetic-mouse.js:10129)
    at bot.action.click (file:///C:/Users/fq/AppData/Local/Temp/tmp6xey94dx/extensions/fxdriver@googlecode.com/components/synthetic-mouse.js:10790)
    at SyntheticMouse.prototype.click (file:///C:/Users/fq/AppData/Local/Temp/tmp6xey94dx/extensions/fxdriver@googlecode.com/components/synthetic-mouse.js:11206)
    at WebElement.clickElement (file:///C:/Users/fq/AppData/Local/Temp/tmp6xey94dx/extensions/fxdriver@googlecode.com/components/command-processor.js:12088)
    at DelayedCommand.prototype.executeInternal_/h (file:///C:/Users/fq/AppData/Local/Temp/tmp6xey94dx/extensions/fxdriver@googlecode.com/components/command-processor.js:12661)
    at DelayedCommand.prototype.executeInternal_ (file:///C:/Users/fq/AppData/Local/Temp/tmp6xey94dx/extensions/fxdriver@googlecode.com/components/command-processor.js:12666)
    at DelayedCommand.prototype.execute/&lt; (file:///C:/Users/fq/AppData/Local/Temp/tmp6xey94dx/extensions/fxdriver@googlecode.com/components/command-processor.js:12608)


        </pre>
    </div>
    <!--css div popup end-->

    </td>
</tr>

<tr id='ft1.2' class='none'>
    <td class='errorCase'><div class='testcase'>test_002: 管理员主页-学习资料管理功能上传调用测试</div></td>
    <td colspan='5' align='center'>

    <!--css div popup start-->
    <a class="popup_link" onfocus='this.blur();' href="javascript:showTestDetail('div_ft1.2')" >
        error</a>

    <div id='div_ft1.2' class="popup_window">
        <div style='text-align: right; color:red;cursor:pointer'>
        <a onfocus='this.blur();' onclick="document.getElementById('div_ft1.2').style.display = 'none' " >
           [x]</a>
        </div>
        <pre>
        
ft1.2: Traceback (most recent call last):
  File "C:\zktest\case\two\test_admin_001.py", line 43, in test_002
    driver.find_element_by_xpath("html/body/form[6]/div/div/div/table/tbody/tr[1]/td[2]/input").send_keys("软件测试")
  File "C:\Python36\lib\site-packages\selenium\webdriver\remote\webdriver.py", line 293, in find_element_by_xpath
    return self.find_element(by=By.XPATH, value=xpath)
  File "C:\Python36\lib\site-packages\selenium\webdriver\remote\webdriver.py", line 752, in find_element
    'value': value})['value']
  File "C:\Python36\lib\site-packages\selenium\webdriver\remote\webdriver.py", line 236, in execute
    self.error_handler.check_response(response)
  File "C:\Python36\lib\site-packages\selenium\webdriver\remote\errorhandler.py", line 192, in check_response
    raise exception_class(message, screen, stacktrace)
selenium.common.exceptions.NoSuchElementException: Message: Unable to locate element: {"method":"xpath","selector":"html/body/form[6]/div/div/div/table/tbody/tr[1]/td[2]/input"}
Stacktrace:
    at FirefoxDriver.prototype.findElementInternal_ (file:///C:/Users/fq/AppData/Local/Temp/tmpubuwehnw/extensions/fxdriver@googlecode.com/components/driver-component.js:10770)
    at fxdriver.Timer.prototype.setTimeout/&lt;.notify (file:///C:/Users/fq/AppData/Local/Temp/tmpubuwehnw/extensions/fxdriver@googlecode.com/components/driver-component.js:625)
Traceback (most recent call last):
  File "C:\zktest\case\two\test_admin_001.py", line 43, in test_002
    driver.find_element_by_xpath("html/body/form[6]/div/div/div/table/tbody/tr[1]/td[2]/input").send_keys("软件测试")
  File "C:\Python36\lib\site-packages\selenium\webdriver\remote\webdriver.py", line 293, in find_element_by_xpath
    return self.find_element(by=By.XPATH, value=xpath)
  File "C:\Python36\lib\site-packages\selenium\webdriver\remote\webdriver.py", line 752, in find_element
    'value': value})['value']
  File "C:\Python36\lib\site-packages\selenium\webdriver\remote\webdriver.py", line 236, in execute
    self.error_handler.check_response(response)
  File "C:\Python36\lib\site-packages\selenium\webdriver\remote\errorhandler.py", line 192, in check_response
    raise exception_class(message, screen, stacktrace)
selenium.common.exceptions.NoSuchElementException: Message: Unable to locate element: {"method":"xpath","selector":"html/body/form[6]/div/div/div/table/tbody/tr[1]/td[2]/input"}
Stacktrace:
    at FirefoxDriver.prototype.findElementInternal_ (file:///C:/Users/fq/AppData/Local/Temp/tmpubuwehnw/extensions/fxdriver@googlecode.com/components/driver-component.js:10770)
    at fxdriver.Timer.prototype.setTimeout/&lt;.notify (file:///C:/Users/fq/AppData/Local/Temp/tmpubuwehnw/extensions/fxdriver@googlecode.com/components/driver-component.js:625)


        </pre>
    </div>
    <!--css div popup end-->

    </td>
</tr>

<tr id='ft1.3' class='none'>
    <td class='errorCase'><div class='testcase'>test_003: 管理员主页-学习资料管理功能删除调用测试</div></td>
    <td colspan='5' align='center'>

    <!--css div popup start-->
    <a class="popup_link" onfocus='this.blur();' href="javascript:showTestDetail('div_ft1.3')" >
        error</a>

    <div id='div_ft1.3' class="popup_window">
        <div style='text-align: right; color:red;cursor:pointer'>
        <a onfocus='this.blur();' onclick="document.getElementById('div_ft1.3').style.display = 'none' " >
           [x]</a>
        </div>
        <pre>
        
ft1.3: Traceback (most recent call last):
  File "C:\zktest\case\two\test_admin_001.py", line 63, in test_003
    xtr2=driver.find_element_by_xpath("html/body/div[1]/table/tbody[2]/tr[1]/td[3]").get_attribute("textContent")
  File "C:\Python36\lib\site-packages\selenium\webdriver\remote\webdriver.py", line 293, in find_element_by_xpath
    return self.find_element(by=By.XPATH, value=xpath)
  File "C:\Python36\lib\site-packages\selenium\webdriver\remote\webdriver.py", line 752, in find_element
    'value': value})['value']
  File "C:\Python36\lib\site-packages\selenium\webdriver\remote\webdriver.py", line 236, in execute
    self.error_handler.check_response(response)
  File "C:\Python36\lib\site-packages\selenium\webdriver\remote\errorhandler.py", line 192, in check_response
    raise exception_class(message, screen, stacktrace)
selenium.common.exceptions.NoSuchElementException: Message: Unable to locate element: {"method":"xpath","selector":"html/body/div[1]/table/tbody[2]/tr[1]/td[3]"}
Stacktrace:
    at FirefoxDriver.prototype.findElementInternal_ (file:///C:/Users/fq/AppData/Local/Temp/tmp7ablo4m9/extensions/fxdriver@googlecode.com/components/driver-component.js:10770)
    at fxdriver.Timer.prototype.setTimeout/&lt;.notify (file:///C:/Users/fq/AppData/Local/Temp/tmp7ablo4m9/extensions/fxdriver@googlecode.com/components/driver-component.js:625)
Traceback (most recent call last):
  File "C:\zktest\case\two\test_admin_001.py", line 63, in test_003
    xtr2=driver.find_element_by_xpath("html/body/div[1]/table/tbody[2]/tr[1]/td[3]").get_attribute("textContent")
  File "C:\Python36\lib\site-packages\selenium\webdriver\remote\webdriver.py", line 293, in find_element_by_xpath
    return self.find_element(by=By.XPATH, value=xpath)
  File "C:\Python36\lib\site-packages\selenium\webdriver\remote\webdriver.py", line 752, in find_element
    'value': value})['value']
  File "C:\Python36\lib\site-packages\selenium\webdriver\remote\webdriver.py", line 236, in execute
    self.error_handler.check_response(response)
  File "C:\Python36\lib\site-packages\selenium\webdriver\remote\errorhandler.py", line 192, in check_response
    raise exception_class(message, screen, stacktrace)
selenium.common.exceptions.NoSuchElementException: Message: Unable to locate element: {"method":"xpath","selector":"html/body/div[1]/table/tbody[2]/tr[1]/td[3]"}
Stacktrace:
    at FirefoxDriver.prototype.findElementInternal_ (file:///C:/Users/fq/AppData/Local/Temp/tmp7ablo4m9/extensions/fxdriver@googlecode.com/components/driver-component.js:10770)
    at fxdriver.Timer.prototype.setTimeout/&lt;.notify (file:///C:/Users/fq/AppData/Local/Temp/tmp7ablo4m9/extensions/fxdriver@googlecode.com/components/driver-component.js:625)


        </pre>
    </div>
    <!--css div popup end-->

    </td>
</tr>

<tr id='pt1.4' class='hiddenRow'>
    <td class='none'><div class='testcase'>test_004: 管理员主页-学习资料管理功能按标题搜索调用测试</div></td>
    <td colspan='5' align='center'>pass</td>
</tr>

<tr id='pt1.5' class='hiddenRow'>
    <td class='none'><div class='testcase'>test_005: 管理员主页-学习资料管理功能按类别搜索调用测试</div></td>
    <td colspan='5' align='center'>pass</td>
</tr>

<tr id='pt1.6' class='hiddenRow'>
    <td class='none'><div class='testcase'>test_006: 管理员主页-学习资料管理功能默认搜索调用测试</div></td>
    <td colspan='5' align='center'>pass</td>
</tr>

<tr id='pt1.7' class='hiddenRow'>
    <td class='none'><div class='testcase'>test_007: 管理员主页-学习资料管理功能按标题和类别搜索调用测试</div></td>
    <td colspan='5' align='center'>pass</td>
</tr>

<tr id='pt1.8' class='hiddenRow'>
    <td class='none'><div class='testcase'>test_008: 管理员主页-育儿知识管理功能查看调用测试用例</div></td>
    <td colspan='5' align='center'>pass</td>
</tr>

<tr id='pt1.9' class='hiddenRow'>
    <td class='none'><div class='testcase'>test_009: 管理员主页-育儿知识管理功能默认搜索调用测试用例</div></td>
    <td colspan='5' align='center'>pass</td>
</tr>

<tr id='pt1.10' class='hiddenRow'>
    <td class='none'><div class='testcase'>test_010: 管理员主页-育儿知识管理功能按类别搜索调用测试用例</div></td>
    <td colspan='5' align='center'>pass</td>
</tr>

<tr id='pt1.11' class='hiddenRow'>
    <td class='none'><div class='testcase'>test_011: 管理员主页-育儿知识管理功能按标题搜索调用测试用例</div></td>
    <td colspan='5' align='center'>pass</td>
</tr>

<tr id='pt1.12' class='hiddenRow'>
    <td class='none'><div class='testcase'>test_012: 管理员主页-育儿知识管理功能按类别和标题搜索调用测试用例</div></td>
    <td colspan='5' align='center'>pass</td>
</tr>

<tr id='ft1.13' class='none'>
    <td class='errorCase'><div class='testcase'>test_013: 管理员主页-育儿知识管理功能删除调用测试用例</div></td>
    <td colspan='5' align='center'>

    <!--css div popup start-->
    <a class="popup_link" onfocus='this.blur();' href="javascript:showTestDetail('div_ft1.13')" >
        error</a>

    <div id='div_ft1.13' class="popup_window">
        <div style='text-align: right; color:red;cursor:pointer'>
        <a onfocus='this.blur();' onclick="document.getElementById('div_ft1.13').style.display = 'none' " >
           [x]</a>
        </div>
        <pre>
        
ft1.13: Traceback (most recent call last):
  File "C:\zktest\case\two\test_admin_001.py", line 174, in test_013
    driver.find_element_by_xpath("html/body/div[1]/div/form/input[2]").click()
  File "C:\Python36\lib\site-packages\selenium\webdriver\remote\webdriver.py", line 293, in find_element_by_xpath
    return self.find_element(by=By.XPATH, value=xpath)
  File "C:\Python36\lib\site-packages\selenium\webdriver\remote\webdriver.py", line 752, in find_element
    'value': value})['value']
  File "C:\Python36\lib\site-packages\selenium\webdriver\remote\webdriver.py", line 236, in execute
    self.error_handler.check_response(response)
  File "C:\Python36\lib\site-packages\selenium\webdriver\remote\errorhandler.py", line 192, in check_response
    raise exception_class(message, screen, stacktrace)
selenium.common.exceptions.NoSuchElementException: Message: Unable to locate element: {"method":"xpath","selector":"html/body/div[1]/div/form/input[2]"}
Stacktrace:
    at FirefoxDriver.prototype.findElementInternal_ (file:///C:/Users/fq/AppData/Local/Temp/tmpszb3et__/extensions/fxdriver@googlecode.com/components/driver-component.js:10770)
    at fxdriver.Timer.prototype.setTimeout/&lt;.notify (file:///C:/Users/fq/AppData/Local/Temp/tmpszb3et__/extensions/fxdriver@googlecode.com/components/driver-component.js:625)
Traceback (most recent call last):
  File "C:\zktest\case\two\test_admin_001.py", line 174, in test_013
    driver.find_element_by_xpath("html/body/div[1]/div/form/input[2]").click()
  File "C:\Python36\lib\site-packages\selenium\webdriver\remote\webdriver.py", line 293, in find_element_by_xpath
    return self.find_element(by=By.XPATH, value=xpath)
  File "C:\Python36\lib\site-packages\selenium\webdriver\remote\webdriver.py", line 752, in find_element
    'value': value})['value']
  File "C:\Python36\lib\site-packages\selenium\webdriver\remote\webdriver.py", line 236, in execute
    self.error_handler.check_response(response)
  File "C:\Python36\lib\site-packages\selenium\webdriver\remote\errorhandler.py", line 192, in check_response
    raise exception_class(message, screen, stacktrace)
selenium.common.exceptions.NoSuchElementException: Message: Unable to locate element: {"method":"xpath","selector":"html/body/div[1]/div/form/input[2]"}
Stacktrace:
    at FirefoxDriver.prototype.findElementInternal_ (file:///C:/Users/fq/AppData/Local/Temp/tmpszb3et__/extensions/fxdriver@googlecode.com/components/driver-component.js:10770)
    at fxdriver.Timer.prototype.setTimeout/&lt;.notify (file:///C:/Users/fq/AppData/Local/Temp/tmpszb3et__/extensions/fxdriver@googlecode.com/components/driver-component.js:625)


        </pre>
    </div>
    <!--css div popup end-->

    </td>
</tr>

<tr id='pt1.14' class='hiddenRow'>
    <td class='none'><div class='testcase'>test_014: 管理员主页-育儿知识管理功能上传纯文本调用测试用例</div></td>
    <td colspan='5' align='center'>pass</td>
</tr>

<tr id='pt1.15' class='hiddenRow'>
    <td class='none'><div class='testcase'>test_015: 管理员主页-育儿知识管理功能上传网络图片调用测试用例</div></td>
    <td colspan='5' align='center'>pass</td>
</tr>

<tr id='ft1.16' class='none'>
    <td class='errorCase'><div class='testcase'>test_016: 管理员主页-育儿知识管理功能上传本地图片调用测试用例</div></td>
    <td colspan='5' align='center'>

    <!--css div popup start-->
    <a class="popup_link" onfocus='this.blur();' href="javascript:showTestDetail('div_ft1.16')" >
        error</a>

    <div id='div_ft1.16' class="popup_window">
        <div style='text-align: right; color:red;cursor:pointer'>
        <a onfocus='this.blur();' onclick="document.getElementById('div_ft1.16').style.display = 'none' " >
           [x]</a>
        </div>
        <pre>
        
ft1.16: Traceback (most recent call last):
  File "C:\zktest\case\two\test_admin_001.py", line 222, in test_016
    xtr1=driver.find_element_by_xpath("html/body/div[1]/table/tbody/tr[1]/td[3]").get_attribute("textContent")
  File "C:\Python36\lib\site-packages\selenium\webdriver\remote\webdriver.py", line 293, in find_element_by_xpath
    return self.find_element(by=By.XPATH, value=xpath)
  File "C:\Python36\lib\site-packages\selenium\webdriver\remote\webdriver.py", line 752, in find_element
    'value': value})['value']
  File "C:\Python36\lib\site-packages\selenium\webdriver\remote\webdriver.py", line 236, in execute
    self.error_handler.check_response(response)
  File "C:\Python36\lib\site-packages\selenium\webdriver\remote\errorhandler.py", line 192, in check_response
    raise exception_class(message, screen, stacktrace)
selenium.common.exceptions.NoSuchElementException: Message: Unable to locate element: {"method":"xpath","selector":"html/body/div[1]/table/tbody/tr[1]/td[3]"}
Stacktrace:
    at FirefoxDriver.prototype.findElementInternal_ (file:///C:/Users/fq/AppData/Local/Temp/tmp437rjaxg/extensions/fxdriver@googlecode.com/components/driver-component.js:10770)
    at fxdriver.Timer.prototype.setTimeout/&lt;.notify (file:///C:/Users/fq/AppData/Local/Temp/tmp437rjaxg/extensions/fxdriver@googlecode.com/components/driver-component.js:625)
Traceback (most recent call last):
  File "C:\zktest\case\two\test_admin_001.py", line 222, in test_016
    xtr1=driver.find_element_by_xpath("html/body/div[1]/table/tbody/tr[1]/td[3]").get_attribute("textContent")
  File "C:\Python36\lib\site-packages\selenium\webdriver\remote\webdriver.py", line 293, in find_element_by_xpath
    return self.find_element(by=By.XPATH, value=xpath)
  File "C:\Python36\lib\site-packages\selenium\webdriver\remote\webdriver.py", line 752, in find_element
    'value': value})['value']
  File "C:\Python36\lib\site-packages\selenium\webdriver\remote\webdriver.py", line 236, in execute
    self.error_handler.check_response(response)
  File "C:\Python36\lib\site-packages\selenium\webdriver\remote\errorhandler.py", line 192, in check_response
    raise exception_class(message, screen, stacktrace)
selenium.common.exceptions.NoSuchElementException: Message: Unable to locate element: {"method":"xpath","selector":"html/body/div[1]/table/tbody/tr[1]/td[3]"}
Stacktrace:
    at FirefoxDriver.prototype.findElementInternal_ (file:///C:/Users/fq/AppData/Local/Temp/tmp437rjaxg/extensions/fxdriver@googlecode.com/components/driver-component.js:10770)
    at fxdriver.Timer.prototype.setTimeout/&lt;.notify (file:///C:/Users/fq/AppData/Local/Temp/tmp437rjaxg/extensions/fxdriver@googlecode.com/components/driver-component.js:625)


        </pre>
    </div>
    <!--css div popup end-->

    </td>
</tr>

<tr id='pt1.17' class='hiddenRow'>
    <td class='none'><div class='testcase'>test_017: 管理员主页-育儿心得管理功能查看所有调用测试用例</div></td>
    <td colspan='5' align='center'>pass</td>
</tr>

<tr id='pt1.18' class='hiddenRow'>
    <td class='none'><div class='testcase'>test_018: 管理员主页-育儿心得管理功能默认搜索调用测试用例</div></td>
    <td colspan='5' align='center'>pass</td>
</tr>

<tr id='ft1.19' class='none'>
    <td class='failCase'><div class='testcase'>test_019: 管理员主页-育儿心得管理功能删除调用测试用例</div></td>
    <td colspan='5' align='center'>

    <!--css div popup start-->
    <a class="popup_link" onfocus='this.blur();' href="javascript:showTestDetail('div_ft1.19')" >
        fail</a>

    <div id='div_ft1.19' class="popup_window">
        <div style='text-align: right; color:red;cursor:pointer'>
        <a onfocus='this.blur();' onclick="document.getElementById('div_ft1.19').style.display = 'none' " >
           [x]</a>
        </div>
        <pre>
        
ft1.19: Traceback (most recent call last):
  File "C:\zktest\case\two\test_admin_001.py", line 256, in test_019
    self.assertNotEqual(xtr1,xtr2)
AssertionError: '愿你健康成长' == '愿你健康成长'
Traceback (most recent call last):
  File "C:\zktest\case\two\test_admin_001.py", line 256, in test_019
    self.assertNotEqual(xtr1,xtr2)
AssertionError: '愿你健康成长' == '愿你健康成长'


        </pre>
    </div>
    <!--css div popup end-->

    </td>
</tr>

<tr id='pt1.20' class='hiddenRow'>
    <td class='none'><div class='testcase'>test_020: 管理员主页-育儿心得管理功能按撰写人搜索调用测试用例</div></td>
    <td colspan='5' align='center'>pass</td>
</tr>

<tr id='pt1.21' class='hiddenRow'>
    <td class='none'><div class='testcase'>test_021: 管理员主页-育儿心得管理功能按标题搜索调用测试用例</div></td>
    <td colspan='5' align='center'>pass</td>
</tr>

<tr id='pt1.22' class='hiddenRow'>
    <td class='none'><div class='testcase'>test_022: 管理员主页-育儿心得管理功能按标题和撰写人搜索调用测试用例</div></td>
    <td colspan='5' align='center'>pass</td>
</tr>

<tr id='pt1.23' class='hiddenRow'>
    <td class='none'><div class='testcase'>test_023: 管理员主页-育儿知识管理功能查看内容调用测试用例</div></td>
    <td colspan='5' align='center'>pass</td>
</tr>

<tr id='pt1.24' class='hiddenRow'>
    <td class='none'><div class='testcase'>test_024: 管理员主页-育儿心得管理功能查看内容调用测试用例</div></td>
    <td colspan='5' align='center'>pass</td>
</tr>

<tr id='pt1.25' class='hiddenRow'>
    <td class='none'><div class='testcase'>test_025: 管理员主页-育儿知识管理功能上一页调用测试用例</div></td>
    <td colspan='5' align='center'>pass</td>
</tr>

<tr id='pt1.26' class='hiddenRow'>
    <td class='none'><div class='testcase'>test_026: 管理员主页-育儿知识管理功能下一页调用测试用例</div></td>
    <td colspan='5' align='center'>pass</td>
</tr>

<tr id='ft1.27' class='none'>
    <td class='failCase'><div class='testcase'>test_027: 管理员主页-学习资料管理功能页面跳转调用测试用例</div></td>
    <td colspan='5' align='center'>

    <!--css div popup start-->
    <a class="popup_link" onfocus='this.blur();' href="javascript:showTestDetail('div_ft1.27')" >
        fail</a>

    <div id='div_ft1.27' class="popup_window">
        <div style='text-align: right; color:red;cursor:pointer'>
        <a onfocus='this.blur();' onclick="document.getElementById('div_ft1.27').style.display = 'none' " >
           [x]</a>
        </div>
        <pre>
        
ft1.27: Traceback (most recent call last):
  File "C:\zktest\case\two\test_admin_001.py", line 340, in test_027
    self.assertNotEqual(xtr1,"查无学习资料！")
AssertionError: '查无学习资料！' == '查无学习资料！'
Traceback (most recent call last):
  File "C:\zktest\case\two\test_admin_001.py", line 340, in test_027
    self.assertNotEqual(xtr1,"查无学习资料！")
AssertionError: '查无学习资料！' == '查无学习资料！'


        </pre>
    </div>
    <!--css div popup end-->

    </td>
</tr>

<tr id='total_row'>
    <td>Total</td>
    <td>27</td>
    <td>20</td>
    <td>2</td>
    <td>5</td>
    <td>&nbsp;</td>
</tr>
</table>

<div id='ending'>&nbsp;</div>

</body>
</html>
