<?xml version="1.0" encoding="UTF-8"?>
<!DOCTYPE html PUBLIC "-//W3C//DTD XHTML 1.0 Strict//EN" "http://www.w3.org/TR/xhtml1/DTD/xhtml1-strict.dtd">
<html xmlns="http://www.w3.org/1999/xhtml">
<head>
    <title>这是测试报告</title>
    <meta name="generator" content="HTMLTestRunner 0.8.2"/>
    <meta http-equiv="Content-Type" content="text/html; charset=UTF-8"/>
    
<style type="text/css" media="screen">
body        { font-family: verdana, arial, helvetica, sans-serif; font-size: 80%; }
table       { font-size: 100%; }
pre         { }

/* -- heading ---------------------------------------------------------------------- */
h1 {
	font-size: 16pt;
	color: gray;
}
.heading {
    margin-top: 0ex;
    margin-bottom: 1ex;
}

.heading .attribute {
    margin-top: 1ex;
    margin-bottom: 0;
}

.heading .description {
    margin-top: 4ex;
    margin-bottom: 6ex;
}

/* -- css div popup ------------------------------------------------------------------------ */
a.popup_link {
}

a.popup_link:hover {
    color: red;
}

.popup_window {
    display: none;
    position: relative;
    left: 0px;
    top: 0px;
    /*border: solid #627173 1px; */
    padding: 10px;
    background-color: #E6E6D6;
    font-family: "Lucida Console", "Courier New", Courier, monospace;
    text-align: left;
    font-size: 8pt;
    width: 500px;
}

}
/* -- report ------------------------------------------------------------------------ */
#show_detail_line {
    margin-top: 3ex;
    margin-bottom: 1ex;
}
#result_table {
    width: 80%;
    border-collapse: collapse;
    border: 1px solid #777;
}
#header_row {
    font-weight: bold;
    color: white;
    background-color: #777;
}
#result_table td {
    border: 1px solid #777;
    padding: 2px;
}
#total_row  { font-weight: bold; }
.passClass  { background-color: #6c6; }
.failClass  { background-color: #c60; }
.errorClass { background-color: #c00; }
.passCase   { color: #6c6; }
.failCase   { color: #c60; font-weight: bold; }
.errorCase  { color: #c00; font-weight: bold; }
.hiddenRow  { display: none; }
.testcase   { margin-left: 2em; }


/* -- ending ---------------------------------------------------------------------- */
#ending {
}

</style>

</head>
<body>
<script language="javascript" type="text/javascript"><!--
output_list = Array();

/* level - 0:Summary; 1:Failed; 2:All */
function showCase(level) {
    trs = document.getElementsByTagName("tr");
    for (var i = 0; i < trs.length; i++) {
        tr = trs[i];
        id = tr.id;
        if (id.substr(0,2) == 'ft') {
            if (level < 1) {
                tr.className = 'hiddenRow';
            }
            else {
                tr.className = '';
            }
        }
        if (id.substr(0,2) == 'pt') {
            if (level > 1) {
                tr.className = '';
            }
            else {
                tr.className = 'hiddenRow';
            }
        }
    }
}


function showClassDetail(cid, count) {
    var id_list = Array(count);
    var toHide = 1;
    for (var i = 0; i < count; i++) {
        tid0 = 't' + cid.substr(1) + '.' + (i+1);
        tid = 'f' + tid0;
        tr = document.getElementById(tid);
        if (!tr) {
            tid = 'p' + tid0;
            tr = document.getElementById(tid);
        }
        id_list[i] = tid;
        if (tr.className) {
            toHide = 0;
        }
    }
    for (var i = 0; i < count; i++) {
        tid = id_list[i];
        if (toHide) {
            document.getElementById('div_'+tid).style.display = 'none'
            document.getElementById(tid).className = 'hiddenRow';
        }
        else {
            document.getElementById(tid).className = '';
        }
    }
}


function showTestDetail(div_id){
    var details_div = document.getElementById(div_id)
    var displayState = details_div.style.display
    // alert(displayState)
    if (displayState != 'block' ) {
        displayState = 'block'
        details_div.style.display = 'block'
    }
    else {
        details_div.style.display = 'none'
    }
}


function html_escape(s) {
    s = s.replace(/&/g,'&amp;');
    s = s.replace(/</g,'&lt;');
    s = s.replace(/>/g,'&gt;');
    return s;
}

/* obsoleted by detail in <div>
function showOutput(id, name) {
    var w = window.open("", //url
                    name,
                    "resizable,scrollbars,status,width=800,height=450");
    d = w.document;
    d.write("<pre>");
    d.write(html_escape(output_list[id]));
    d.write("\n");
    d.write("<a href='javascript:window.close()'>close</a>\n");
    d.write("</pre>\n");
    d.close();
}
*/
--></script>

<div class='heading'>
<h1>这是测试报告</h1>
<p class='attribute'><strong>Start Time:</strong> 2018-04-02 15:24:19</p>
<p class='attribute'><strong>Duration:</strong> 0:17:49.830191</p>
<p class='attribute'><strong>Status:</strong> Pass 124 Failure 38 Error 33</p>

<p class='description'>这是测试报告的描述</p>
</div>



<p id='show_detail_line'>Show
<a href='javascript:showCase(0)'>Summary</a>
<a href='javascript:showCase(1)'>Failed</a>
<a href='javascript:showCase(2)'>All</a>
</p>
<table id='result_table'>
<colgroup>
<col align='left' />
<col align='right' />
<col align='right' />
<col align='right' />
<col align='right' />
<col align='right' />
</colgroup>
<tr id='header_row'>
    <td>Test Group/Test case</td>
    <td>Count</td>
    <td>Pass</td>
    <td>Fail</td>
    <td>Error</td>
    <td>View</td>
</tr>

<tr class='errorClass'>
    <td>hanjiaxin.test_baby_001.MyTestBabyPlan</td>
    <td>44</td>
    <td>37</td>
    <td>4</td>
    <td>3</td>
    <td><a href="javascript:showClassDetail('c1',44)">Detail</a></td>
</tr>

<tr id='pt1.1' class='hiddenRow'>
    <td class='none'><div class='testcase'>test_001</div></td>
    <td colspan='5' align='center'>pass</td>
</tr>

<tr id='pt1.2' class='hiddenRow'>
    <td class='none'><div class='testcase'>test_006: 验证“育儿知识”标题下的位置导航栏是否正常实现</div></td>
    <td colspan='5' align='center'>pass</td>
</tr>

<tr id='pt1.3' class='hiddenRow'>
    <td class='none'><div class='testcase'>test_009: 验证“安全教育”里“返回上一页”功能是否实现</div></td>
    <td colspan='5' align='center'>pass</td>
</tr>

<tr id='pt1.4' class='hiddenRow'>
    <td class='none'><div class='testcase'>test__002: 爸妈天地>照片列表的页面</div></td>
    <td colspan='5' align='center'>pass</td>
</tr>

<tr id='pt1.5' class='hiddenRow'>
    <td class='none'><div class='testcase'>test__003: 爸妈天地>撰写心得的页面切换</div></td>
    <td colspan='5' align='center'>pass</td>
</tr>

<tr id='pt1.6' class='hiddenRow'>
    <td class='none'><div class='testcase'>test__004: 爸妈天地>心得列表的页面切换</div></td>
    <td colspan='5' align='center'>pass</td>
</tr>

<tr id='pt1.7' class='hiddenRow'>
    <td class='none'><div class='testcase'>test__005: 验证育儿知识页面是否正确</div></td>
    <td colspan='5' align='center'>pass</td>
</tr>

<tr id='pt1.8' class='hiddenRow'>
    <td class='none'><div class='testcase'>test__007: 验证“安全教育”里位置导航栏'爸妈天地'的功能</div></td>
    <td colspan='5' align='center'>pass</td>
</tr>

<tr id='pt1.9' class='hiddenRow'>
    <td class='none'><div class='testcase'>test__008: 验证“安全教育”里位置导航栏“育儿知识”的功能</div></td>
    <td colspan='5' align='center'>pass</td>
</tr>

<tr id='pt1.10' class='hiddenRow'>
    <td class='none'><div class='testcase'>test__010: 验证“安全教育”框‘更多’按钮的功能是否实现</div></td>
    <td colspan='5' align='center'>pass</td>
</tr>

<tr id='pt1.11' class='hiddenRow'>
    <td class='none'><div class='testcase'>test__011: 验证进入安全教育里点击右边菜单栏的功能</div></td>
    <td colspan='5' align='center'>pass</td>
</tr>

<tr id='pt1.12' class='hiddenRow'>
    <td class='none'><div class='testcase'>test__012: 验证进入子菜单时，点击位置导航栏的“育儿知识”是否跳转</div></td>
    <td colspan='5' align='center'>pass</td>
</tr>

<tr id='pt1.13' class='hiddenRow'>
    <td class='none'><div class='testcase'>test__013: 验证安全教育里”更多“点击黄色字体是否会跳转到相对应页面</div></td>
    <td colspan='5' align='center'>pass</td>
</tr>

<tr id='pt1.14' class='hiddenRow'>
    <td class='none'><div class='testcase'>test__014: 验证“更多”的黄色字体页面，点击“返回上一页”的功能</div></td>
    <td colspan='5' align='center'>pass</td>
</tr>

<tr id='pt1.15' class='hiddenRow'>
    <td class='none'><div class='testcase'>test__015: 验证“更多”的黄色字体页面，点击位置导航栏“育儿知识”的功能</div></td>
    <td colspan='5' align='center'>pass</td>
</tr>

<tr id='pt1.16' class='hiddenRow'>
    <td class='none'><div class='testcase'>test__016: 验证“更多”的黄色字体页面，点击位置导航栏“育儿知识”的功能</div></td>
    <td colspan='5' align='center'>pass</td>
</tr>

<tr id='pt1.17' class='hiddenRow'>
    <td class='none'><div class='testcase'>test__017: 验证“更多”的黄色字体页面里，右边菜单栏的跳转功能</div></td>
    <td colspan='5' align='center'>pass</td>
</tr>

<tr id='pt1.18' class='hiddenRow'>
    <td class='none'><div class='testcase'>test__018: 验证“更多”里右边菜单栏的'安全教育'收缩功能</div></td>
    <td colspan='5' align='center'>pass</td>
</tr>

<tr id='pt1.19' class='hiddenRow'>
    <td class='none'><div class='testcase'>test__019: 验证“更多”里右边菜单栏的'智力开发'收缩功能</div></td>
    <td colspan='5' align='center'>pass</td>
</tr>

<tr id='pt1.20' class='hiddenRow'>
    <td class='none'><div class='testcase'>test__020: 验证“更多”里右边菜单栏的“艺术培养”收缩功能</div></td>
    <td colspan='5' align='center'>pass</td>
</tr>

<tr id='pt1.21' class='hiddenRow'>
    <td class='none'><div class='testcase'>test__021: 验证“更多”里右边菜单栏的“性格培养”收缩功能</div></td>
    <td colspan='5' align='center'>pass</td>
</tr>

<tr id='pt1.22' class='hiddenRow'>
    <td class='none'><div class='testcase'>test__022: 验证“更多”里右边菜单栏的“潜能开发”收缩功能</div></td>
    <td colspan='5' align='center'>pass</td>
</tr>

<tr id='pt1.23' class='hiddenRow'>
    <td class='none'><div class='testcase'>test__023: 验证“更多”里右边菜单栏的“好习惯养成”收缩功能</div></td>
    <td colspan='5' align='center'>pass</td>
</tr>

<tr id='pt1.24' class='hiddenRow'>
    <td class='none'><div class='testcase'>test__024: 验证“上传相片”的'浏览'功能是否正常实现</div></td>
    <td colspan='5' align='center'>pass</td>
</tr>

<tr id='pt1.25' class='hiddenRow'>
    <td class='none'><div class='testcase'>test__025: 验证“上传相片”时点击照片路径的输入框上传相片的功能是否实现</div></td>
    <td colspan='5' align='center'>pass</td>
</tr>

<tr id='pt1.26' class='hiddenRow'>
    <td class='none'><div class='testcase'>test__026: 验证上传照片时，点击“关闭”按钮的情况</div></td>
    <td colspan='5' align='center'>pass</td>
</tr>

<tr id='pt1.27' class='hiddenRow'>
    <td class='none'><div class='testcase'>test__027: 验证上传照片时，点击“X”按钮的情况</div></td>
    <td colspan='5' align='center'>pass</td>
</tr>

<tr id='pt1.28' class='hiddenRow'>
    <td class='none'><div class='testcase'>test__028: 验证上传相片时，照片名称不输入任何值的时候</div></td>
    <td colspan='5' align='center'>pass</td>
</tr>

<tr id='pt1.29' class='hiddenRow'>
    <td class='none'><div class='testcase'>test__029: 验证上传相片时，照片名称大于50个字符的时候</div></td>
    <td colspan='5' align='center'>pass</td>
</tr>

<tr id='pt1.30' class='hiddenRow'>
    <td class='none'><div class='testcase'>test__030: 验证上传相片时，没有选择相片的情况</div></td>
    <td colspan='5' align='center'>pass</td>
</tr>

<tr id='pt1.31' class='hiddenRow'>
    <td class='none'><div class='testcase'>test__034: 验证规范的“撰写心得”功能是否实现</div></td>
    <td colspan='5' align='center'>pass</td>
</tr>

<tr id='pt1.32' class='hiddenRow'>
    <td class='none'><div class='testcase'>test__035: 验证“撰写心得”时，标题框留空的情况</div></td>
    <td colspan='5' align='center'>pass</td>
</tr>

<tr id='pt1.33' class='hiddenRow'>
    <td class='none'><div class='testcase'>test__036: 验证“撰写心得”时，标题框是含有空格的情况</div></td>
    <td colspan='5' align='center'>pass</td>
</tr>

<tr id='pt1.34' class='hiddenRow'>
    <td class='none'><div class='testcase'>test__037: 验证“撰写心得”时，内容框不输入任何东西的情况</div></td>
    <td colspan='5' align='center'>pass</td>
</tr>

<tr id='ft1.35' class='none'>
    <td class='errorCase'><div class='testcase'>test__038: 验证“撰写心得”时，插入图片的情况</div></td>
    <td colspan='5' align='center'>

    <!--css div popup start-->
    <a class="popup_link" onfocus='this.blur();' href="javascript:showTestDetail('div_ft1.35')" >
        error</a>

    <div id='div_ft1.35' class="popup_window">
        <div style='text-align: right; color:red;cursor:pointer'>
        <a onfocus='this.blur();' onclick="document.getElementById('div_ft1.35').style.display = 'none' " >
           [x]</a>
        </div>
        <pre>
        
ft1.35: Traceback (most recent call last):
  File "F:\BabyPlanTest\case\hanjiaxin\test_baby_001.py", line 422, in test__038
    driver.find_element_by_xpath(".//*[@id='uploadExperienceForm']/div[1]/table/tbody/tr[1]/td[2]/input").send_keys("sdf")
  File "E:\python\lib\site-packages\selenium\webdriver\remote\webelement.py", line 320, in send_keys
    self._execute(Command.SEND_KEYS_TO_ELEMENT, {'value': keys_to_typing(value)})
  File "E:\python\lib\site-packages\selenium\webdriver\remote\webelement.py", line 461, in _execute
    return self._parent.execute(command, params)
  File "E:\python\lib\site-packages\selenium\webdriver\remote\webdriver.py", line 236, in execute
    self.error_handler.check_response(response)
  File "E:\python\lib\site-packages\selenium\webdriver\remote\errorhandler.py", line 192, in check_response
    raise exception_class(message, screen, stacktrace)
selenium.common.exceptions.ElementNotVisibleException: Message: Element is not currently visible and so may not be interacted with
Stacktrace:
    at fxdriver.preconditions.visible (file:///C:/Users/ADMINI~1/AppData/Local/Temp/tmp9rat61gq/extensions/fxdriver@googlecode.com/components/command-processor.js:10092)
    at DelayedCommand.prototype.checkPreconditions_ (file:///C:/Users/ADMINI~1/AppData/Local/Temp/tmp9rat61gq/extensions/fxdriver@googlecode.com/components/command-processor.js:12644)
    at DelayedCommand.prototype.executeInternal_/h (file:///C:/Users/ADMINI~1/AppData/Local/Temp/tmp9rat61gq/extensions/fxdriver@googlecode.com/components/command-processor.js:12661)
    at DelayedCommand.prototype.executeInternal_ (file:///C:/Users/ADMINI~1/AppData/Local/Temp/tmp9rat61gq/extensions/fxdriver@googlecode.com/components/command-processor.js:12666)
    at DelayedCommand.prototype.execute/&lt; (file:///C:/Users/ADMINI~1/AppData/Local/Temp/tmp9rat61gq/extensions/fxdriver@googlecode.com/components/command-processor.js:12608)
Traceback (most recent call last):
  File "F:\BabyPlanTest\case\hanjiaxin\test_baby_001.py", line 422, in test__038
    driver.find_element_by_xpath(".//*[@id='uploadExperienceForm']/div[1]/table/tbody/tr[1]/td[2]/input").send_keys("sdf")
  File "E:\python\lib\site-packages\selenium\webdriver\remote\webelement.py", line 320, in send_keys
    self._execute(Command.SEND_KEYS_TO_ELEMENT, {'value': keys_to_typing(value)})
  File "E:\python\lib\site-packages\selenium\webdriver\remote\webelement.py", line 461, in _execute
    return self._parent.execute(command, params)
  File "E:\python\lib\site-packages\selenium\webdriver\remote\webdriver.py", line 236, in execute
    self.error_handler.check_response(response)
  File "E:\python\lib\site-packages\selenium\webdriver\remote\errorhandler.py", line 192, in check_response
    raise exception_class(message, screen, stacktrace)
selenium.common.exceptions.ElementNotVisibleException: Message: Element is not currently visible and so may not be interacted with
Stacktrace:
    at fxdriver.preconditions.visible (file:///C:/Users/ADMINI~1/AppData/Local/Temp/tmp9rat61gq/extensions/fxdriver@googlecode.com/components/command-processor.js:10092)
    at DelayedCommand.prototype.checkPreconditions_ (file:///C:/Users/ADMINI~1/AppData/Local/Temp/tmp9rat61gq/extensions/fxdriver@googlecode.com/components/command-processor.js:12644)
    at DelayedCommand.prototype.executeInternal_/h (file:///C:/Users/ADMINI~1/AppData/Local/Temp/tmp9rat61gq/extensions/fxdriver@googlecode.com/components/command-processor.js:12661)
    at DelayedCommand.prototype.executeInternal_ (file:///C:/Users/ADMINI~1/AppData/Local/Temp/tmp9rat61gq/extensions/fxdriver@googlecode.com/components/command-processor.js:12666)
    at DelayedCommand.prototype.execute/&lt; (file:///C:/Users/ADMINI~1/AppData/Local/Temp/tmp9rat61gq/extensions/fxdriver@googlecode.com/components/command-processor.js:12608)


        </pre>
    </div>
    <!--css div popup end-->

    </td>
</tr>

<tr id='pt1.36' class='hiddenRow'>
    <td class='none'><div class='testcase'>test__039: 验证是否能查看心得列表</div></td>
    <td colspan='5' align='center'>pass</td>
</tr>

<tr id='ft1.37' class='none'>
    <td class='errorCase'><div class='testcase'>test__040: 验证查看心得列表后点击’关闭‘的情况</div></td>
    <td colspan='5' align='center'>

    <!--css div popup start-->
    <a class="popup_link" onfocus='this.blur();' href="javascript:showTestDetail('div_ft1.37')" >
        error</a>

    <div id='div_ft1.37' class="popup_window">
        <div style='text-align: right; color:red;cursor:pointer'>
        <a onfocus='this.blur();' onclick="document.getElementById('div_ft1.37').style.display = 'none' " >
           [x]</a>
        </div>
        <pre>
        
ft1.37: Traceback (most recent call last):
  File "F:\BabyPlanTest\case\hanjiaxin\test_baby_001.py", line 444, in test__040
    driver.find_element_by_xpath(".//*[@id='expCon']/div/div/div[2]/button").click()
  File "E:\python\lib\site-packages\selenium\webdriver\remote\webdriver.py", line 293, in find_element_by_xpath
    return self.find_element(by=By.XPATH, value=xpath)
  File "E:\python\lib\site-packages\selenium\webdriver\remote\webdriver.py", line 752, in find_element
    'value': value})['value']
  File "E:\python\lib\site-packages\selenium\webdriver\remote\webdriver.py", line 236, in execute
    self.error_handler.check_response(response)
  File "E:\python\lib\site-packages\selenium\webdriver\remote\errorhandler.py", line 192, in check_response
    raise exception_class(message, screen, stacktrace)
selenium.common.exceptions.NoSuchElementException: Message: Unable to locate element: {"method":"xpath","selector":".//*[@id='expCon']/div/div/div[2]/button"}
Stacktrace:
    at FirefoxDriver.prototype.findElementInternal_ (file:///C:/Users/ADMINI~1/AppData/Local/Temp/tmpcgi4fll1/extensions/fxdriver@googlecode.com/components/driver-component.js:10770)
    at fxdriver.Timer.prototype.setTimeout/&lt;.notify (file:///C:/Users/ADMINI~1/AppData/Local/Temp/tmpcgi4fll1/extensions/fxdriver@googlecode.com/components/driver-component.js:625)
Traceback (most recent call last):
  File "F:\BabyPlanTest\case\hanjiaxin\test_baby_001.py", line 444, in test__040
    driver.find_element_by_xpath(".//*[@id='expCon']/div/div/div[2]/button").click()
  File "E:\python\lib\site-packages\selenium\webdriver\remote\webdriver.py", line 293, in find_element_by_xpath
    return self.find_element(by=By.XPATH, value=xpath)
  File "E:\python\lib\site-packages\selenium\webdriver\remote\webdriver.py", line 752, in find_element
    'value': value})['value']
  File "E:\python\lib\site-packages\selenium\webdriver\remote\webdriver.py", line 236, in execute
    self.error_handler.check_response(response)
  File "E:\python\lib\site-packages\selenium\webdriver\remote\errorhandler.py", line 192, in check_response
    raise exception_class(message, screen, stacktrace)
selenium.common.exceptions.NoSuchElementException: Message: Unable to locate element: {"method":"xpath","selector":".//*[@id='expCon']/div/div/div[2]/button"}
Stacktrace:
    at FirefoxDriver.prototype.findElementInternal_ (file:///C:/Users/ADMINI~1/AppData/Local/Temp/tmpcgi4fll1/extensions/fxdriver@googlecode.com/components/driver-component.js:10770)
    at fxdriver.Timer.prototype.setTimeout/&lt;.notify (file:///C:/Users/ADMINI~1/AppData/Local/Temp/tmpcgi4fll1/extensions/fxdriver@googlecode.com/components/driver-component.js:625)


        </pre>
    </div>
    <!--css div popup end-->

    </td>
</tr>

<tr id='ft1.38' class='none'>
    <td class='errorCase'><div class='testcase'>test__041: 验证查看心得列表后点击’X‘的情况</div></td>
    <td colspan='5' align='center'>

    <!--css div popup start-->
    <a class="popup_link" onfocus='this.blur();' href="javascript:showTestDetail('div_ft1.38')" >
        error</a>

    <div id='div_ft1.38' class="popup_window">
        <div style='text-align: right; color:red;cursor:pointer'>
        <a onfocus='this.blur();' onclick="document.getElementById('div_ft1.38').style.display = 'none' " >
           [x]</a>
        </div>
        <pre>
        
ft1.38: Traceback (most recent call last):
  File "F:\BabyPlanTest\case\hanjiaxin\test_baby_001.py", line 454, in test__041
    driver.find_element_by_xpath(".//*[@id='expCon']/div/div/div[1]/button").click()
  File "E:\python\lib\site-packages\selenium\webdriver\remote\webdriver.py", line 293, in find_element_by_xpath
    return self.find_element(by=By.XPATH, value=xpath)
  File "E:\python\lib\site-packages\selenium\webdriver\remote\webdriver.py", line 752, in find_element
    'value': value})['value']
  File "E:\python\lib\site-packages\selenium\webdriver\remote\webdriver.py", line 236, in execute
    self.error_handler.check_response(response)
  File "E:\python\lib\site-packages\selenium\webdriver\remote\errorhandler.py", line 192, in check_response
    raise exception_class(message, screen, stacktrace)
selenium.common.exceptions.NoSuchElementException: Message: Unable to locate element: {"method":"xpath","selector":".//*[@id='expCon']/div/div/div[1]/button"}
Stacktrace:
    at FirefoxDriver.prototype.findElementInternal_ (file:///C:/Users/ADMINI~1/AppData/Local/Temp/tmph_7wzlez/extensions/fxdriver@googlecode.com/components/driver-component.js:10770)
    at fxdriver.Timer.prototype.setTimeout/&lt;.notify (file:///C:/Users/ADMINI~1/AppData/Local/Temp/tmph_7wzlez/extensions/fxdriver@googlecode.com/components/driver-component.js:625)
Traceback (most recent call last):
  File "F:\BabyPlanTest\case\hanjiaxin\test_baby_001.py", line 454, in test__041
    driver.find_element_by_xpath(".//*[@id='expCon']/div/div/div[1]/button").click()
  File "E:\python\lib\site-packages\selenium\webdriver\remote\webdriver.py", line 293, in find_element_by_xpath
    return self.find_element(by=By.XPATH, value=xpath)
  File "E:\python\lib\site-packages\selenium\webdriver\remote\webdriver.py", line 752, in find_element
    'value': value})['value']
  File "E:\python\lib\site-packages\selenium\webdriver\remote\webdriver.py", line 236, in execute
    self.error_handler.check_response(response)
  File "E:\python\lib\site-packages\selenium\webdriver\remote\errorhandler.py", line 192, in check_response
    raise exception_class(message, screen, stacktrace)
selenium.common.exceptions.NoSuchElementException: Message: Unable to locate element: {"method":"xpath","selector":".//*[@id='expCon']/div/div/div[1]/button"}
Stacktrace:
    at FirefoxDriver.prototype.findElementInternal_ (file:///C:/Users/ADMINI~1/AppData/Local/Temp/tmph_7wzlez/extensions/fxdriver@googlecode.com/components/driver-component.js:10770)
    at fxdriver.Timer.prototype.setTimeout/&lt;.notify (file:///C:/Users/ADMINI~1/AppData/Local/Temp/tmph_7wzlez/extensions/fxdriver@googlecode.com/components/driver-component.js:625)


        </pre>
    </div>
    <!--css div popup end-->

    </td>
</tr>

<tr id='pt1.39' class='hiddenRow'>
    <td class='none'><div class='testcase'>test__042: 验证’删除心得‘功能是否实现</div></td>
    <td colspan='5' align='center'>pass</td>
</tr>

<tr id='ft1.40' class='none'>
    <td class='failCase'><div class='testcase'>test__043: 验证点击底部’关于我们‘是否能正常跳转到相对应的页面</div></td>
    <td colspan='5' align='center'>

    <!--css div popup start-->
    <a class="popup_link" onfocus='this.blur();' href="javascript:showTestDetail('div_ft1.40')" >
        fail</a>

    <div id='div_ft1.40' class="popup_window">
        <div style='text-align: right; color:red;cursor:pointer'>
        <a onfocus='this.blur();' onclick="document.getElementById('div_ft1.40').style.display = 'none' " >
           [x]</a>
        </div>
        <pre>
        
ft1.40: Traceback (most recent call last):
  File "F:\BabyPlanTest\case\hanjiaxin\test_baby_001.py", line 472, in test__043
    self.assertEqual(driver.title,"关于我们")
AssertionError: '爸妈天地' != '关于我们'
- 爸妈天地
+ 关于我们

Traceback (most recent call last):
  File "F:\BabyPlanTest\case\hanjiaxin\test_baby_001.py", line 472, in test__043
    self.assertEqual(driver.title,"关于我们")
AssertionError: '爸妈天地' != '关于我们'
- 爸妈天地
+ 关于我们



        </pre>
    </div>
    <!--css div popup end-->

    </td>
</tr>

<tr id='ft1.41' class='none'>
    <td class='failCase'><div class='testcase'>test__044: 验证点击底部’常见问题‘是否能正常跳转到相对应的页面</div></td>
    <td colspan='5' align='center'>

    <!--css div popup start-->
    <a class="popup_link" onfocus='this.blur();' href="javascript:showTestDetail('div_ft1.41')" >
        fail</a>

    <div id='div_ft1.41' class="popup_window">
        <div style='text-align: right; color:red;cursor:pointer'>
        <a onfocus='this.blur();' onclick="document.getElementById('div_ft1.41').style.display = 'none' " >
           [x]</a>
        </div>
        <pre>
        
ft1.41: Traceback (most recent call last):
  File "F:\BabyPlanTest\case\hanjiaxin\test_baby_001.py", line 481, in test__044
    self.assertEqual(driver.title, "常见问题")
AssertionError: '爸妈天地' != '常见问题'
- 爸妈天地
+ 常见问题

Traceback (most recent call last):
  File "F:\BabyPlanTest\case\hanjiaxin\test_baby_001.py", line 481, in test__044
    self.assertEqual(driver.title, "常见问题")
AssertionError: '爸妈天地' != '常见问题'
- 爸妈天地
+ 常见问题



        </pre>
    </div>
    <!--css div popup end-->

    </td>
</tr>

<tr id='ft1.42' class='none'>
    <td class='failCase'><div class='testcase'>test__045: 验证点击底部’加入我们‘是否能正常跳转到相对应的页面</div></td>
    <td colspan='5' align='center'>

    <!--css div popup start-->
    <a class="popup_link" onfocus='this.blur();' href="javascript:showTestDetail('div_ft1.42')" >
        fail</a>

    <div id='div_ft1.42' class="popup_window">
        <div style='text-align: right; color:red;cursor:pointer'>
        <a onfocus='this.blur();' onclick="document.getElementById('div_ft1.42').style.display = 'none' " >
           [x]</a>
        </div>
        <pre>
        
ft1.42: Traceback (most recent call last):
  File "F:\BabyPlanTest\case\hanjiaxin\test_baby_001.py", line 489, in test__045
    self.assertEqual(driver.title, "加入我们")
AssertionError: '爸妈天地' != '加入我们'
- 爸妈天地
+ 加入我们

Traceback (most recent call last):
  File "F:\BabyPlanTest\case\hanjiaxin\test_baby_001.py", line 489, in test__045
    self.assertEqual(driver.title, "加入我们")
AssertionError: '爸妈天地' != '加入我们'
- 爸妈天地
+ 加入我们



        </pre>
    </div>
    <!--css div popup end-->

    </td>
</tr>

<tr id='ft1.43' class='none'>
    <td class='failCase'><div class='testcase'>test__046: 验证点击底部’加入我们‘是否能正常跳转到相对应的页面</div></td>
    <td colspan='5' align='center'>

    <!--css div popup start-->
    <a class="popup_link" onfocus='this.blur();' href="javascript:showTestDetail('div_ft1.43')" >
        fail</a>

    <div id='div_ft1.43' class="popup_window">
        <div style='text-align: right; color:red;cursor:pointer'>
        <a onfocus='this.blur();' onclick="document.getElementById('div_ft1.43').style.display = 'none' " >
           [x]</a>
        </div>
        <pre>
        
ft1.43: Traceback (most recent call last):
  File "F:\BabyPlanTest\case\hanjiaxin\test_baby_001.py", line 497, in test__046
    self.assertEqual(driver.title, "新浪微博")
AssertionError: '爸妈天地' != '新浪微博'
- 爸妈天地
+ 新浪微博

Traceback (most recent call last):
  File "F:\BabyPlanTest\case\hanjiaxin\test_baby_001.py", line 497, in test__046
    self.assertEqual(driver.title, "新浪微博")
AssertionError: '爸妈天地' != '新浪微博'
- 爸妈天地
+ 新浪微博



        </pre>
    </div>
    <!--css div popup end-->

    </td>
</tr>

<tr id='pt1.44' class='hiddenRow'>
    <td class='none'><div class='testcase'>test__047: 验证在其他页面时点击’左上角‘的用户时，是否正常跳转到首页</div></td>
    <td colspan='5' align='center'>pass</td>
</tr>

<tr class='errorClass'>
    <td>hanjiaxin.test_jiankang.MyTestBabyPlan</td>
    <td>18</td>
    <td>17</td>
    <td>0</td>
    <td>1</td>
    <td><a href="javascript:showClassDetail('c2',18)">Detail</a></td>
</tr>

<tr id='pt2.1' class='hiddenRow'>
    <td class='none'><div class='testcase'>test__001: 验证点击健康热线后，能否正常打开页面</div></td>
    <td colspan='5' align='center'>pass</td>
</tr>

<tr id='pt2.2' class='hiddenRow'>
    <td class='none'><div class='testcase'>test__002: 验证进入健康热线后点击顶部标题，能否正常退出健康热线页面</div></td>
    <td colspan='5' align='center'>pass</td>
</tr>

<tr id='pt2.3' class='hiddenRow'>
    <td class='none'><div class='testcase'>test__003: 验证在问题列表的搜索框输入关键词，能否正常搜索相关问题</div></td>
    <td colspan='5' align='center'>pass</td>
</tr>

<tr id='pt2.4' class='hiddenRow'>
    <td class='none'><div class='testcase'>test__004: 验证在问题列表的搜索框输入各问题都不含有关键词，能否查询到问题</div></td>
    <td colspan='5' align='center'>

    <!--css div popup start-->
    <a class="popup_link" onfocus='this.blur();' href="javascript:showTestDetail('div_pt2.4')" >
        pass</a>

    <div id='div_pt2.4' class="popup_window">
        <div style='text-align: right; color:red;cursor:pointer'>
        <a onfocus='this.blur();' onclick="document.getElementById('div_pt2.4').style.display = 'none' " >
           [x]</a>
        </div>
        <pre>
        
pt2.4: 

        </pre>
    </div>
    <!--css div popup end-->

    </td>
</tr>

<tr id='pt2.5' class='hiddenRow'>
    <td class='none'><div class='testcase'>test__005: 验证点击其中一个问题，能否进入到该问题界面中</div></td>
    <td colspan='5' align='center'>pass</td>
</tr>

<tr id='pt2.6' class='hiddenRow'>
    <td class='none'><div class='testcase'>test__006: 验证进入到某一个问题，“我要回答”按钮功能是否正常实现</div></td>
    <td colspan='5' align='center'>pass</td>
</tr>

<tr id='pt2.7' class='hiddenRow'>
    <td class='none'><div class='testcase'>test__007: 验证进入到某一个问题，“我要回答”按钮功能是否正常实现</div></td>
    <td colspan='5' align='center'>pass</td>
</tr>

<tr id='pt2.8' class='hiddenRow'>
    <td class='none'><div class='testcase'>test__008: 验证进入到某一个问题，点击“我要回答”按钮后，点击窗口外是否能取消该窗口</div></td>
    <td colspan='5' align='center'>pass</td>
</tr>

<tr id='pt2.9' class='hiddenRow'>
    <td class='none'><div class='testcase'>test__009: 验证进入到不是本用户提问的问题，能否正常发送回复信息</div></td>
    <td colspan='5' align='center'>

    <!--css div popup start-->
    <a class="popup_link" onfocus='this.blur();' href="javascript:showTestDetail('div_pt2.9')" >
        pass</a>

    <div id='div_pt2.9' class="popup_window">
        <div style='text-align: right; color:red;cursor:pointer'>
        <a onfocus='this.blur();' onclick="document.getElementById('div_pt2.9').style.display = 'none' " >
           [x]</a>
        </div>
        <pre>
        
pt2.9: 

        </pre>
    </div>
    <!--css div popup end-->

    </td>
</tr>

<tr id='pt2.10' class='hiddenRow'>
    <td class='none'><div class='testcase'>test__010: 验证进入不是本用户提问的问题，正常发送回复信息后，有无回复信息的更新</div></td>
    <td colspan='5' align='center'>pass</td>
</tr>

<tr id='pt2.11' class='hiddenRow'>
    <td class='none'><div class='testcase'>test__011: 验证进入是本用户提问的问题，有无追问和删除按钮</div></td>
    <td colspan='5' align='center'>

    <!--css div popup start-->
    <a class="popup_link" onfocus='this.blur();' href="javascript:showTestDetail('div_pt2.11')" >
        pass</a>

    <div id='div_pt2.11' class="popup_window">
        <div style='text-align: right; color:red;cursor:pointer'>
        <a onfocus='this.blur();' onclick="document.getElementById('div_pt2.11').style.display = 'none' " >
           [x]</a>
        </div>
        <pre>
        
pt2.11: 

        </pre>
    </div>
    <!--css div popup end-->

    </td>
</tr>

<tr id='pt2.12' class='hiddenRow'>
    <td class='none'><div class='testcase'>test__012: 验证进入是本用户提问的问题，追问功能是否正常实现</div></td>
    <td colspan='5' align='center'>

    <!--css div popup start-->
    <a class="popup_link" onfocus='this.blur();' href="javascript:showTestDetail('div_pt2.12')" >
        pass</a>

    <div id='div_pt2.12' class="popup_window">
        <div style='text-align: right; color:red;cursor:pointer'>
        <a onfocus='this.blur();' onclick="document.getElementById('div_pt2.12').style.display = 'none' " >
           [x]</a>
        </div>
        <pre>
        
pt2.12: 

        </pre>
    </div>
    <!--css div popup end-->

    </td>
</tr>

<tr id='ft2.13' class='none'>
    <td class='errorCase'><div class='testcase'>test__013: 进入是本用户提问的问题，验证输入追问问题信息，直接点击关闭追问按钮，能否提交信息</div></td>
    <td colspan='5' align='center'>

    <!--css div popup start-->
    <a class="popup_link" onfocus='this.blur();' href="javascript:showTestDetail('div_ft2.13')" >
        error</a>

    <div id='div_ft2.13' class="popup_window">
        <div style='text-align: right; color:red;cursor:pointer'>
        <a onfocus='this.blur();' onclick="document.getElementById('div_ft2.13').style.display = 'none' " >
           [x]</a>
        </div>
        <pre>
        
ft2.13: Traceback (most recent call last):
  File "F:\BabyPlanTest\case\hanjiaxin\test_jiankang.py", line 152, in test__013
    driver.find_element_by_xpath(".//*[@id='askAgain']/div/div/div[2]/button[2]").click()
  File "E:\python\lib\site-packages\selenium\webdriver\remote\webelement.py", line 72, in click
    self._execute(Command.CLICK_ELEMENT)
  File "E:\python\lib\site-packages\selenium\webdriver\remote\webelement.py", line 461, in _execute
    return self._parent.execute(command, params)
  File "E:\python\lib\site-packages\selenium\webdriver\remote\webdriver.py", line 236, in execute
    self.error_handler.check_response(response)
  File "E:\python\lib\site-packages\selenium\webdriver\remote\errorhandler.py", line 192, in check_response
    raise exception_class(message, screen, stacktrace)
selenium.common.exceptions.ElementNotVisibleException: Message: Element is not currently visible and so may not be interacted with
Stacktrace:
    at fxdriver.preconditions.visible (file:///C:/Users/ADMINI~1/AppData/Local/Temp/tmpg2qx6omh/extensions/fxdriver@googlecode.com/components/command-processor.js:10092)
    at DelayedCommand.prototype.checkPreconditions_ (file:///C:/Users/ADMINI~1/AppData/Local/Temp/tmpg2qx6omh/extensions/fxdriver@googlecode.com/components/command-processor.js:12644)
    at DelayedCommand.prototype.executeInternal_/h (file:///C:/Users/ADMINI~1/AppData/Local/Temp/tmpg2qx6omh/extensions/fxdriver@googlecode.com/components/command-processor.js:12661)
    at fxdriver.Timer.prototype.setTimeout/&lt;.notify (file:///C:/Users/ADMINI~1/AppData/Local/Temp/tmpg2qx6omh/extensions/fxdriver@googlecode.com/components/command-processor.js:625)
Traceback (most recent call last):
  File "F:\BabyPlanTest\case\hanjiaxin\test_jiankang.py", line 152, in test__013
    driver.find_element_by_xpath(".//*[@id='askAgain']/div/div/div[2]/button[2]").click()
  File "E:\python\lib\site-packages\selenium\webdriver\remote\webelement.py", line 72, in click
    self._execute(Command.CLICK_ELEMENT)
  File "E:\python\lib\site-packages\selenium\webdriver\remote\webelement.py", line 461, in _execute
    return self._parent.execute(command, params)
  File "E:\python\lib\site-packages\selenium\webdriver\remote\webdriver.py", line 236, in execute
    self.error_handler.check_response(response)
  File "E:\python\lib\site-packages\selenium\webdriver\remote\errorhandler.py", line 192, in check_response
    raise exception_class(message, screen, stacktrace)
selenium.common.exceptions.ElementNotVisibleException: Message: Element is not currently visible and so may not be interacted with
Stacktrace:
    at fxdriver.preconditions.visible (file:///C:/Users/ADMINI~1/AppData/Local/Temp/tmpg2qx6omh/extensions/fxdriver@googlecode.com/components/command-processor.js:10092)
    at DelayedCommand.prototype.checkPreconditions_ (file:///C:/Users/ADMINI~1/AppData/Local/Temp/tmpg2qx6omh/extensions/fxdriver@googlecode.com/components/command-processor.js:12644)
    at DelayedCommand.prototype.executeInternal_/h (file:///C:/Users/ADMINI~1/AppData/Local/Temp/tmpg2qx6omh/extensions/fxdriver@googlecode.com/components/command-processor.js:12661)
    at fxdriver.Timer.prototype.setTimeout/&lt;.notify (file:///C:/Users/ADMINI~1/AppData/Local/Temp/tmpg2qx6omh/extensions/fxdriver@googlecode.com/components/command-processor.js:625)


        </pre>
    </div>
    <!--css div popup end-->

    </td>
</tr>

<tr id='pt2.14' class='hiddenRow'>
    <td class='none'><div class='testcase'>test__014: 验证删除提问</div></td>
    <td colspan='5' align='center'>pass</td>
</tr>

<tr id='pt2.15' class='hiddenRow'>
    <td class='none'><div class='testcase'>test__015: 验证点击“我有疑问”，能否弹出编辑窗口</div></td>
    <td colspan='5' align='center'>

    <!--css div popup start-->
    <a class="popup_link" onfocus='this.blur();' href="javascript:showTestDetail('div_pt2.15')" >
        pass</a>

    <div id='div_pt2.15' class="popup_window">
        <div style='text-align: right; color:red;cursor:pointer'>
        <a onfocus='this.blur();' onclick="document.getElementById('div_pt2.15').style.display = 'none' " >
           [x]</a>
        </div>
        <pre>
        
pt2.15: 

        </pre>
    </div>
    <!--css div popup end-->

    </td>
</tr>

<tr id='pt2.16' class='hiddenRow'>
    <td class='none'><div class='testcase'>test__016: 验证“我有疑问”功能是否正常实现</div></td>
    <td colspan='5' align='center'>

    <!--css div popup start-->
    <a class="popup_link" onfocus='this.blur();' href="javascript:showTestDetail('div_pt2.16')" >
        pass</a>

    <div id='div_pt2.16' class="popup_window">
        <div style='text-align: right; color:red;cursor:pointer'>
        <a onfocus='this.blur();' onclick="document.getElementById('div_pt2.16').style.display = 'none' " >
           [x]</a>
        </div>
        <pre>
        
pt2.16: 

        </pre>
    </div>
    <!--css div popup end-->

    </td>
</tr>

<tr id='pt2.17' class='hiddenRow'>
    <td class='none'><div class='testcase'>test__017: 验证弹出“我有疑问”编辑窗口后，点击“关闭”按钮后点击关闭按钮是否能取消该窗口</div></td>
    <td colspan='5' align='center'>pass</td>
</tr>

<tr id='pt2.18' class='hiddenRow'>
    <td class='none'><div class='testcase'>test__018: 验证弹出“我有疑问”编辑窗口后，点击窗口外是否能取消该窗口</div></td>
    <td colspan='5' align='center'>pass</td>
</tr>

<tr class='errorClass'>
    <td>hehongchao.test_001.Test</td>
    <td>13</td>
    <td>9</td>
    <td>2</td>
    <td>2</td>
    <td><a href="javascript:showClassDetail('c3',13)">Detail</a></td>
</tr>

<tr id='pt3.1' class='hiddenRow'>
    <td class='none'><div class='testcase'>test_000</div></td>
    <td colspan='5' align='center'>

    <!--css div popup start-->
    <a class="popup_link" onfocus='this.blur();' href="javascript:showTestDetail('div_pt3.1')" >
        pass</a>

    <div id='div_pt3.1' class="popup_window">
        <div style='text-align: right; color:red;cursor:pointer'>
        <a onfocus='this.blur();' onclick="document.getElementById('div_pt3.1').style.display = 'none' " >
           [x]</a>
        </div>
        <pre>
        
pt3.1: 

        </pre>
    </div>
    <!--css div popup end-->

    </td>
</tr>

<tr id='ft3.2' class='none'>
    <td class='failCase'><div class='testcase'>test_001</div></td>
    <td colspan='5' align='center'>

    <!--css div popup start-->
    <a class="popup_link" onfocus='this.blur();' href="javascript:showTestDetail('div_ft3.2')" >
        fail</a>

    <div id='div_ft3.2' class="popup_window">
        <div style='text-align: right; color:red;cursor:pointer'>
        <a onfocus='this.blur();' onclick="document.getElementById('div_ft3.2').style.display = 'none' " >
           [x]</a>
        </div>
        <pre>
        
ft3.2: Traceback (most recent call last):
  File "F:\BabyPlanTest\case\hehongchao\test_001.py", line 32, in test_001
    self.assertEqual(self.chao.title,"好可怕哟")
AssertionError: '儿童乐园' != '好可怕哟'
- 儿童乐园
+ 好可怕哟

Traceback (most recent call last):
  File "F:\BabyPlanTest\case\hehongchao\test_001.py", line 32, in test_001
    self.assertEqual(self.chao.title,"好可怕哟")
AssertionError: '儿童乐园' != '好可怕哟'
- 儿童乐园
+ 好可怕哟



        </pre>
    </div>
    <!--css div popup end-->

    </td>
</tr>

<tr id='pt3.3' class='hiddenRow'>
    <td class='none'><div class='testcase'>test_002</div></td>
    <td colspan='5' align='center'>

    <!--css div popup start-->
    <a class="popup_link" onfocus='this.blur();' href="javascript:showTestDetail('div_pt3.3')" >
        pass</a>

    <div id='div_pt3.3' class="popup_window">
        <div style='text-align: right; color:red;cursor:pointer'>
        <a onfocus='this.blur();' onclick="document.getElementById('div_pt3.3').style.display = 'none' " >
           [x]</a>
        </div>
        <pre>
        
pt3.3: 

        </pre>
    </div>
    <!--css div popup end-->

    </td>
</tr>

<tr id='pt3.4' class='hiddenRow'>
    <td class='none'><div class='testcase'>test_003</div></td>
    <td colspan='5' align='center'>

    <!--css div popup start-->
    <a class="popup_link" onfocus='this.blur();' href="javascript:showTestDetail('div_pt3.4')" >
        pass</a>

    <div id='div_pt3.4' class="popup_window">
        <div style='text-align: right; color:red;cursor:pointer'>
        <a onfocus='this.blur();' onclick="document.getElementById('div_pt3.4').style.display = 'none' " >
           [x]</a>
        </div>
        <pre>
        
pt3.4: 

        </pre>
    </div>
    <!--css div popup end-->

    </td>
</tr>

<tr id='pt3.5' class='hiddenRow'>
    <td class='none'><div class='testcase'>test_004</div></td>
    <td colspan='5' align='center'>

    <!--css div popup start-->
    <a class="popup_link" onfocus='this.blur();' href="javascript:showTestDetail('div_pt3.5')" >
        pass</a>

    <div id='div_pt3.5' class="popup_window">
        <div style='text-align: right; color:red;cursor:pointer'>
        <a onfocus='this.blur();' onclick="document.getElementById('div_pt3.5').style.display = 'none' " >
           [x]</a>
        </div>
        <pre>
        
pt3.5: 

        </pre>
    </div>
    <!--css div popup end-->

    </td>
</tr>

<tr id='pt3.6' class='hiddenRow'>
    <td class='none'><div class='testcase'>test_005</div></td>
    <td colspan='5' align='center'>

    <!--css div popup start-->
    <a class="popup_link" onfocus='this.blur();' href="javascript:showTestDetail('div_pt3.6')" >
        pass</a>

    <div id='div_pt3.6' class="popup_window">
        <div style='text-align: right; color:red;cursor:pointer'>
        <a onfocus='this.blur();' onclick="document.getElementById('div_pt3.6').style.display = 'none' " >
           [x]</a>
        </div>
        <pre>
        
pt3.6: 

        </pre>
    </div>
    <!--css div popup end-->

    </td>
</tr>

<tr id='ft3.7' class='none'>
    <td class='failCase'><div class='testcase'>test_006</div></td>
    <td colspan='5' align='center'>

    <!--css div popup start-->
    <a class="popup_link" onfocus='this.blur();' href="javascript:showTestDetail('div_ft3.7')" >
        fail</a>

    <div id='div_ft3.7' class="popup_window">
        <div style='text-align: right; color:red;cursor:pointer'>
        <a onfocus='this.blur();' onclick="document.getElementById('div_ft3.7').style.display = 'none' " >
           [x]</a>
        </div>
        <pre>
        
ft3.7: Traceback (most recent call last):
  File "F:\BabyPlanTest\case\hehongchao\test_001.py", line 60, in test_006
    self.assertEqual(self.chao.title,"gift")
AssertionError: '儿童乐园' != 'gift'
- 儿童乐园
+ gift

Traceback (most recent call last):
  File "F:\BabyPlanTest\case\hehongchao\test_001.py", line 60, in test_006
    self.assertEqual(self.chao.title,"gift")
AssertionError: '儿童乐园' != 'gift'
- 儿童乐园
+ gift



        </pre>
    </div>
    <!--css div popup end-->

    </td>
</tr>

<tr id='ft3.8' class='none'>
    <td class='errorCase'><div class='testcase'>test_007</div></td>
    <td colspan='5' align='center'>

    <!--css div popup start-->
    <a class="popup_link" onfocus='this.blur();' href="javascript:showTestDetail('div_ft3.8')" >
        error</a>

    <div id='div_ft3.8' class="popup_window">
        <div style='text-align: right; color:red;cursor:pointer'>
        <a onfocus='this.blur();' onclick="document.getElementById('div_ft3.8').style.display = 'none' " >
           [x]</a>
        </div>
        <pre>
        
ft3.8: Traceback (most recent call last):
  File "F:\BabyPlanTest\case\hehongchao\test_001.py", line 64, in test_007
    chao.find_element_by_xpath("//div/a/p[text()='个头小']/../p").click()
  File "E:\python\lib\site-packages\selenium\webdriver\remote\webelement.py", line 72, in click
    self._execute(Command.CLICK_ELEMENT)
  File "E:\python\lib\site-packages\selenium\webdriver\remote\webelement.py", line 461, in _execute
    return self._parent.execute(command, params)
  File "E:\python\lib\site-packages\selenium\webdriver\remote\webdriver.py", line 236, in execute
    self.error_handler.check_response(response)
  File "E:\python\lib\site-packages\selenium\webdriver\remote\errorhandler.py", line 192, in check_response
    raise exception_class(message, screen, stacktrace)
selenium.common.exceptions.WebDriverException: Message: Element is not clickable at point (219.5, 15.649993896484375). Other element would receive the click: &lt;a class="carousel-control left" href="#sCarousel" data-slide="prev"&gt;&lt;/a&gt;

Traceback (most recent call last):
  File "F:\BabyPlanTest\case\hehongchao\test_001.py", line 64, in test_007
    chao.find_element_by_xpath("//div/a/p[text()='个头小']/../p").click()
  File "E:\python\lib\site-packages\selenium\webdriver\remote\webelement.py", line 72, in click
    self._execute(Command.CLICK_ELEMENT)
  File "E:\python\lib\site-packages\selenium\webdriver\remote\webelement.py", line 461, in _execute
    return self._parent.execute(command, params)
  File "E:\python\lib\site-packages\selenium\webdriver\remote\webdriver.py", line 236, in execute
    self.error_handler.check_response(response)
  File "E:\python\lib\site-packages\selenium\webdriver\remote\errorhandler.py", line 192, in check_response
    raise exception_class(message, screen, stacktrace)
selenium.common.exceptions.WebDriverException: Message: Element is not clickable at point (219.5, 15.649993896484375). Other element would receive the click: &lt;a class="carousel-control left" href="#sCarousel" data-slide="prev"&gt;&lt;/a&gt;



        </pre>
    </div>
    <!--css div popup end-->

    </td>
</tr>

<tr id='pt3.9' class='hiddenRow'>
    <td class='none'><div class='testcase'>test_008</div></td>
    <td colspan='5' align='center'>

    <!--css div popup start-->
    <a class="popup_link" onfocus='this.blur();' href="javascript:showTestDetail('div_pt3.9')" >
        pass</a>

    <div id='div_pt3.9' class="popup_window">
        <div style='text-align: right; color:red;cursor:pointer'>
        <a onfocus='this.blur();' onclick="document.getElementById('div_pt3.9').style.display = 'none' " >
           [x]</a>
        </div>
        <pre>
        
pt3.9: 

        </pre>
    </div>
    <!--css div popup end-->

    </td>
</tr>

<tr id='pt3.10' class='hiddenRow'>
    <td class='none'><div class='testcase'>test_009</div></td>
    <td colspan='5' align='center'>

    <!--css div popup start-->
    <a class="popup_link" onfocus='this.blur();' href="javascript:showTestDetail('div_pt3.10')" >
        pass</a>

    <div id='div_pt3.10' class="popup_window">
        <div style='text-align: right; color:red;cursor:pointer'>
        <a onfocus='this.blur();' onclick="document.getElementById('div_pt3.10').style.display = 'none' " >
           [x]</a>
        </div>
        <pre>
        
pt3.10: 

        </pre>
    </div>
    <!--css div popup end-->

    </td>
</tr>

<tr id='pt3.11' class='hiddenRow'>
    <td class='none'><div class='testcase'>test_010</div></td>
    <td colspan='5' align='center'>

    <!--css div popup start-->
    <a class="popup_link" onfocus='this.blur();' href="javascript:showTestDetail('div_pt3.11')" >
        pass</a>

    <div id='div_pt3.11' class="popup_window">
        <div style='text-align: right; color:red;cursor:pointer'>
        <a onfocus='this.blur();' onclick="document.getElementById('div_pt3.11').style.display = 'none' " >
           [x]</a>
        </div>
        <pre>
        
pt3.11: 

        </pre>
    </div>
    <!--css div popup end-->

    </td>
</tr>

<tr id='pt3.12' class='hiddenRow'>
    <td class='none'><div class='testcase'>test_011</div></td>
    <td colspan='5' align='center'>

    <!--css div popup start-->
    <a class="popup_link" onfocus='this.blur();' href="javascript:showTestDetail('div_pt3.12')" >
        pass</a>

    <div id='div_pt3.12' class="popup_window">
        <div style='text-align: right; color:red;cursor:pointer'>
        <a onfocus='this.blur();' onclick="document.getElementById('div_pt3.12').style.display = 'none' " >
           [x]</a>
        </div>
        <pre>
        
pt3.12: 

        </pre>
    </div>
    <!--css div popup end-->

    </td>
</tr>

<tr id='ft3.13' class='none'>
    <td class='errorCase'><div class='testcase'>test_012</div></td>
    <td colspan='5' align='center'>

    <!--css div popup start-->
    <a class="popup_link" onfocus='this.blur();' href="javascript:showTestDetail('div_ft3.13')" >
        error</a>

    <div id='div_ft3.13' class="popup_window">
        <div style='text-align: right; color:red;cursor:pointer'>
        <a onfocus='this.blur();' onclick="document.getElementById('div_ft3.13').style.display = 'none' " >
           [x]</a>
        </div>
        <pre>
        
ft3.13: Traceback (most recent call last):
  File "F:\BabyPlanTest\case\hehongchao\test_001.py", line 89, in test_012
    chao.find_element_by_link_text("不要乱扔垃圾").click()
  File "E:\python\lib\site-packages\selenium\webdriver\remote\webelement.py", line 72, in click
    self._execute(Command.CLICK_ELEMENT)
  File "E:\python\lib\site-packages\selenium\webdriver\remote\webelement.py", line 461, in _execute
    return self._parent.execute(command, params)
  File "E:\python\lib\site-packages\selenium\webdriver\remote\webdriver.py", line 236, in execute
    self.error_handler.check_response(response)
  File "E:\python\lib\site-packages\selenium\webdriver\remote\errorhandler.py", line 192, in check_response
    raise exception_class(message, screen, stacktrace)
selenium.common.exceptions.WebDriverException: Message: Element is not clickable at point (944.5, 10.283340454101562). Other element would receive the click: &lt;a class="carousel-control right" href="#sCarousel" data-slide="next"&gt;&lt;/a&gt;

Traceback (most recent call last):
  File "F:\BabyPlanTest\case\hehongchao\test_001.py", line 89, in test_012
    chao.find_element_by_link_text("不要乱扔垃圾").click()
  File "E:\python\lib\site-packages\selenium\webdriver\remote\webelement.py", line 72, in click
    self._execute(Command.CLICK_ELEMENT)
  File "E:\python\lib\site-packages\selenium\webdriver\remote\webelement.py", line 461, in _execute
    return self._parent.execute(command, params)
  File "E:\python\lib\site-packages\selenium\webdriver\remote\webdriver.py", line 236, in execute
    self.error_handler.check_response(response)
  File "E:\python\lib\site-packages\selenium\webdriver\remote\errorhandler.py", line 192, in check_response
    raise exception_class(message, screen, stacktrace)
selenium.common.exceptions.WebDriverException: Message: Element is not clickable at point (944.5, 10.283340454101562). Other element would receive the click: &lt;a class="carousel-control right" href="#sCarousel" data-slide="next"&gt;&lt;/a&gt;



        </pre>
    </div>
    <!--css div popup end-->

    </td>
</tr>

<tr class='errorClass'>
    <td>hehongchao.test_002.Test01</td>
    <td>12</td>
    <td>8</td>
    <td>0</td>
    <td>4</td>
    <td><a href="javascript:showClassDetail('c4',12)">Detail</a></td>
</tr>

<tr id='ft4.1' class='none'>
    <td class='errorCase'><div class='testcase'>test_013</div></td>
    <td colspan='5' align='center'>

    <!--css div popup start-->
    <a class="popup_link" onfocus='this.blur();' href="javascript:showTestDetail('div_ft4.1')" >
        error</a>

    <div id='div_ft4.1' class="popup_window">
        <div style='text-align: right; color:red;cursor:pointer'>
        <a onfocus='this.blur();' onclick="document.getElementById('div_ft4.1').style.display = 'none' " >
           [x]</a>
        </div>
        <pre>
        
ft4.1: Traceback (most recent call last):
  File "F:\BabyPlanTest\case\hehongchao\test_002.py", line 29, in test_013
    self.chao.find_element_by_xpath(".//*[@id='div12']/a/p").click()
  File "E:\python\lib\site-packages\selenium\webdriver\remote\webelement.py", line 72, in click
    self._execute(Command.CLICK_ELEMENT)
  File "E:\python\lib\site-packages\selenium\webdriver\remote\webelement.py", line 461, in _execute
    return self._parent.execute(command, params)
  File "E:\python\lib\site-packages\selenium\webdriver\remote\webdriver.py", line 236, in execute
    self.error_handler.check_response(response)
  File "E:\python\lib\site-packages\selenium\webdriver\remote\errorhandler.py", line 192, in check_response
    raise exception_class(message, screen, stacktrace)
selenium.common.exceptions.WebDriverException: Message: Element is not clickable at point (1000.3333129882812, 15.649993896484375). Other element would receive the click: &lt;a class="carousel-control right" href="#sCarousel" data-slide="next"&gt;&lt;/a&gt;

Traceback (most recent call last):
  File "F:\BabyPlanTest\case\hehongchao\test_002.py", line 29, in test_013
    self.chao.find_element_by_xpath(".//*[@id='div12']/a/p").click()
  File "E:\python\lib\site-packages\selenium\webdriver\remote\webelement.py", line 72, in click
    self._execute(Command.CLICK_ELEMENT)
  File "E:\python\lib\site-packages\selenium\webdriver\remote\webelement.py", line 461, in _execute
    return self._parent.execute(command, params)
  File "E:\python\lib\site-packages\selenium\webdriver\remote\webdriver.py", line 236, in execute
    self.error_handler.check_response(response)
  File "E:\python\lib\site-packages\selenium\webdriver\remote\errorhandler.py", line 192, in check_response
    raise exception_class(message, screen, stacktrace)
selenium.common.exceptions.WebDriverException: Message: Element is not clickable at point (1000.3333129882812, 15.649993896484375). Other element would receive the click: &lt;a class="carousel-control right" href="#sCarousel" data-slide="next"&gt;&lt;/a&gt;



        </pre>
    </div>
    <!--css div popup end-->

    </td>
</tr>

<tr id='pt4.2' class='hiddenRow'>
    <td class='none'><div class='testcase'>test_014</div></td>
    <td colspan='5' align='center'>pass</td>
</tr>

<tr id='pt4.3' class='hiddenRow'>
    <td class='none'><div class='testcase'>test_015</div></td>
    <td colspan='5' align='center'>pass</td>
</tr>

<tr id='pt4.4' class='hiddenRow'>
    <td class='none'><div class='testcase'>test_016</div></td>
    <td colspan='5' align='center'>pass</td>
</tr>

<tr id='pt4.5' class='hiddenRow'>
    <td class='none'><div class='testcase'>test_017</div></td>
    <td colspan='5' align='center'>pass</td>
</tr>

<tr id='ft4.6' class='none'>
    <td class='errorCase'><div class='testcase'>test_018</div></td>
    <td colspan='5' align='center'>

    <!--css div popup start-->
    <a class="popup_link" onfocus='this.blur();' href="javascript:showTestDetail('div_ft4.6')" >
        error</a>

    <div id='div_ft4.6' class="popup_window">
        <div style='text-align: right; color:red;cursor:pointer'>
        <a onfocus='this.blur();' onclick="document.getElementById('div_ft4.6').style.display = 'none' " >
           [x]</a>
        </div>
        <pre>
        
ft4.6: Traceback (most recent call last):
  File "F:\BabyPlanTest\case\hehongchao\test_002.py", line 45, in test_018
    self.chao.find_element_by_link_text("贝嘟嘟的小脏手").click()
  File "E:\python\lib\site-packages\selenium\webdriver\remote\webelement.py", line 72, in click
    self._execute(Command.CLICK_ELEMENT)
  File "E:\python\lib\site-packages\selenium\webdriver\remote\webelement.py", line 461, in _execute
    return self._parent.execute(command, params)
  File "E:\python\lib\site-packages\selenium\webdriver\remote\webdriver.py", line 236, in execute
    self.error_handler.check_response(response)
  File "E:\python\lib\site-packages\selenium\webdriver\remote\errorhandler.py", line 192, in check_response
    raise exception_class(message, screen, stacktrace)
selenium.common.exceptions.WebDriverException: Message: Element is not clickable at point (944.5, 10.283340454101562). Other element would receive the click: &lt;a class="carousel-control right" href="#sCarousel" data-slide="next"&gt;&lt;/a&gt;

Traceback (most recent call last):
  File "F:\BabyPlanTest\case\hehongchao\test_002.py", line 45, in test_018
    self.chao.find_element_by_link_text("贝嘟嘟的小脏手").click()
  File "E:\python\lib\site-packages\selenium\webdriver\remote\webelement.py", line 72, in click
    self._execute(Command.CLICK_ELEMENT)
  File "E:\python\lib\site-packages\selenium\webdriver\remote\webelement.py", line 461, in _execute
    return self._parent.execute(command, params)
  File "E:\python\lib\site-packages\selenium\webdriver\remote\webdriver.py", line 236, in execute
    self.error_handler.check_response(response)
  File "E:\python\lib\site-packages\selenium\webdriver\remote\errorhandler.py", line 192, in check_response
    raise exception_class(message, screen, stacktrace)
selenium.common.exceptions.WebDriverException: Message: Element is not clickable at point (944.5, 10.283340454101562). Other element would receive the click: &lt;a class="carousel-control right" href="#sCarousel" data-slide="next"&gt;&lt;/a&gt;



        </pre>
    </div>
    <!--css div popup end-->

    </td>
</tr>

<tr id='ft4.7' class='none'>
    <td class='errorCase'><div class='testcase'>test_019</div></td>
    <td colspan='5' align='center'>

    <!--css div popup start-->
    <a class="popup_link" onfocus='this.blur();' href="javascript:showTestDetail('div_ft4.7')" >
        error</a>

    <div id='div_ft4.7' class="popup_window">
        <div style='text-align: right; color:red;cursor:pointer'>
        <a onfocus='this.blur();' onclick="document.getElementById('div_ft4.7').style.display = 'none' " >
           [x]</a>
        </div>
        <pre>
        
ft4.7: Traceback (most recent call last):
  File "F:\BabyPlanTest\case\hehongchao\test_002.py", line 48, in test_019
    self.chao.find_element_by_link_text("宝宝们的被子").click()
  File "E:\python\lib\site-packages\selenium\webdriver\remote\webelement.py", line 72, in click
    self._execute(Command.CLICK_ELEMENT)
  File "E:\python\lib\site-packages\selenium\webdriver\remote\webelement.py", line 461, in _execute
    return self._parent.execute(command, params)
  File "E:\python\lib\site-packages\selenium\webdriver\remote\webdriver.py", line 236, in execute
    self.error_handler.check_response(response)
  File "E:\python\lib\site-packages\selenium\webdriver\remote\errorhandler.py", line 192, in check_response
    raise exception_class(message, screen, stacktrace)
selenium.common.exceptions.WebDriverException: Message: Element is not clickable at point (228.78334045410156, 10.283340454101562). Other element would receive the click: &lt;a class="carousel-control left" href="#sCarousel" data-slide="prev"&gt;&lt;/a&gt;

Traceback (most recent call last):
  File "F:\BabyPlanTest\case\hehongchao\test_002.py", line 48, in test_019
    self.chao.find_element_by_link_text("宝宝们的被子").click()
  File "E:\python\lib\site-packages\selenium\webdriver\remote\webelement.py", line 72, in click
    self._execute(Command.CLICK_ELEMENT)
  File "E:\python\lib\site-packages\selenium\webdriver\remote\webelement.py", line 461, in _execute
    return self._parent.execute(command, params)
  File "E:\python\lib\site-packages\selenium\webdriver\remote\webdriver.py", line 236, in execute
    self.error_handler.check_response(response)
  File "E:\python\lib\site-packages\selenium\webdriver\remote\errorhandler.py", line 192, in check_response
    raise exception_class(message, screen, stacktrace)
selenium.common.exceptions.WebDriverException: Message: Element is not clickable at point (228.78334045410156, 10.283340454101562). Other element would receive the click: &lt;a class="carousel-control left" href="#sCarousel" data-slide="prev"&gt;&lt;/a&gt;



        </pre>
    </div>
    <!--css div popup end-->

    </td>
</tr>

<tr id='pt4.8' class='hiddenRow'>
    <td class='none'><div class='testcase'>test_020</div></td>
    <td colspan='5' align='center'>pass</td>
</tr>

<tr id='pt4.9' class='hiddenRow'>
    <td class='none'><div class='testcase'>test_021</div></td>
    <td colspan='5' align='center'>pass</td>
</tr>

<tr id='pt4.10' class='hiddenRow'>
    <td class='none'><div class='testcase'>test_022</div></td>
    <td colspan='5' align='center'>pass</td>
</tr>

<tr id='pt4.11' class='hiddenRow'>
    <td class='none'><div class='testcase'>test_023</div></td>
    <td colspan='5' align='center'>pass</td>
</tr>

<tr id='ft4.12' class='none'>
    <td class='errorCase'><div class='testcase'>test_024</div></td>
    <td colspan='5' align='center'>

    <!--css div popup start-->
    <a class="popup_link" onfocus='this.blur();' href="javascript:showTestDetail('div_ft4.12')" >
        error</a>

    <div id='div_ft4.12' class="popup_window">
        <div style='text-align: right; color:red;cursor:pointer'>
        <a onfocus='this.blur();' onclick="document.getElementById('div_ft4.12').style.display = 'none' " >
           [x]</a>
        </div>
        <pre>
        
ft4.12: Traceback (most recent call last):
  File "F:\BabyPlanTest\case\hehongchao\test_002.py", line 63, in test_024
    self.chao.find_element_by_link_text("为什么有彩虹").click()
  File "E:\python\lib\site-packages\selenium\webdriver\remote\webelement.py", line 72, in click
    self._execute(Command.CLICK_ELEMENT)
  File "E:\python\lib\site-packages\selenium\webdriver\remote\webelement.py", line 461, in _execute
    return self._parent.execute(command, params)
  File "E:\python\lib\site-packages\selenium\webdriver\remote\webdriver.py", line 236, in execute
    self.error_handler.check_response(response)
  File "E:\python\lib\site-packages\selenium\webdriver\remote\errorhandler.py", line 192, in check_response
    raise exception_class(message, screen, stacktrace)
selenium.common.exceptions.WebDriverException: Message: Element is not clickable at point (944.5, 10.283340454101562). Other element would receive the click: &lt;a class="carousel-control right" href="#sCarousel" data-slide="next"&gt;&lt;/a&gt;

Traceback (most recent call last):
  File "F:\BabyPlanTest\case\hehongchao\test_002.py", line 63, in test_024
    self.chao.find_element_by_link_text("为什么有彩虹").click()
  File "E:\python\lib\site-packages\selenium\webdriver\remote\webelement.py", line 72, in click
    self._execute(Command.CLICK_ELEMENT)
  File "E:\python\lib\site-packages\selenium\webdriver\remote\webelement.py", line 461, in _execute
    return self._parent.execute(command, params)
  File "E:\python\lib\site-packages\selenium\webdriver\remote\webdriver.py", line 236, in execute
    self.error_handler.check_response(response)
  File "E:\python\lib\site-packages\selenium\webdriver\remote\errorhandler.py", line 192, in check_response
    raise exception_class(message, screen, stacktrace)
selenium.common.exceptions.WebDriverException: Message: Element is not clickable at point (944.5, 10.283340454101562). Other element would receive the click: &lt;a class="carousel-control right" href="#sCarousel" data-slide="next"&gt;&lt;/a&gt;



        </pre>
    </div>
    <!--css div popup end-->

    </td>
</tr>

<tr class='errorClass'>
    <td>hehongchao.test_003.Test02</td>
    <td>1</td>
    <td>0</td>
    <td>0</td>
    <td>1</td>
    <td><a href="javascript:showClassDetail('c5',1)">Detail</a></td>
</tr>

<tr id='ft5.1' class='none'>
    <td class='errorCase'><div class='testcase'>test025</div></td>
    <td colspan='5' align='center'>

    <!--css div popup start-->
    <a class="popup_link" onfocus='this.blur();' href="javascript:showTestDetail('div_ft5.1')" >
        error</a>

    <div id='div_ft5.1' class="popup_window">
        <div style='text-align: right; color:red;cursor:pointer'>
        <a onfocus='this.blur();' onclick="document.getElementById('div_ft5.1').style.display = 'none' " >
           [x]</a>
        </div>
        <pre>
        
ft5.1: Traceback (most recent call last):
  File "F:\BabyPlanTest\case\hehongchao\test_003.py", line 28, in test025
    self.chao.find_element_by_link_text("爱护眼睛").click()
  File "E:\python\lib\site-packages\selenium\webdriver\remote\webdriver.py", line 317, in find_element_by_link_text
    return self.find_element(by=By.LINK_TEXT, value=link_text)
  File "E:\python\lib\site-packages\selenium\webdriver\remote\webdriver.py", line 752, in find_element
    'value': value})['value']
  File "E:\python\lib\site-packages\selenium\webdriver\remote\webdriver.py", line 236, in execute
    self.error_handler.check_response(response)
  File "E:\python\lib\site-packages\selenium\webdriver\remote\errorhandler.py", line 192, in check_response
    raise exception_class(message, screen, stacktrace)
selenium.common.exceptions.NoSuchElementException: Message: Unable to locate element: {"method":"link text","selector":"爱护眼睛"}
Stacktrace:
    at FirefoxDriver.prototype.findElementInternal_ (file:///C:/Users/ADMINI~1/AppData/Local/Temp/tmp4pwh8mgy/extensions/fxdriver@googlecode.com/components/driver-component.js:10770)
    at FirefoxDriver.prototype.findElement (file:///C:/Users/ADMINI~1/AppData/Local/Temp/tmp4pwh8mgy/extensions/fxdriver@googlecode.com/components/driver-component.js:10779)
    at DelayedCommand.prototype.executeInternal_/h (file:///C:/Users/ADMINI~1/AppData/Local/Temp/tmp4pwh8mgy/extensions/fxdriver@googlecode.com/components/command-processor.js:12661)
    at DelayedCommand.prototype.executeInternal_ (file:///C:/Users/ADMINI~1/AppData/Local/Temp/tmp4pwh8mgy/extensions/fxdriver@googlecode.com/components/command-processor.js:12666)
    at DelayedCommand.prototype.execute/&lt; (file:///C:/Users/ADMINI~1/AppData/Local/Temp/tmp4pwh8mgy/extensions/fxdriver@googlecode.com/components/command-processor.js:12608)
Traceback (most recent call last):
  File "F:\BabyPlanTest\case\hehongchao\test_003.py", line 28, in test025
    self.chao.find_element_by_link_text("爱护眼睛").click()
  File "E:\python\lib\site-packages\selenium\webdriver\remote\webdriver.py", line 317, in find_element_by_link_text
    return self.find_element(by=By.LINK_TEXT, value=link_text)
  File "E:\python\lib\site-packages\selenium\webdriver\remote\webdriver.py", line 752, in find_element
    'value': value})['value']
  File "E:\python\lib\site-packages\selenium\webdriver\remote\webdriver.py", line 236, in execute
    self.error_handler.check_response(response)
  File "E:\python\lib\site-packages\selenium\webdriver\remote\errorhandler.py", line 192, in check_response
    raise exception_class(message, screen, stacktrace)
selenium.common.exceptions.NoSuchElementException: Message: Unable to locate element: {"method":"link text","selector":"爱护眼睛"}
Stacktrace:
    at FirefoxDriver.prototype.findElementInternal_ (file:///C:/Users/ADMINI~1/AppData/Local/Temp/tmp4pwh8mgy/extensions/fxdriver@googlecode.com/components/driver-component.js:10770)
    at FirefoxDriver.prototype.findElement (file:///C:/Users/ADMINI~1/AppData/Local/Temp/tmp4pwh8mgy/extensions/fxdriver@googlecode.com/components/driver-component.js:10779)
    at DelayedCommand.prototype.executeInternal_/h (file:///C:/Users/ADMINI~1/AppData/Local/Temp/tmp4pwh8mgy/extensions/fxdriver@googlecode.com/components/command-processor.js:12661)
    at DelayedCommand.prototype.executeInternal_ (file:///C:/Users/ADMINI~1/AppData/Local/Temp/tmp4pwh8mgy/extensions/fxdriver@googlecode.com/components/command-processor.js:12666)
    at DelayedCommand.prototype.execute/&lt; (file:///C:/Users/ADMINI~1/AppData/Local/Temp/tmp4pwh8mgy/extensions/fxdriver@googlecode.com/components/command-processor.js:12608)


        </pre>
    </div>
    <!--css div popup end-->

    </td>
</tr>

<tr class='passClass'>
    <td>hehongchao.test_004.Test03</td>
    <td>1</td>
    <td>1</td>
    <td>0</td>
    <td>0</td>
    <td><a href="javascript:showClassDetail('c6',1)">Detail</a></td>
</tr>

<tr id='pt6.1' class='hiddenRow'>
    <td class='none'><div class='testcase'>test_026</div></td>
    <td colspan='5' align='center'>

    <!--css div popup start-->
    <a class="popup_link" onfocus='this.blur();' href="javascript:showTestDetail('div_pt6.1')" >
        pass</a>

    <div id='div_pt6.1' class="popup_window">
        <div style='text-align: right; color:red;cursor:pointer'>
        <a onfocus='this.blur();' onclick="document.getElementById('div_pt6.1').style.display = 'none' " >
           [x]</a>
        </div>
        <pre>
        
pt6.1: 

        </pre>
    </div>
    <!--css div popup end-->

    </td>
</tr>

<tr class='errorClass'>
    <td>hehongchao.test_005.Test03</td>
    <td>1</td>
    <td>0</td>
    <td>0</td>
    <td>1</td>
    <td><a href="javascript:showClassDetail('c7',1)">Detail</a></td>
</tr>

<tr id='ft7.1' class='none'>
    <td class='errorCase'><div class='testcase'>test_027</div></td>
    <td colspan='5' align='center'>

    <!--css div popup start-->
    <a class="popup_link" onfocus='this.blur();' href="javascript:showTestDetail('div_ft7.1')" >
        error</a>

    <div id='div_ft7.1' class="popup_window">
        <div style='text-align: right; color:red;cursor:pointer'>
        <a onfocus='this.blur();' onclick="document.getElementById('div_ft7.1').style.display = 'none' " >
           [x]</a>
        </div>
        <pre>
        
ft7.1: Traceback (most recent call last):
  File "F:\BabyPlanTest\case\hehongchao\test_005.py", line 30, in test_027
    ActionChains(self.chao).double_click(doubleclick_btn).perform()
  File "E:\python\lib\site-packages\selenium\webdriver\common\action_chains.py", line 74, in perform
    action()
  File "E:\python\lib\site-packages\selenium\webdriver\common\action_chains.py", line 129, in &lt;lambda&gt;
    Command.DOUBLE_CLICK, {}))
  File "E:\python\lib\site-packages\selenium\webdriver\remote\webdriver.py", line 236, in execute
    self.error_handler.check_response(response)
  File "E:\python\lib\site-packages\selenium\webdriver\remote\errorhandler.py", line 192, in check_response
    raise exception_class(message, screen, stacktrace)
selenium.common.exceptions.WebDriverException: Message: Element is not clickable at point (423.5, 327.28334045410156). Other element would receive the click: &lt;button class="jp-video--icon" role="button" tabindex="0"&gt;play&lt;/button&gt;

Traceback (most recent call last):
  File "F:\BabyPlanTest\case\hehongchao\test_005.py", line 30, in test_027
    ActionChains(self.chao).double_click(doubleclick_btn).perform()
  File "E:\python\lib\site-packages\selenium\webdriver\common\action_chains.py", line 74, in perform
    action()
  File "E:\python\lib\site-packages\selenium\webdriver\common\action_chains.py", line 129, in &lt;lambda&gt;
    Command.DOUBLE_CLICK, {}))
  File "E:\python\lib\site-packages\selenium\webdriver\remote\webdriver.py", line 236, in execute
    self.error_handler.check_response(response)
  File "E:\python\lib\site-packages\selenium\webdriver\remote\errorhandler.py", line 192, in check_response
    raise exception_class(message, screen, stacktrace)
selenium.common.exceptions.WebDriverException: Message: Element is not clickable at point (423.5, 327.28334045410156). Other element would receive the click: &lt;button class="jp-video--icon" role="button" tabindex="0"&gt;play&lt;/button&gt;



        </pre>
    </div>
    <!--css div popup end-->

    </td>
</tr>

<tr class='passClass'>
    <td>hehongchao.test_006.Test</td>
    <td>1</td>
    <td>1</td>
    <td>0</td>
    <td>0</td>
    <td><a href="javascript:showClassDetail('c8',1)">Detail</a></td>
</tr>

<tr id='pt8.1' class='hiddenRow'>
    <td class='none'><div class='testcase'>test_028</div></td>
    <td colspan='5' align='center'>

    <!--css div popup start-->
    <a class="popup_link" onfocus='this.blur();' href="javascript:showTestDetail('div_pt8.1')" >
        pass</a>

    <div id='div_pt8.1' class="popup_window">
        <div style='text-align: right; color:red;cursor:pointer'>
        <a onfocus='this.blur();' onclick="document.getElementById('div_pt8.1').style.display = 'none' " >
           [x]</a>
        </div>
        <pre>
        
pt8.1: 

        </pre>
    </div>
    <!--css div popup end-->

    </td>
</tr>

<tr class='passClass'>
    <td>hehongchao.test_007.Test</td>
    <td>1</td>
    <td>1</td>
    <td>0</td>
    <td>0</td>
    <td><a href="javascript:showClassDetail('c9',1)">Detail</a></td>
</tr>

<tr id='pt9.1' class='hiddenRow'>
    <td class='none'><div class='testcase'>test_029</div></td>
    <td colspan='5' align='center'>

    <!--css div popup start-->
    <a class="popup_link" onfocus='this.blur();' href="javascript:showTestDetail('div_pt9.1')" >
        pass</a>

    <div id='div_pt9.1' class="popup_window">
        <div style='text-align: right; color:red;cursor:pointer'>
        <a onfocus='this.blur();' onclick="document.getElementById('div_pt9.1').style.display = 'none' " >
           [x]</a>
        </div>
        <pre>
        
pt9.1: 

        </pre>
    </div>
    <!--css div popup end-->

    </td>
</tr>

<tr class='passClass'>
    <td>hehongchao.test_008.Test</td>
    <td>1</td>
    <td>1</td>
    <td>0</td>
    <td>0</td>
    <td><a href="javascript:showClassDetail('c10',1)">Detail</a></td>
</tr>

<tr id='pt10.1' class='hiddenRow'>
    <td class='none'><div class='testcase'>test_030</div></td>
    <td colspan='5' align='center'>

    <!--css div popup start-->
    <a class="popup_link" onfocus='this.blur();' href="javascript:showTestDetail('div_pt10.1')" >
        pass</a>

    <div id='div_pt10.1' class="popup_window">
        <div style='text-align: right; color:red;cursor:pointer'>
        <a onfocus='this.blur();' onclick="document.getElementById('div_pt10.1').style.display = 'none' " >
           [x]</a>
        </div>
        <pre>
        
pt10.1: 

        </pre>
    </div>
    <!--css div popup end-->

    </td>
</tr>

<tr class='errorClass'>
    <td>linjiexiong.test_admin_001.MyTestCase</td>
    <td>46</td>
    <td>42</td>
    <td>1</td>
    <td>3</td>
    <td><a href="javascript:showClassDetail('c11',46)">Detail</a></td>
</tr>

<tr id='pt11.1' class='hiddenRow'>
    <td class='none'><div class='testcase'>test_001: 后台管理模块登录测试</div></td>
    <td colspan='5' align='center'>pass</td>
</tr>

<tr id='pt11.2' class='hiddenRow'>
    <td class='none'><div class='testcase'>test_002: 管理员主页-用户信息管理功能调用测试</div></td>
    <td colspan='5' align='center'>pass</td>
</tr>

<tr id='pt11.3' class='hiddenRow'>
    <td class='none'><div class='testcase'>test_003: 管理员主页-故事信息管理功能调用测试</div></td>
    <td colspan='5' align='center'>pass</td>
</tr>

<tr id='pt11.4' class='hiddenRow'>
    <td class='none'><div class='testcase'>test_004: 管理员主页-音乐信息管理功能调用测试</div></td>
    <td colspan='5' align='center'>pass</td>
</tr>

<tr id='pt11.5' class='hiddenRow'>
    <td class='none'><div class='testcase'>test_005: 管理员主页-学习资料管理功能调用测试</div></td>
    <td colspan='5' align='center'>pass</td>
</tr>

<tr id='pt11.6' class='hiddenRow'>
    <td class='none'><div class='testcase'>test_006: 管理员主页-育儿知识管理功能调用测试</div></td>
    <td colspan='5' align='center'>pass</td>
</tr>

<tr id='pt11.7' class='hiddenRow'>
    <td class='none'><div class='testcase'>test_007: 管理员主页-育儿心得管理功能调用测试</div></td>
    <td colspan='5' align='center'>pass</td>
</tr>

<tr id='pt11.8' class='hiddenRow'>
    <td class='none'><div class='testcase'>test_008: 管理员主页-用户照片管理功能调用测试</div></td>
    <td colspan='5' align='center'>pass</td>
</tr>

<tr id='pt11.9' class='hiddenRow'>
    <td class='none'><div class='testcase'>test_009: 管理员主页-用户问题管理功能调用测试</div></td>
    <td colspan='5' align='center'>pass</td>
</tr>

<tr id='pt11.10' class='hiddenRow'>
    <td class='none'><div class='testcase'>test_010: 管理员主页-个人中心功能测试</div></td>
    <td colspan='5' align='center'>pass</td>
</tr>

<tr id='pt11.11' class='hiddenRow'>
    <td class='none'><div class='testcase'>test_011: 管理员主页-修改密码功能调用测试</div></td>
    <td colspan='5' align='center'>pass</td>
</tr>

<tr id='ft11.12' class='none'>
    <td class='failCase'><div class='testcase'>test_012: 管理员主页-修改密码功能测试</div></td>
    <td colspan='5' align='center'>

    <!--css div popup start-->
    <a class="popup_link" onfocus='this.blur();' href="javascript:showTestDetail('div_ft11.12')" >
        fail</a>

    <div id='div_ft11.12' class="popup_window">
        <div style='text-align: right; color:red;cursor:pointer'>
        <a onfocus='this.blur();' onclick="document.getElementById('div_ft11.12').style.display = 'none' " >
           [x]</a>
        </div>
        <pre>
        
ft11.12: Traceback (most recent call last):
  File "F:\BabyPlanTest\case\linjiexiong\test_admin_001.py", line 152, in test_012
    self.assertEqual(str1 , "管理员主页")
AssertionError: '用户登录' != '管理员主页'
- 用户登录
+ 管理员主页

Traceback (most recent call last):
  File "F:\BabyPlanTest\case\linjiexiong\test_admin_001.py", line 152, in test_012
    self.assertEqual(str1 , "管理员主页")
AssertionError: '用户登录' != '管理员主页'
- 用户登录
+ 管理员主页



        </pre>
    </div>
    <!--css div popup end-->

    </td>
</tr>

<tr id='pt11.13' class='hiddenRow'>
    <td class='none'><div class='testcase'>test_013: 管理员主页-注销功能测试</div></td>
    <td colspan='5' align='center'>pass</td>
</tr>

<tr id='pt11.14' class='hiddenRow'>
    <td class='none'><div class='testcase'>test_014: 管理员主页-用户信息管理-用户添加功能调用测试</div></td>
    <td colspan='5' align='center'>pass</td>
</tr>

<tr id='pt11.15' class='hiddenRow'>
    <td class='none'><div class='testcase'>test_015: 管理员主页-用户信息管理-搜索功能测试</div></td>
    <td colspan='5' align='center'>pass</td>
</tr>

<tr id='pt11.16' class='hiddenRow'>
    <td class='none'><div class='testcase'>test_016: 管理员主页-用户信息管理-搜索功能-查询不存在用户测试</div></td>
    <td colspan='5' align='center'>pass</td>
</tr>

<tr id='pt11.17' class='hiddenRow'>
    <td class='none'><div class='testcase'>test_017: 管理员主页-用户信息管理-用户添加功能测试</div></td>
    <td colspan='5' align='center'>pass</td>
</tr>

<tr id='pt11.18' class='hiddenRow'>
    <td class='none'><div class='testcase'>test_018: 管理员主页-用户信息管理-用户信息修改功能调用测试</div></td>
    <td colspan='5' align='center'>pass</td>
</tr>

<tr id='pt11.19' class='hiddenRow'>
    <td class='none'><div class='testcase'>test_019: 管理员主页-用户信息管理-用户信息修改功能测试</div></td>
    <td colspan='5' align='center'>pass</td>
</tr>

<tr id='pt11.20' class='hiddenRow'>
    <td class='none'><div class='testcase'>test_020: 管理员主页-用户信息管理-用户信息删除功能测试</div></td>
    <td colspan='5' align='center'>pass</td>
</tr>

<tr id='pt11.21' class='hiddenRow'>
    <td class='none'><div class='testcase'>test_021: 管理员主页-故事信息管理-上传故事功能调用测试</div></td>
    <td colspan='5' align='center'>pass</td>
</tr>

<tr id='pt11.22' class='hiddenRow'>
    <td class='none'><div class='testcase'>test_022: 管理员主页-故事信息管理-按年龄阶段分类查询功能测试</div></td>
    <td colspan='5' align='center'>pass</td>
</tr>

<tr id='ft11.23' class='none'>
    <td class='errorCase'><div class='testcase'>test_023: 管理员主页-故事信息管理-删除所选故事功能测试</div></td>
    <td colspan='5' align='center'>

    <!--css div popup start-->
    <a class="popup_link" onfocus='this.blur();' href="javascript:showTestDetail('div_ft11.23')" >
        error</a>

    <div id='div_ft11.23' class="popup_window">
        <div style='text-align: right; color:red;cursor:pointer'>
        <a onfocus='this.blur();' onclick="document.getElementById('div_ft11.23').style.display = 'none' " >
           [x]</a>
        </div>
        <pre>
        
ft11.23: Traceback (most recent call last):
  File "F:\BabyPlanTest\case\linjiexiong\test_admin_001.py", line 291, in test_023
    str2 = driver.find_element_by_xpath(".//*[@id='storyinfo']/tbody/tr[1]/td[2]").text
  File "E:\python\lib\site-packages\selenium\webdriver\remote\webdriver.py", line 293, in find_element_by_xpath
    return self.find_element(by=By.XPATH, value=xpath)
  File "E:\python\lib\site-packages\selenium\webdriver\remote\webdriver.py", line 752, in find_element
    'value': value})['value']
  File "E:\python\lib\site-packages\selenium\webdriver\remote\webdriver.py", line 236, in execute
    self.error_handler.check_response(response)
  File "E:\python\lib\site-packages\selenium\webdriver\remote\errorhandler.py", line 192, in check_response
    raise exception_class(message, screen, stacktrace)
selenium.common.exceptions.NoSuchElementException: Message: Unable to locate element: {"method":"xpath","selector":".//*[@id='storyinfo']/tbody/tr[1]/td[2]"}
Stacktrace:
    at FirefoxDriver.prototype.findElementInternal_ (file:///C:/Users/ADMINI~1/AppData/Local/Temp/tmpo28iy9pj/extensions/fxdriver@googlecode.com/components/driver-component.js:10770)
    at fxdriver.Timer.prototype.setTimeout/&lt;.notify (file:///C:/Users/ADMINI~1/AppData/Local/Temp/tmpo28iy9pj/extensions/fxdriver@googlecode.com/components/driver-component.js:625)
Traceback (most recent call last):
  File "F:\BabyPlanTest\case\linjiexiong\test_admin_001.py", line 291, in test_023
    str2 = driver.find_element_by_xpath(".//*[@id='storyinfo']/tbody/tr[1]/td[2]").text
  File "E:\python\lib\site-packages\selenium\webdriver\remote\webdriver.py", line 293, in find_element_by_xpath
    return self.find_element(by=By.XPATH, value=xpath)
  File "E:\python\lib\site-packages\selenium\webdriver\remote\webdriver.py", line 752, in find_element
    'value': value})['value']
  File "E:\python\lib\site-packages\selenium\webdriver\remote\webdriver.py", line 236, in execute
    self.error_handler.check_response(response)
  File "E:\python\lib\site-packages\selenium\webdriver\remote\errorhandler.py", line 192, in check_response
    raise exception_class(message, screen, stacktrace)
selenium.common.exceptions.NoSuchElementException: Message: Unable to locate element: {"method":"xpath","selector":".//*[@id='storyinfo']/tbody/tr[1]/td[2]"}
Stacktrace:
    at FirefoxDriver.prototype.findElementInternal_ (file:///C:/Users/ADMINI~1/AppData/Local/Temp/tmpo28iy9pj/extensions/fxdriver@googlecode.com/components/driver-component.js:10770)
    at fxdriver.Timer.prototype.setTimeout/&lt;.notify (file:///C:/Users/ADMINI~1/AppData/Local/Temp/tmpo28iy9pj/extensions/fxdriver@googlecode.com/components/driver-component.js:625)


        </pre>
    </div>
    <!--css div popup end-->

    </td>
</tr>

<tr id='pt11.24' class='hiddenRow'>
    <td class='none'><div class='testcase'>test_024: 管理员主页-故事信息管理-查看视频功能调用测试</div></td>
    <td colspan='5' align='center'>pass</td>
</tr>

<tr id='pt11.25' class='hiddenRow'>
    <td class='none'><div class='testcase'>test_025: 管理员主页-音乐信息管理-上传音乐功能调用测试</div></td>
    <td colspan='5' align='center'>pass</td>
</tr>

<tr id='pt11.26' class='hiddenRow'>
    <td class='none'><div class='testcase'>test_026: 管理员主页-音乐信息管理-按年龄阶段分类查询功能测试</div></td>
    <td colspan='5' align='center'>pass</td>
</tr>

<tr id='ft11.27' class='none'>
    <td class='errorCase'><div class='testcase'>test_027: 管理员主页-音乐信息管理-删除所选音乐功能测试</div></td>
    <td colspan='5' align='center'>

    <!--css div popup start-->
    <a class="popup_link" onfocus='this.blur();' href="javascript:showTestDetail('div_ft11.27')" >
        error</a>

    <div id='div_ft11.27' class="popup_window">
        <div style='text-align: right; color:red;cursor:pointer'>
        <a onfocus='this.blur();' onclick="document.getElementById('div_ft11.27').style.display = 'none' " >
           [x]</a>
        </div>
        <pre>
        
ft11.27: Traceback (most recent call last):
  File "F:\BabyPlanTest\case\linjiexiong\test_admin_001.py", line 341, in test_027
    str2 = driver.find_element_by_xpath(".//*[@id='musicinfo']/tbody/tr[1]/td[2]").text
  File "E:\python\lib\site-packages\selenium\webdriver\remote\webdriver.py", line 293, in find_element_by_xpath
    return self.find_element(by=By.XPATH, value=xpath)
  File "E:\python\lib\site-packages\selenium\webdriver\remote\webdriver.py", line 752, in find_element
    'value': value})['value']
  File "E:\python\lib\site-packages\selenium\webdriver\remote\webdriver.py", line 236, in execute
    self.error_handler.check_response(response)
  File "E:\python\lib\site-packages\selenium\webdriver\remote\errorhandler.py", line 192, in check_response
    raise exception_class(message, screen, stacktrace)
selenium.common.exceptions.NoSuchElementException: Message: Unable to locate element: {"method":"xpath","selector":".//*[@id='musicinfo']/tbody/tr[1]/td[2]"}
Stacktrace:
    at FirefoxDriver.prototype.findElementInternal_ (file:///C:/Users/ADMINI~1/AppData/Local/Temp/tmp2ib6bt3w/extensions/fxdriver@googlecode.com/components/driver-component.js:10770)
    at fxdriver.Timer.prototype.setTimeout/&lt;.notify (file:///C:/Users/ADMINI~1/AppData/Local/Temp/tmp2ib6bt3w/extensions/fxdriver@googlecode.com/components/driver-component.js:625)
Traceback (most recent call last):
  File "F:\BabyPlanTest\case\linjiexiong\test_admin_001.py", line 341, in test_027
    str2 = driver.find_element_by_xpath(".//*[@id='musicinfo']/tbody/tr[1]/td[2]").text
  File "E:\python\lib\site-packages\selenium\webdriver\remote\webdriver.py", line 293, in find_element_by_xpath
    return self.find_element(by=By.XPATH, value=xpath)
  File "E:\python\lib\site-packages\selenium\webdriver\remote\webdriver.py", line 752, in find_element
    'value': value})['value']
  File "E:\python\lib\site-packages\selenium\webdriver\remote\webdriver.py", line 236, in execute
    self.error_handler.check_response(response)
  File "E:\python\lib\site-packages\selenium\webdriver\remote\errorhandler.py", line 192, in check_response
    raise exception_class(message, screen, stacktrace)
selenium.common.exceptions.NoSuchElementException: Message: Unable to locate element: {"method":"xpath","selector":".//*[@id='musicinfo']/tbody/tr[1]/td[2]"}
Stacktrace:
    at FirefoxDriver.prototype.findElementInternal_ (file:///C:/Users/ADMINI~1/AppData/Local/Temp/tmp2ib6bt3w/extensions/fxdriver@googlecode.com/components/driver-component.js:10770)
    at fxdriver.Timer.prototype.setTimeout/&lt;.notify (file:///C:/Users/ADMINI~1/AppData/Local/Temp/tmp2ib6bt3w/extensions/fxdriver@googlecode.com/components/driver-component.js:625)


        </pre>
    </div>
    <!--css div popup end-->

    </td>
</tr>

<tr id='pt11.28' class='hiddenRow'>
    <td class='none'><div class='testcase'>test_028: 管理员主页-音乐信息管理-查看视频功能测试</div></td>
    <td colspan='5' align='center'>pass</td>
</tr>

<tr id='pt11.29' class='hiddenRow'>
    <td class='none'><div class='testcase'>test_029: 管理员主页-学习资料管理-上传功能调用测试</div></td>
    <td colspan='5' align='center'>pass</td>
</tr>

<tr id='ft11.30' class='none'>
    <td class='errorCase'><div class='testcase'>test_030: 管理员主页-学习资料管理-删除所选功能测试</div></td>
    <td colspan='5' align='center'>

    <!--css div popup start-->
    <a class="popup_link" onfocus='this.blur();' href="javascript:showTestDetail('div_ft11.30')" >
        error</a>

    <div id='div_ft11.30' class="popup_window">
        <div style='text-align: right; color:red;cursor:pointer'>
        <a onfocus='this.blur();' onclick="document.getElementById('div_ft11.30').style.display = 'none' " >
           [x]</a>
        </div>
        <pre>
        
ft11.30: Traceback (most recent call last):
  File "F:\BabyPlanTest\case\linjiexiong\test_admin_001.py", line 380, in test_030
    str2 = driver.find_element_by_xpath(".//*[@id='studyinfo']/tbody[2]/tr[1]/td[2]").text
  File "E:\python\lib\site-packages\selenium\webdriver\remote\webdriver.py", line 293, in find_element_by_xpath
    return self.find_element(by=By.XPATH, value=xpath)
  File "E:\python\lib\site-packages\selenium\webdriver\remote\webdriver.py", line 752, in find_element
    'value': value})['value']
  File "E:\python\lib\site-packages\selenium\webdriver\remote\webdriver.py", line 236, in execute
    self.error_handler.check_response(response)
  File "E:\python\lib\site-packages\selenium\webdriver\remote\errorhandler.py", line 192, in check_response
    raise exception_class(message, screen, stacktrace)
selenium.common.exceptions.NoSuchElementException: Message: Unable to locate element: {"method":"xpath","selector":".//*[@id='studyinfo']/tbody[2]/tr[1]/td[2]"}
Stacktrace:
    at FirefoxDriver.prototype.findElementInternal_ (file:///C:/Users/ADMINI~1/AppData/Local/Temp/tmpi8fjvhta/extensions/fxdriver@googlecode.com/components/driver-component.js:10770)
    at fxdriver.Timer.prototype.setTimeout/&lt;.notify (file:///C:/Users/ADMINI~1/AppData/Local/Temp/tmpi8fjvhta/extensions/fxdriver@googlecode.com/components/driver-component.js:625)
Traceback (most recent call last):
  File "F:\BabyPlanTest\case\linjiexiong\test_admin_001.py", line 380, in test_030
    str2 = driver.find_element_by_xpath(".//*[@id='studyinfo']/tbody[2]/tr[1]/td[2]").text
  File "E:\python\lib\site-packages\selenium\webdriver\remote\webdriver.py", line 293, in find_element_by_xpath
    return self.find_element(by=By.XPATH, value=xpath)
  File "E:\python\lib\site-packages\selenium\webdriver\remote\webdriver.py", line 752, in find_element
    'value': value})['value']
  File "E:\python\lib\site-packages\selenium\webdriver\remote\webdriver.py", line 236, in execute
    self.error_handler.check_response(response)
  File "E:\python\lib\site-packages\selenium\webdriver\remote\errorhandler.py", line 192, in check_response
    raise exception_class(message, screen, stacktrace)
selenium.common.exceptions.NoSuchElementException: Message: Unable to locate element: {"method":"xpath","selector":".//*[@id='studyinfo']/tbody[2]/tr[1]/td[2]"}
Stacktrace:
    at FirefoxDriver.prototype.findElementInternal_ (file:///C:/Users/ADMINI~1/AppData/Local/Temp/tmpi8fjvhta/extensions/fxdriver@googlecode.com/components/driver-component.js:10770)
    at fxdriver.Timer.prototype.setTimeout/&lt;.notify (file:///C:/Users/ADMINI~1/AppData/Local/Temp/tmpi8fjvhta/extensions/fxdriver@googlecode.com/components/driver-component.js:625)


        </pre>
    </div>
    <!--css div popup end-->

    </td>
</tr>

<tr id='pt11.31' class='hiddenRow'>
    <td class='none'><div class='testcase'>test_031: 管理员主页-学习资料管理-查看视频功能测试</div></td>
    <td colspan='5' align='center'>pass</td>
</tr>

<tr id='pt11.32' class='hiddenRow'>
    <td class='none'><div class='testcase'>test_032: 管理员主页-学习资料管理-多条件联合查询功能-查询测试</div></td>
    <td colspan='5' align='center'>pass</td>
</tr>

<tr id='pt11.33' class='hiddenRow'>
    <td class='none'><div class='testcase'>test_033: 管理员主页-学习资料管理-多条件联合查询功能-查询测试</div></td>
    <td colspan='5' align='center'>pass</td>
</tr>

<tr id='pt11.34' class='hiddenRow'>
    <td class='none'><div class='testcase'>test_034: 管理员主页-育儿知识管理-上传功能调用测试</div></td>
    <td colspan='5' align='center'>pass</td>
</tr>

<tr id='pt11.35' class='hiddenRow'>
    <td class='none'><div class='testcase'>test_035: 管理员主页-育儿知识管理-上传功能测试</div></td>
    <td colspan='5' align='center'>pass</td>
</tr>

<tr id='pt11.36' class='hiddenRow'>
    <td class='none'><div class='testcase'>test_036: 管理员主页-育儿知识管理-查看内容功能测试</div></td>
    <td colspan='5' align='center'>pass</td>
</tr>

<tr id='pt11.37' class='hiddenRow'>
    <td class='none'><div class='testcase'>test_037: 管理员主页-育儿知识管理-删除所选功能测试</div></td>
    <td colspan='5' align='center'>pass</td>
</tr>

<tr id='pt11.38' class='hiddenRow'>
    <td class='none'><div class='testcase'>test_038: 管理员主页-育儿知识管理-多条件联合查询功能测试</div></td>
    <td colspan='5' align='center'>pass</td>
</tr>

<tr id='pt11.39' class='hiddenRow'>
    <td class='none'><div class='testcase'>test_039: 管理员主页-育儿知识管理-多条件联合查询功能-查询不存在记录测试</div></td>
    <td colspan='5' align='center'>pass</td>
</tr>

<tr id='pt11.40' class='hiddenRow'>
    <td class='none'><div class='testcase'>test_040: 管理员主页-育儿知识管理-查看内容-返回上一页功能测试</div></td>
    <td colspan='5' align='center'>pass</td>
</tr>

<tr id='pt11.41' class='hiddenRow'>
    <td class='none'><div class='testcase'>test_041: 管理员主页-育儿心得管理-查看内容功能测试</div></td>
    <td colspan='5' align='center'>pass</td>
</tr>

<tr id='pt11.42' class='hiddenRow'>
    <td class='none'><div class='testcase'>test_042: 管理员主页-育儿心得管理-查看内容-返回上一页功能测试</div></td>
    <td colspan='5' align='center'>pass</td>
</tr>

<tr id='pt11.43' class='hiddenRow'>
    <td class='none'><div class='testcase'>test_043: 管理员主页-育儿心得管理-删除所选功能测试</div></td>
    <td colspan='5' align='center'>pass</td>
</tr>

<tr id='pt11.44' class='hiddenRow'>
    <td class='none'><div class='testcase'>test_044: 管理员主页-育儿心得管理-多条件联合查询功能测试</div></td>
    <td colspan='5' align='center'>pass</td>
</tr>

<tr id='pt11.45' class='hiddenRow'>
    <td class='none'><div class='testcase'>test_045: 管理员主页-育儿心得管理-多条件联合查询功能-查询不存在的记录测试</div></td>
    <td colspan='5' align='center'>pass</td>
</tr>

<tr id='pt11.46' class='hiddenRow'>
    <td class='none'><div class='testcase'>test_046: 管理员主页-用户照片管理-查询功能测试</div></td>
    <td colspan='5' align='center'>pass</td>
</tr>

<tr class='passClass'>
    <td>ouyangyougen.Login.test_001.web</td>
    <td>2</td>
    <td>2</td>
    <td>0</td>
    <td>0</td>
    <td><a href="javascript:showClassDetail('c12',2)">Detail</a></td>
</tr>

<tr id='pt12.1' class='hiddenRow'>
    <td class='none'><div class='testcase'>test_01: 验证能否正常打开babyplan页面</div></td>
    <td colspan='5' align='center'>

    <!--css div popup start-->
    <a class="popup_link" onfocus='this.blur();' href="javascript:showTestDetail('div_pt12.1')" >
        pass</a>

    <div id='div_pt12.1' class="popup_window">
        <div style='text-align: right; color:red;cursor:pointer'>
        <a onfocus='this.blur();' onclick="document.getElementById('div_pt12.1').style.display = 'none' " >
           [x]</a>
        </div>
        <pre>
        
pt12.1: 

        </pre>
    </div>
    <!--css div popup end-->

    </td>
</tr>

<tr id='pt12.2' class='hiddenRow'>
    <td class='none'><div class='testcase'>test_02: 验证使用chrome浏览器能否正常打开babyplan页面</div></td>
    <td colspan='5' align='center'>

    <!--css div popup start-->
    <a class="popup_link" onfocus='this.blur();' href="javascript:showTestDetail('div_pt12.2')" >
        pass</a>

    <div id='div_pt12.2' class="popup_window">
        <div style='text-align: right; color:red;cursor:pointer'>
        <a onfocus='this.blur();' onclick="document.getElementById('div_pt12.2').style.display = 'none' " >
           [x]</a>
        </div>
        <pre>
        
pt12.2: 

        </pre>
    </div>
    <!--css div popup end-->

    </td>
</tr>

<tr class='failClass'>
    <td>ouyangyougen.Login.test_002.TestDemoArg1</td>
    <td>6</td>
    <td>0</td>
    <td>6</td>
    <td>0</td>
    <td><a href="javascript:showClassDetail('c13',6)">Detail</a></td>
</tr>

<tr id='ft13.1' class='none'>
    <td class='failCase'><div class='testcase'>test_01: 验证输入正确的用户账号密码能否正常登录</div></td>
    <td colspan='5' align='center'>

    <!--css div popup start-->
    <a class="popup_link" onfocus='this.blur();' href="javascript:showTestDetail('div_ft13.1')" >
        fail</a>

    <div id='div_ft13.1' class="popup_window">
        <div style='text-align: right; color:red;cursor:pointer'>
        <a onfocus='this.blur();' onclick="document.getElementById('div_ft13.1').style.display = 'none' " >
           [x]</a>
        </div>
        <pre>
        
ft13.1: Traceback (most recent call last):
  File "F:\BabyPlanTest\case\ouyangyougen\Login\test_002.py", line 41, in test_01
    self.assertTrue(result)
AssertionError: False is not true
Traceback (most recent call last):
  File "F:\BabyPlanTest\case\ouyangyougen\Login\test_002.py", line 41, in test_01
    self.assertTrue(result)
AssertionError: False is not true


        </pre>
    </div>
    <!--css div popup end-->

    </td>
</tr>

<tr id='ft13.2' class='none'>
    <td class='failCase'><div class='testcase'>test_02: 验证输入正确账号密码后使用enter键能否实现登录</div></td>
    <td colspan='5' align='center'>

    <!--css div popup start-->
    <a class="popup_link" onfocus='this.blur();' href="javascript:showTestDetail('div_ft13.2')" >
        fail</a>

    <div id='div_ft13.2' class="popup_window">
        <div style='text-align: right; color:red;cursor:pointer'>
        <a onfocus='this.blur();' onclick="document.getElementById('div_ft13.2').style.display = 'none' " >
           [x]</a>
        </div>
        <pre>
        
ft13.2: Traceback (most recent call last):
  File "F:\BabyPlanTest\case\ouyangyougen\Login\test_002.py", line 49, in test_02
    self.assertTrue(result)
AssertionError: False is not true
Traceback (most recent call last):
  File "F:\BabyPlanTest\case\ouyangyougen\Login\test_002.py", line 49, in test_02
    self.assertTrue(result)
AssertionError: False is not true


        </pre>
    </div>
    <!--css div popup end-->

    </td>
</tr>

<tr id='ft13.3' class='none'>
    <td class='failCase'><div class='testcase'>test_03: 验证能否实现使用  tab键切换输入</div></td>
    <td colspan='5' align='center'>

    <!--css div popup start-->
    <a class="popup_link" onfocus='this.blur();' href="javascript:showTestDetail('div_ft13.3')" >
        fail</a>

    <div id='div_ft13.3' class="popup_window">
        <div style='text-align: right; color:red;cursor:pointer'>
        <a onfocus='this.blur();' onclick="document.getElementById('div_ft13.3').style.display = 'none' " >
           [x]</a>
        </div>
        <pre>
        
ft13.3: Traceback (most recent call last):
  File "F:\BabyPlanTest\case\ouyangyougen\Login\test_002.py", line 58, in test_03
    self.assertTrue(result)
AssertionError: False is not true
Traceback (most recent call last):
  File "F:\BabyPlanTest\case\ouyangyougen\Login\test_002.py", line 58, in test_03
    self.assertTrue(result)
AssertionError: False is not true


        </pre>
    </div>
    <!--css div popup end-->

    </td>
</tr>

<tr id='ft13.4' class='none'>
    <td class='failCase'><div class='testcase'>test_04: 验证输入错误的用户账号密码能否正常登录</div></td>
    <td colspan='5' align='center'>

    <!--css div popup start-->
    <a class="popup_link" onfocus='this.blur();' href="javascript:showTestDetail('div_ft13.4')" >
        fail</a>

    <div id='div_ft13.4' class="popup_window">
        <div style='text-align: right; color:red;cursor:pointer'>
        <a onfocus='this.blur();' onclick="document.getElementById('div_ft13.4').style.display = 'none' " >
           [x]</a>
        </div>
        <pre>
        
ft13.4: Traceback (most recent call last):
  File "F:\BabyPlanTest\case\ouyangyougen\Login\test_002.py", line 66, in test_04
    self.assertTrue(result)
AssertionError: False is not true
Traceback (most recent call last):
  File "F:\BabyPlanTest\case\ouyangyougen\Login\test_002.py", line 66, in test_04
    self.assertTrue(result)
AssertionError: False is not true


        </pre>
    </div>
    <!--css div popup end-->

    </td>
</tr>

<tr id='ft13.5' class='none'>
    <td class='failCase'><div class='testcase'>test_05: 验证只输入用户的账号能否正常登录</div></td>
    <td colspan='5' align='center'>

    <!--css div popup start-->
    <a class="popup_link" onfocus='this.blur();' href="javascript:showTestDetail('div_ft13.5')" >
        fail</a>

    <div id='div_ft13.5' class="popup_window">
        <div style='text-align: right; color:red;cursor:pointer'>
        <a onfocus='this.blur();' onclick="document.getElementById('div_ft13.5').style.display = 'none' " >
           [x]</a>
        </div>
        <pre>
        
ft13.5: Traceback (most recent call last):
  File "F:\BabyPlanTest\case\ouyangyougen\Login\test_002.py", line 73, in test_05
    self.assertTrue(result)
AssertionError: False is not true
Traceback (most recent call last):
  File "F:\BabyPlanTest\case\ouyangyougen\Login\test_002.py", line 73, in test_05
    self.assertTrue(result)
AssertionError: False is not true


        </pre>
    </div>
    <!--css div popup end-->

    </td>
</tr>

<tr id='ft13.6' class='none'>
    <td class='failCase'><div class='testcase'>test_06: 验证只输入密码能否登录</div></td>
    <td colspan='5' align='center'>

    <!--css div popup start-->
    <a class="popup_link" onfocus='this.blur();' href="javascript:showTestDetail('div_ft13.6')" >
        fail</a>

    <div id='div_ft13.6' class="popup_window">
        <div style='text-align: right; color:red;cursor:pointer'>
        <a onfocus='this.blur();' onclick="document.getElementById('div_ft13.6').style.display = 'none' " >
           [x]</a>
        </div>
        <pre>
        
ft13.6: Traceback (most recent call last):
  File "F:\BabyPlanTest\case\ouyangyougen\Login\test_002.py", line 80, in test_06
    self.assertTrue(result)
AssertionError: False is not true
Traceback (most recent call last):
  File "F:\BabyPlanTest\case\ouyangyougen\Login\test_002.py", line 80, in test_06
    self.assertTrue(result)
AssertionError: False is not true


        </pre>
    </div>
    <!--css div popup end-->

    </td>
</tr>

<tr class='errorClass'>
    <td>ouyangyougen.Login.test_003.user_Reg</td>
    <td>17</td>
    <td>0</td>
    <td>0</td>
    <td>17</td>
    <td><a href="javascript:showClassDetail('c14',17)">Detail</a></td>
</tr>

<tr id='ft14.1' class='none'>
    <td class='errorCase'><div class='testcase'>test_01: 验证输入没注册过的用户账号密码能否成功注册</div></td>
    <td colspan='5' align='center'>

    <!--css div popup start-->
    <a class="popup_link" onfocus='this.blur();' href="javascript:showTestDetail('div_ft14.1')" >
        error</a>

    <div id='div_ft14.1' class="popup_window">
        <div style='text-align: right; color:red;cursor:pointer'>
        <a onfocus='this.blur();' onclick="document.getElementById('div_ft14.1').style.display = 'none' " >
           [x]</a>
        </div>
        <pre>
        
ft14.1: Traceback (most recent call last):
  File "F:\BabyPlanTest\case\ouyangyougen\Login\test_003.py", line 49, in test_01
    result = self.is_rge_result()
TypeError: is_rge_result() missing 1 required positional argument: 'element'
Traceback (most recent call last):
  File "F:\BabyPlanTest\case\ouyangyougen\Login\test_003.py", line 49, in test_01
    result = self.is_rge_result()
TypeError: is_rge_result() missing 1 required positional argument: 'element'


        </pre>
    </div>
    <!--css div popup end-->

    </td>
</tr>

<tr id='ft14.2' class='none'>
    <td class='errorCase'><div class='testcase'>test_02: 验证输入已注册过的用户账号密码能否成功注册</div></td>
    <td colspan='5' align='center'>

    <!--css div popup start-->
    <a class="popup_link" onfocus='this.blur();' href="javascript:showTestDetail('div_ft14.2')" >
        error</a>

    <div id='div_ft14.2' class="popup_window">
        <div style='text-align: right; color:red;cursor:pointer'>
        <a onfocus='this.blur();' onclick="document.getElementById('div_ft14.2').style.display = 'none' " >
           [x]</a>
        </div>
        <pre>
        
ft14.2: Traceback (most recent call last):
  File "F:\BabyPlanTest\case\ouyangyougen\Login\test_003.py", line 53, in test_02
    self.rge("100867", "1008611","1008611")
  File "F:\BabyPlanTest\case\ouyangyougen\Login\test_003.py", line 23, in rge
    driver.find_element_by_id("regName").clear()
  File "E:\python\lib\site-packages\selenium\webdriver\remote\webelement.py", line 87, in clear
    self._execute(Command.CLEAR_ELEMENT)
  File "E:\python\lib\site-packages\selenium\webdriver\remote\webelement.py", line 461, in _execute
    return self._parent.execute(command, params)
  File "E:\python\lib\site-packages\selenium\webdriver\remote\webdriver.py", line 236, in execute
    self.error_handler.check_response(response)
  File "E:\python\lib\site-packages\selenium\webdriver\remote\errorhandler.py", line 192, in check_response
    raise exception_class(message, screen, stacktrace)
selenium.common.exceptions.ElementNotVisibleException: Message: Element is not currently visible and so may not be interacted with
Stacktrace:
    at fxdriver.preconditions.visible (file:///C:/Users/ADMINI~1/AppData/Local/Temp/tmpol7h70tl/extensions/fxdriver@googlecode.com/components/command-processor.js:10092)
    at DelayedCommand.prototype.checkPreconditions_ (file:///C:/Users/ADMINI~1/AppData/Local/Temp/tmpol7h70tl/extensions/fxdriver@googlecode.com/components/command-processor.js:12644)
    at DelayedCommand.prototype.executeInternal_/h (file:///C:/Users/ADMINI~1/AppData/Local/Temp/tmpol7h70tl/extensions/fxdriver@googlecode.com/components/command-processor.js:12661)
    at fxdriver.Timer.prototype.setTimeout/&lt;.notify (file:///C:/Users/ADMINI~1/AppData/Local/Temp/tmpol7h70tl/extensions/fxdriver@googlecode.com/components/command-processor.js:625)
Traceback (most recent call last):
  File "F:\BabyPlanTest\case\ouyangyougen\Login\test_003.py", line 53, in test_02
    self.rge("100867", "1008611","1008611")
  File "F:\BabyPlanTest\case\ouyangyougen\Login\test_003.py", line 23, in rge
    driver.find_element_by_id("regName").clear()
  File "E:\python\lib\site-packages\selenium\webdriver\remote\webelement.py", line 87, in clear
    self._execute(Command.CLEAR_ELEMENT)
  File "E:\python\lib\site-packages\selenium\webdriver\remote\webelement.py", line 461, in _execute
    return self._parent.execute(command, params)
  File "E:\python\lib\site-packages\selenium\webdriver\remote\webdriver.py", line 236, in execute
    self.error_handler.check_response(response)
  File "E:\python\lib\site-packages\selenium\webdriver\remote\errorhandler.py", line 192, in check_response
    raise exception_class(message, screen, stacktrace)
selenium.common.exceptions.ElementNotVisibleException: Message: Element is not currently visible and so may not be interacted with
Stacktrace:
    at fxdriver.preconditions.visible (file:///C:/Users/ADMINI~1/AppData/Local/Temp/tmpol7h70tl/extensions/fxdriver@googlecode.com/components/command-processor.js:10092)
    at DelayedCommand.prototype.checkPreconditions_ (file:///C:/Users/ADMINI~1/AppData/Local/Temp/tmpol7h70tl/extensions/fxdriver@googlecode.com/components/command-processor.js:12644)
    at DelayedCommand.prototype.executeInternal_/h (file:///C:/Users/ADMINI~1/AppData/Local/Temp/tmpol7h70tl/extensions/fxdriver@googlecode.com/components/command-processor.js:12661)
    at fxdriver.Timer.prototype.setTimeout/&lt;.notify (file:///C:/Users/ADMINI~1/AppData/Local/Temp/tmpol7h70tl/extensions/fxdriver@googlecode.com/components/command-processor.js:625)


        </pre>
    </div>
    <!--css div popup end-->

    </td>
</tr>

<tr id='ft14.3' class='none'>
    <td class='errorCase'><div class='testcase'>test_03: 验证只输入没注册过的用户账号能否成功注册</div></td>
    <td colspan='5' align='center'>

    <!--css div popup start-->
    <a class="popup_link" onfocus='this.blur();' href="javascript:showTestDetail('div_ft14.3')" >
        error</a>

    <div id='div_ft14.3' class="popup_window">
        <div style='text-align: right; color:red;cursor:pointer'>
        <a onfocus='this.blur();' onclick="document.getElementById('div_ft14.3').style.display = 'none' " >
           [x]</a>
        </div>
        <pre>
        
ft14.3: Traceback (most recent call last):
  File "F:\BabyPlanTest\case\ouyangyougen\Login\test_003.py", line 61, in test_03
    self.rge("1008677", "", "")
  File "F:\BabyPlanTest\case\ouyangyougen\Login\test_003.py", line 23, in rge
    driver.find_element_by_id("regName").clear()
  File "E:\python\lib\site-packages\selenium\webdriver\remote\webelement.py", line 87, in clear
    self._execute(Command.CLEAR_ELEMENT)
  File "E:\python\lib\site-packages\selenium\webdriver\remote\webelement.py", line 461, in _execute
    return self._parent.execute(command, params)
  File "E:\python\lib\site-packages\selenium\webdriver\remote\webdriver.py", line 236, in execute
    self.error_handler.check_response(response)
  File "E:\python\lib\site-packages\selenium\webdriver\remote\errorhandler.py", line 192, in check_response
    raise exception_class(message, screen, stacktrace)
selenium.common.exceptions.ElementNotVisibleException: Message: Element is not currently visible and so may not be interacted with
Stacktrace:
    at fxdriver.preconditions.visible (file:///C:/Users/ADMINI~1/AppData/Local/Temp/tmpol7h70tl/extensions/fxdriver@googlecode.com/components/command-processor.js:10092)
    at DelayedCommand.prototype.checkPreconditions_ (file:///C:/Users/ADMINI~1/AppData/Local/Temp/tmpol7h70tl/extensions/fxdriver@googlecode.com/components/command-processor.js:12644)
    at DelayedCommand.prototype.executeInternal_/h (file:///C:/Users/ADMINI~1/AppData/Local/Temp/tmpol7h70tl/extensions/fxdriver@googlecode.com/components/command-processor.js:12661)
    at fxdriver.Timer.prototype.setTimeout/&lt;.notify (file:///C:/Users/ADMINI~1/AppData/Local/Temp/tmpol7h70tl/extensions/fxdriver@googlecode.com/components/command-processor.js:625)
Traceback (most recent call last):
  File "F:\BabyPlanTest\case\ouyangyougen\Login\test_003.py", line 61, in test_03
    self.rge("1008677", "", "")
  File "F:\BabyPlanTest\case\ouyangyougen\Login\test_003.py", line 23, in rge
    driver.find_element_by_id("regName").clear()
  File "E:\python\lib\site-packages\selenium\webdriver\remote\webelement.py", line 87, in clear
    self._execute(Command.CLEAR_ELEMENT)
  File "E:\python\lib\site-packages\selenium\webdriver\remote\webelement.py", line 461, in _execute
    return self._parent.execute(command, params)
  File "E:\python\lib\site-packages\selenium\webdriver\remote\webdriver.py", line 236, in execute
    self.error_handler.check_response(response)
  File "E:\python\lib\site-packages\selenium\webdriver\remote\errorhandler.py", line 192, in check_response
    raise exception_class(message, screen, stacktrace)
selenium.common.exceptions.ElementNotVisibleException: Message: Element is not currently visible and so may not be interacted with
Stacktrace:
    at fxdriver.preconditions.visible (file:///C:/Users/ADMINI~1/AppData/Local/Temp/tmpol7h70tl/extensions/fxdriver@googlecode.com/components/command-processor.js:10092)
    at DelayedCommand.prototype.checkPreconditions_ (file:///C:/Users/ADMINI~1/AppData/Local/Temp/tmpol7h70tl/extensions/fxdriver@googlecode.com/components/command-processor.js:12644)
    at DelayedCommand.prototype.executeInternal_/h (file:///C:/Users/ADMINI~1/AppData/Local/Temp/tmpol7h70tl/extensions/fxdriver@googlecode.com/components/command-processor.js:12661)
    at fxdriver.Timer.prototype.setTimeout/&lt;.notify (file:///C:/Users/ADMINI~1/AppData/Local/Temp/tmpol7h70tl/extensions/fxdriver@googlecode.com/components/command-processor.js:625)


        </pre>
    </div>
    <!--css div popup end-->

    </td>
</tr>

<tr id='ft14.4' class='none'>
    <td class='errorCase'><div class='testcase'>test_04: 验证只输入密码能否成功注册</div></td>
    <td colspan='5' align='center'>

    <!--css div popup start-->
    <a class="popup_link" onfocus='this.blur();' href="javascript:showTestDetail('div_ft14.4')" >
        error</a>

    <div id='div_ft14.4' class="popup_window">
        <div style='text-align: right; color:red;cursor:pointer'>
        <a onfocus='this.blur();' onclick="document.getElementById('div_ft14.4').style.display = 'none' " >
           [x]</a>
        </div>
        <pre>
        
ft14.4: Traceback (most recent call last):
  File "F:\BabyPlanTest\case\ouyangyougen\Login\test_003.py", line 69, in test_04
    self.rge("", "1008611", "")
  File "F:\BabyPlanTest\case\ouyangyougen\Login\test_003.py", line 23, in rge
    driver.find_element_by_id("regName").clear()
  File "E:\python\lib\site-packages\selenium\webdriver\remote\webelement.py", line 87, in clear
    self._execute(Command.CLEAR_ELEMENT)
  File "E:\python\lib\site-packages\selenium\webdriver\remote\webelement.py", line 461, in _execute
    return self._parent.execute(command, params)
  File "E:\python\lib\site-packages\selenium\webdriver\remote\webdriver.py", line 236, in execute
    self.error_handler.check_response(response)
  File "E:\python\lib\site-packages\selenium\webdriver\remote\errorhandler.py", line 192, in check_response
    raise exception_class(message, screen, stacktrace)
selenium.common.exceptions.ElementNotVisibleException: Message: Element is not currently visible and so may not be interacted with
Stacktrace:
    at fxdriver.preconditions.visible (file:///C:/Users/ADMINI~1/AppData/Local/Temp/tmpol7h70tl/extensions/fxdriver@googlecode.com/components/command-processor.js:10092)
    at DelayedCommand.prototype.checkPreconditions_ (file:///C:/Users/ADMINI~1/AppData/Local/Temp/tmpol7h70tl/extensions/fxdriver@googlecode.com/components/command-processor.js:12644)
    at DelayedCommand.prototype.executeInternal_/h (file:///C:/Users/ADMINI~1/AppData/Local/Temp/tmpol7h70tl/extensions/fxdriver@googlecode.com/components/command-processor.js:12661)
    at fxdriver.Timer.prototype.setTimeout/&lt;.notify (file:///C:/Users/ADMINI~1/AppData/Local/Temp/tmpol7h70tl/extensions/fxdriver@googlecode.com/components/command-processor.js:625)
Traceback (most recent call last):
  File "F:\BabyPlanTest\case\ouyangyougen\Login\test_003.py", line 69, in test_04
    self.rge("", "1008611", "")
  File "F:\BabyPlanTest\case\ouyangyougen\Login\test_003.py", line 23, in rge
    driver.find_element_by_id("regName").clear()
  File "E:\python\lib\site-packages\selenium\webdriver\remote\webelement.py", line 87, in clear
    self._execute(Command.CLEAR_ELEMENT)
  File "E:\python\lib\site-packages\selenium\webdriver\remote\webelement.py", line 461, in _execute
    return self._parent.execute(command, params)
  File "E:\python\lib\site-packages\selenium\webdriver\remote\webdriver.py", line 236, in execute
    self.error_handler.check_response(response)
  File "E:\python\lib\site-packages\selenium\webdriver\remote\errorhandler.py", line 192, in check_response
    raise exception_class(message, screen, stacktrace)
selenium.common.exceptions.ElementNotVisibleException: Message: Element is not currently visible and so may not be interacted with
Stacktrace:
    at fxdriver.preconditions.visible (file:///C:/Users/ADMINI~1/AppData/Local/Temp/tmpol7h70tl/extensions/fxdriver@googlecode.com/components/command-processor.js:10092)
    at DelayedCommand.prototype.checkPreconditions_ (file:///C:/Users/ADMINI~1/AppData/Local/Temp/tmpol7h70tl/extensions/fxdriver@googlecode.com/components/command-processor.js:12644)
    at DelayedCommand.prototype.executeInternal_/h (file:///C:/Users/ADMINI~1/AppData/Local/Temp/tmpol7h70tl/extensions/fxdriver@googlecode.com/components/command-processor.js:12661)
    at fxdriver.Timer.prototype.setTimeout/&lt;.notify (file:///C:/Users/ADMINI~1/AppData/Local/Temp/tmpol7h70tl/extensions/fxdriver@googlecode.com/components/command-processor.js:625)


        </pre>
    </div>
    <!--css div popup end-->

    </td>
</tr>

<tr id='ft14.5' class='none'>
    <td class='errorCase'><div class='testcase'>test_05: 验证只输入确认密码能否成功注册</div></td>
    <td colspan='5' align='center'>

    <!--css div popup start-->
    <a class="popup_link" onfocus='this.blur();' href="javascript:showTestDetail('div_ft14.5')" >
        error</a>

    <div id='div_ft14.5' class="popup_window">
        <div style='text-align: right; color:red;cursor:pointer'>
        <a onfocus='this.blur();' onclick="document.getElementById('div_ft14.5').style.display = 'none' " >
           [x]</a>
        </div>
        <pre>
        
ft14.5: Traceback (most recent call last):
  File "F:\BabyPlanTest\case\ouyangyougen\Login\test_003.py", line 77, in test_05
    self.rge("", "", "1008611")
  File "F:\BabyPlanTest\case\ouyangyougen\Login\test_003.py", line 23, in rge
    driver.find_element_by_id("regName").clear()
  File "E:\python\lib\site-packages\selenium\webdriver\remote\webelement.py", line 87, in clear
    self._execute(Command.CLEAR_ELEMENT)
  File "E:\python\lib\site-packages\selenium\webdriver\remote\webelement.py", line 461, in _execute
    return self._parent.execute(command, params)
  File "E:\python\lib\site-packages\selenium\webdriver\remote\webdriver.py", line 236, in execute
    self.error_handler.check_response(response)
  File "E:\python\lib\site-packages\selenium\webdriver\remote\errorhandler.py", line 192, in check_response
    raise exception_class(message, screen, stacktrace)
selenium.common.exceptions.ElementNotVisibleException: Message: Element is not currently visible and so may not be interacted with
Stacktrace:
    at fxdriver.preconditions.visible (file:///C:/Users/ADMINI~1/AppData/Local/Temp/tmpol7h70tl/extensions/fxdriver@googlecode.com/components/command-processor.js:10092)
    at DelayedCommand.prototype.checkPreconditions_ (file:///C:/Users/ADMINI~1/AppData/Local/Temp/tmpol7h70tl/extensions/fxdriver@googlecode.com/components/command-processor.js:12644)
    at DelayedCommand.prototype.executeInternal_/h (file:///C:/Users/ADMINI~1/AppData/Local/Temp/tmpol7h70tl/extensions/fxdriver@googlecode.com/components/command-processor.js:12661)
    at fxdriver.Timer.prototype.setTimeout/&lt;.notify (file:///C:/Users/ADMINI~1/AppData/Local/Temp/tmpol7h70tl/extensions/fxdriver@googlecode.com/components/command-processor.js:625)
Traceback (most recent call last):
  File "F:\BabyPlanTest\case\ouyangyougen\Login\test_003.py", line 77, in test_05
    self.rge("", "", "1008611")
  File "F:\BabyPlanTest\case\ouyangyougen\Login\test_003.py", line 23, in rge
    driver.find_element_by_id("regName").clear()
  File "E:\python\lib\site-packages\selenium\webdriver\remote\webelement.py", line 87, in clear
    self._execute(Command.CLEAR_ELEMENT)
  File "E:\python\lib\site-packages\selenium\webdriver\remote\webelement.py", line 461, in _execute
    return self._parent.execute(command, params)
  File "E:\python\lib\site-packages\selenium\webdriver\remote\webdriver.py", line 236, in execute
    self.error_handler.check_response(response)
  File "E:\python\lib\site-packages\selenium\webdriver\remote\errorhandler.py", line 192, in check_response
    raise exception_class(message, screen, stacktrace)
selenium.common.exceptions.ElementNotVisibleException: Message: Element is not currently visible and so may not be interacted with
Stacktrace:
    at fxdriver.preconditions.visible (file:///C:/Users/ADMINI~1/AppData/Local/Temp/tmpol7h70tl/extensions/fxdriver@googlecode.com/components/command-processor.js:10092)
    at DelayedCommand.prototype.checkPreconditions_ (file:///C:/Users/ADMINI~1/AppData/Local/Temp/tmpol7h70tl/extensions/fxdriver@googlecode.com/components/command-processor.js:12644)
    at DelayedCommand.prototype.executeInternal_/h (file:///C:/Users/ADMINI~1/AppData/Local/Temp/tmpol7h70tl/extensions/fxdriver@googlecode.com/components/command-processor.js:12661)
    at fxdriver.Timer.prototype.setTimeout/&lt;.notify (file:///C:/Users/ADMINI~1/AppData/Local/Temp/tmpol7h70tl/extensions/fxdriver@googlecode.com/components/command-processor.js:625)


        </pre>
    </div>
    <!--css div popup end-->

    </td>
</tr>

<tr id='ft14.6' class='none'>
    <td class='errorCase'><div class='testcase'>test_06: 验证2次输入的密码不一致能否成功注册</div></td>
    <td colspan='5' align='center'>

    <!--css div popup start-->
    <a class="popup_link" onfocus='this.blur();' href="javascript:showTestDetail('div_ft14.6')" >
        error</a>

    <div id='div_ft14.6' class="popup_window">
        <div style='text-align: right; color:red;cursor:pointer'>
        <a onfocus='this.blur();' onclick="document.getElementById('div_ft14.6').style.display = 'none' " >
           [x]</a>
        </div>
        <pre>
        
ft14.6: Traceback (most recent call last):
  File "F:\BabyPlanTest\case\ouyangyougen\Login\test_003.py", line 84, in test_06
    self.rge("1009699", "1008611", "1009699")
  File "F:\BabyPlanTest\case\ouyangyougen\Login\test_003.py", line 23, in rge
    driver.find_element_by_id("regName").clear()
  File "E:\python\lib\site-packages\selenium\webdriver\remote\webelement.py", line 87, in clear
    self._execute(Command.CLEAR_ELEMENT)
  File "E:\python\lib\site-packages\selenium\webdriver\remote\webelement.py", line 461, in _execute
    return self._parent.execute(command, params)
  File "E:\python\lib\site-packages\selenium\webdriver\remote\webdriver.py", line 236, in execute
    self.error_handler.check_response(response)
  File "E:\python\lib\site-packages\selenium\webdriver\remote\errorhandler.py", line 192, in check_response
    raise exception_class(message, screen, stacktrace)
selenium.common.exceptions.ElementNotVisibleException: Message: Element is not currently visible and so may not be interacted with
Stacktrace:
    at fxdriver.preconditions.visible (file:///C:/Users/ADMINI~1/AppData/Local/Temp/tmpol7h70tl/extensions/fxdriver@googlecode.com/components/command-processor.js:10092)
    at DelayedCommand.prototype.checkPreconditions_ (file:///C:/Users/ADMINI~1/AppData/Local/Temp/tmpol7h70tl/extensions/fxdriver@googlecode.com/components/command-processor.js:12644)
    at DelayedCommand.prototype.executeInternal_/h (file:///C:/Users/ADMINI~1/AppData/Local/Temp/tmpol7h70tl/extensions/fxdriver@googlecode.com/components/command-processor.js:12661)
    at fxdriver.Timer.prototype.setTimeout/&lt;.notify (file:///C:/Users/ADMINI~1/AppData/Local/Temp/tmpol7h70tl/extensions/fxdriver@googlecode.com/components/command-processor.js:625)
Traceback (most recent call last):
  File "F:\BabyPlanTest\case\ouyangyougen\Login\test_003.py", line 84, in test_06
    self.rge("1009699", "1008611", "1009699")
  File "F:\BabyPlanTest\case\ouyangyougen\Login\test_003.py", line 23, in rge
    driver.find_element_by_id("regName").clear()
  File "E:\python\lib\site-packages\selenium\webdriver\remote\webelement.py", line 87, in clear
    self._execute(Command.CLEAR_ELEMENT)
  File "E:\python\lib\site-packages\selenium\webdriver\remote\webelement.py", line 461, in _execute
    return self._parent.execute(command, params)
  File "E:\python\lib\site-packages\selenium\webdriver\remote\webdriver.py", line 236, in execute
    self.error_handler.check_response(response)
  File "E:\python\lib\site-packages\selenium\webdriver\remote\errorhandler.py", line 192, in check_response
    raise exception_class(message, screen, stacktrace)
selenium.common.exceptions.ElementNotVisibleException: Message: Element is not currently visible and so may not be interacted with
Stacktrace:
    at fxdriver.preconditions.visible (file:///C:/Users/ADMINI~1/AppData/Local/Temp/tmpol7h70tl/extensions/fxdriver@googlecode.com/components/command-processor.js:10092)
    at DelayedCommand.prototype.checkPreconditions_ (file:///C:/Users/ADMINI~1/AppData/Local/Temp/tmpol7h70tl/extensions/fxdriver@googlecode.com/components/command-processor.js:12644)
    at DelayedCommand.prototype.executeInternal_/h (file:///C:/Users/ADMINI~1/AppData/Local/Temp/tmpol7h70tl/extensions/fxdriver@googlecode.com/components/command-processor.js:12661)
    at fxdriver.Timer.prototype.setTimeout/&lt;.notify (file:///C:/Users/ADMINI~1/AppData/Local/Temp/tmpol7h70tl/extensions/fxdriver@googlecode.com/components/command-processor.js:625)


        </pre>
    </div>
    <!--css div popup end-->

    </td>
</tr>

<tr id='ft14.7' class='none'>
    <td class='errorCase'><div class='testcase'>test_07: 验证注册输入账号字符多20（输入21个数字）能否成功注册</div></td>
    <td colspan='5' align='center'>

    <!--css div popup start-->
    <a class="popup_link" onfocus='this.blur();' href="javascript:showTestDetail('div_ft14.7')" >
        error</a>

    <div id='div_ft14.7' class="popup_window">
        <div style='text-align: right; color:red;cursor:pointer'>
        <a onfocus='this.blur();' onclick="document.getElementById('div_ft14.7').style.display = 'none' " >
           [x]</a>
        </div>
        <pre>
        
ft14.7: Traceback (most recent call last):
  File "F:\BabyPlanTest\case\ouyangyougen\Login\test_003.py", line 92, in test_07
    self.rge("123456789123456789123", "1008611", "1008611")
  File "F:\BabyPlanTest\case\ouyangyougen\Login\test_003.py", line 23, in rge
    driver.find_element_by_id("regName").clear()
  File "E:\python\lib\site-packages\selenium\webdriver\remote\webelement.py", line 87, in clear
    self._execute(Command.CLEAR_ELEMENT)
  File "E:\python\lib\site-packages\selenium\webdriver\remote\webelement.py", line 461, in _execute
    return self._parent.execute(command, params)
  File "E:\python\lib\site-packages\selenium\webdriver\remote\webdriver.py", line 236, in execute
    self.error_handler.check_response(response)
  File "E:\python\lib\site-packages\selenium\webdriver\remote\errorhandler.py", line 192, in check_response
    raise exception_class(message, screen, stacktrace)
selenium.common.exceptions.ElementNotVisibleException: Message: Element is not currently visible and so may not be interacted with
Stacktrace:
    at fxdriver.preconditions.visible (file:///C:/Users/ADMINI~1/AppData/Local/Temp/tmpol7h70tl/extensions/fxdriver@googlecode.com/components/command-processor.js:10092)
    at DelayedCommand.prototype.checkPreconditions_ (file:///C:/Users/ADMINI~1/AppData/Local/Temp/tmpol7h70tl/extensions/fxdriver@googlecode.com/components/command-processor.js:12644)
    at DelayedCommand.prototype.executeInternal_/h (file:///C:/Users/ADMINI~1/AppData/Local/Temp/tmpol7h70tl/extensions/fxdriver@googlecode.com/components/command-processor.js:12661)
    at fxdriver.Timer.prototype.setTimeout/&lt;.notify (file:///C:/Users/ADMINI~1/AppData/Local/Temp/tmpol7h70tl/extensions/fxdriver@googlecode.com/components/command-processor.js:625)
Traceback (most recent call last):
  File "F:\BabyPlanTest\case\ouyangyougen\Login\test_003.py", line 92, in test_07
    self.rge("123456789123456789123", "1008611", "1008611")
  File "F:\BabyPlanTest\case\ouyangyougen\Login\test_003.py", line 23, in rge
    driver.find_element_by_id("regName").clear()
  File "E:\python\lib\site-packages\selenium\webdriver\remote\webelement.py", line 87, in clear
    self._execute(Command.CLEAR_ELEMENT)
  File "E:\python\lib\site-packages\selenium\webdriver\remote\webelement.py", line 461, in _execute
    return self._parent.execute(command, params)
  File "E:\python\lib\site-packages\selenium\webdriver\remote\webdriver.py", line 236, in execute
    self.error_handler.check_response(response)
  File "E:\python\lib\site-packages\selenium\webdriver\remote\errorhandler.py", line 192, in check_response
    raise exception_class(message, screen, stacktrace)
selenium.common.exceptions.ElementNotVisibleException: Message: Element is not currently visible and so may not be interacted with
Stacktrace:
    at fxdriver.preconditions.visible (file:///C:/Users/ADMINI~1/AppData/Local/Temp/tmpol7h70tl/extensions/fxdriver@googlecode.com/components/command-processor.js:10092)
    at DelayedCommand.prototype.checkPreconditions_ (file:///C:/Users/ADMINI~1/AppData/Local/Temp/tmpol7h70tl/extensions/fxdriver@googlecode.com/components/command-processor.js:12644)
    at DelayedCommand.prototype.executeInternal_/h (file:///C:/Users/ADMINI~1/AppData/Local/Temp/tmpol7h70tl/extensions/fxdriver@googlecode.com/components/command-processor.js:12661)
    at fxdriver.Timer.prototype.setTimeout/&lt;.notify (file:///C:/Users/ADMINI~1/AppData/Local/Temp/tmpol7h70tl/extensions/fxdriver@googlecode.com/components/command-processor.js:625)


        </pre>
    </div>
    <!--css div popup end-->

    </td>
</tr>

<tr id='ft14.8' class='none'>
    <td class='errorCase'><div class='testcase'>test_08: 验证注册输入账号字符小于5（输入4位数字）能否成功注册</div></td>
    <td colspan='5' align='center'>

    <!--css div popup start-->
    <a class="popup_link" onfocus='this.blur();' href="javascript:showTestDetail('div_ft14.8')" >
        error</a>

    <div id='div_ft14.8' class="popup_window">
        <div style='text-align: right; color:red;cursor:pointer'>
        <a onfocus='this.blur();' onclick="document.getElementById('div_ft14.8').style.display = 'none' " >
           [x]</a>
        </div>
        <pre>
        
ft14.8: Traceback (most recent call last):
  File "F:\BabyPlanTest\case\ouyangyougen\Login\test_003.py", line 100, in test_08
    self.rge("6789", "1008611", "1008611")
  File "F:\BabyPlanTest\case\ouyangyougen\Login\test_003.py", line 23, in rge
    driver.find_element_by_id("regName").clear()
  File "E:\python\lib\site-packages\selenium\webdriver\remote\webelement.py", line 87, in clear
    self._execute(Command.CLEAR_ELEMENT)
  File "E:\python\lib\site-packages\selenium\webdriver\remote\webelement.py", line 461, in _execute
    return self._parent.execute(command, params)
  File "E:\python\lib\site-packages\selenium\webdriver\remote\webdriver.py", line 236, in execute
    self.error_handler.check_response(response)
  File "E:\python\lib\site-packages\selenium\webdriver\remote\errorhandler.py", line 192, in check_response
    raise exception_class(message, screen, stacktrace)
selenium.common.exceptions.ElementNotVisibleException: Message: Element is not currently visible and so may not be interacted with
Stacktrace:
    at fxdriver.preconditions.visible (file:///C:/Users/ADMINI~1/AppData/Local/Temp/tmpol7h70tl/extensions/fxdriver@googlecode.com/components/command-processor.js:10092)
    at DelayedCommand.prototype.checkPreconditions_ (file:///C:/Users/ADMINI~1/AppData/Local/Temp/tmpol7h70tl/extensions/fxdriver@googlecode.com/components/command-processor.js:12644)
    at DelayedCommand.prototype.executeInternal_/h (file:///C:/Users/ADMINI~1/AppData/Local/Temp/tmpol7h70tl/extensions/fxdriver@googlecode.com/components/command-processor.js:12661)
    at fxdriver.Timer.prototype.setTimeout/&lt;.notify (file:///C:/Users/ADMINI~1/AppData/Local/Temp/tmpol7h70tl/extensions/fxdriver@googlecode.com/components/command-processor.js:625)
Traceback (most recent call last):
  File "F:\BabyPlanTest\case\ouyangyougen\Login\test_003.py", line 100, in test_08
    self.rge("6789", "1008611", "1008611")
  File "F:\BabyPlanTest\case\ouyangyougen\Login\test_003.py", line 23, in rge
    driver.find_element_by_id("regName").clear()
  File "E:\python\lib\site-packages\selenium\webdriver\remote\webelement.py", line 87, in clear
    self._execute(Command.CLEAR_ELEMENT)
  File "E:\python\lib\site-packages\selenium\webdriver\remote\webelement.py", line 461, in _execute
    return self._parent.execute(command, params)
  File "E:\python\lib\site-packages\selenium\webdriver\remote\webdriver.py", line 236, in execute
    self.error_handler.check_response(response)
  File "E:\python\lib\site-packages\selenium\webdriver\remote\errorhandler.py", line 192, in check_response
    raise exception_class(message, screen, stacktrace)
selenium.common.exceptions.ElementNotVisibleException: Message: Element is not currently visible and so may not be interacted with
Stacktrace:
    at fxdriver.preconditions.visible (file:///C:/Users/ADMINI~1/AppData/Local/Temp/tmpol7h70tl/extensions/fxdriver@googlecode.com/components/command-processor.js:10092)
    at DelayedCommand.prototype.checkPreconditions_ (file:///C:/Users/ADMINI~1/AppData/Local/Temp/tmpol7h70tl/extensions/fxdriver@googlecode.com/components/command-processor.js:12644)
    at DelayedCommand.prototype.executeInternal_/h (file:///C:/Users/ADMINI~1/AppData/Local/Temp/tmpol7h70tl/extensions/fxdriver@googlecode.com/components/command-processor.js:12661)
    at fxdriver.Timer.prototype.setTimeout/&lt;.notify (file:///C:/Users/ADMINI~1/AppData/Local/Temp/tmpol7h70tl/extensions/fxdriver@googlecode.com/components/command-processor.js:625)


        </pre>
    </div>
    <!--css div popup end-->

    </td>
</tr>

<tr id='ft14.9' class='none'>
    <td class='errorCase'><div class='testcase'>test_09: 验证输入账号字符含汉字字符时能否成功注册</div></td>
    <td colspan='5' align='center'>

    <!--css div popup start-->
    <a class="popup_link" onfocus='this.blur();' href="javascript:showTestDetail('div_ft14.9')" >
        error</a>

    <div id='div_ft14.9' class="popup_window">
        <div style='text-align: right; color:red;cursor:pointer'>
        <a onfocus='this.blur();' onclick="document.getElementById('div_ft14.9').style.display = 'none' " >
           [x]</a>
        </div>
        <pre>
        
ft14.9: Traceback (most recent call last):
  File "F:\BabyPlanTest\case\ouyangyougen\Login\test_003.py", line 107, in test_09
    self.rge("6789含", "1008611", "1008611")
  File "F:\BabyPlanTest\case\ouyangyougen\Login\test_003.py", line 23, in rge
    driver.find_element_by_id("regName").clear()
  File "E:\python\lib\site-packages\selenium\webdriver\remote\webelement.py", line 87, in clear
    self._execute(Command.CLEAR_ELEMENT)
  File "E:\python\lib\site-packages\selenium\webdriver\remote\webelement.py", line 461, in _execute
    return self._parent.execute(command, params)
  File "E:\python\lib\site-packages\selenium\webdriver\remote\webdriver.py", line 236, in execute
    self.error_handler.check_response(response)
  File "E:\python\lib\site-packages\selenium\webdriver\remote\errorhandler.py", line 192, in check_response
    raise exception_class(message, screen, stacktrace)
selenium.common.exceptions.ElementNotVisibleException: Message: Element is not currently visible and so may not be interacted with
Stacktrace:
    at fxdriver.preconditions.visible (file:///C:/Users/ADMINI~1/AppData/Local/Temp/tmpol7h70tl/extensions/fxdriver@googlecode.com/components/command-processor.js:10092)
    at DelayedCommand.prototype.checkPreconditions_ (file:///C:/Users/ADMINI~1/AppData/Local/Temp/tmpol7h70tl/extensions/fxdriver@googlecode.com/components/command-processor.js:12644)
    at DelayedCommand.prototype.executeInternal_/h (file:///C:/Users/ADMINI~1/AppData/Local/Temp/tmpol7h70tl/extensions/fxdriver@googlecode.com/components/command-processor.js:12661)
    at fxdriver.Timer.prototype.setTimeout/&lt;.notify (file:///C:/Users/ADMINI~1/AppData/Local/Temp/tmpol7h70tl/extensions/fxdriver@googlecode.com/components/command-processor.js:625)
Traceback (most recent call last):
  File "F:\BabyPlanTest\case\ouyangyougen\Login\test_003.py", line 107, in test_09
    self.rge("6789含", "1008611", "1008611")
  File "F:\BabyPlanTest\case\ouyangyougen\Login\test_003.py", line 23, in rge
    driver.find_element_by_id("regName").clear()
  File "E:\python\lib\site-packages\selenium\webdriver\remote\webelement.py", line 87, in clear
    self._execute(Command.CLEAR_ELEMENT)
  File "E:\python\lib\site-packages\selenium\webdriver\remote\webelement.py", line 461, in _execute
    return self._parent.execute(command, params)
  File "E:\python\lib\site-packages\selenium\webdriver\remote\webdriver.py", line 236, in execute
    self.error_handler.check_response(response)
  File "E:\python\lib\site-packages\selenium\webdriver\remote\errorhandler.py", line 192, in check_response
    raise exception_class(message, screen, stacktrace)
selenium.common.exceptions.ElementNotVisibleException: Message: Element is not currently visible and so may not be interacted with
Stacktrace:
    at fxdriver.preconditions.visible (file:///C:/Users/ADMINI~1/AppData/Local/Temp/tmpol7h70tl/extensions/fxdriver@googlecode.com/components/command-processor.js:10092)
    at DelayedCommand.prototype.checkPreconditions_ (file:///C:/Users/ADMINI~1/AppData/Local/Temp/tmpol7h70tl/extensions/fxdriver@googlecode.com/components/command-processor.js:12644)
    at DelayedCommand.prototype.executeInternal_/h (file:///C:/Users/ADMINI~1/AppData/Local/Temp/tmpol7h70tl/extensions/fxdriver@googlecode.com/components/command-processor.js:12661)
    at fxdriver.Timer.prototype.setTimeout/&lt;.notify (file:///C:/Users/ADMINI~1/AppData/Local/Temp/tmpol7h70tl/extensions/fxdriver@googlecode.com/components/command-processor.js:625)


        </pre>
    </div>
    <!--css div popup end-->

    </td>
</tr>

<tr id='ft14.10' class='none'>
    <td class='errorCase'><div class='testcase'>test_10: 验证输入账号字符含特殊符号字符时能否成功注册</div></td>
    <td colspan='5' align='center'>

    <!--css div popup start-->
    <a class="popup_link" onfocus='this.blur();' href="javascript:showTestDetail('div_ft14.10')" >
        error</a>

    <div id='div_ft14.10' class="popup_window">
        <div style='text-align: right; color:red;cursor:pointer'>
        <a onfocus='this.blur();' onclick="document.getElementById('div_ft14.10').style.display = 'none' " >
           [x]</a>
        </div>
        <pre>
        
ft14.10: Traceback (most recent call last):
  File "F:\BabyPlanTest\case\ouyangyougen\Login\test_003.py", line 114, in test_10
    self.rge("6789@", "1008611", "1008611")
  File "F:\BabyPlanTest\case\ouyangyougen\Login\test_003.py", line 23, in rge
    driver.find_element_by_id("regName").clear()
  File "E:\python\lib\site-packages\selenium\webdriver\remote\webelement.py", line 87, in clear
    self._execute(Command.CLEAR_ELEMENT)
  File "E:\python\lib\site-packages\selenium\webdriver\remote\webelement.py", line 461, in _execute
    return self._parent.execute(command, params)
  File "E:\python\lib\site-packages\selenium\webdriver\remote\webdriver.py", line 236, in execute
    self.error_handler.check_response(response)
  File "E:\python\lib\site-packages\selenium\webdriver\remote\errorhandler.py", line 192, in check_response
    raise exception_class(message, screen, stacktrace)
selenium.common.exceptions.ElementNotVisibleException: Message: Element is not currently visible and so may not be interacted with
Stacktrace:
    at fxdriver.preconditions.visible (file:///C:/Users/ADMINI~1/AppData/Local/Temp/tmpol7h70tl/extensions/fxdriver@googlecode.com/components/command-processor.js:10092)
    at DelayedCommand.prototype.checkPreconditions_ (file:///C:/Users/ADMINI~1/AppData/Local/Temp/tmpol7h70tl/extensions/fxdriver@googlecode.com/components/command-processor.js:12644)
    at DelayedCommand.prototype.executeInternal_/h (file:///C:/Users/ADMINI~1/AppData/Local/Temp/tmpol7h70tl/extensions/fxdriver@googlecode.com/components/command-processor.js:12661)
    at fxdriver.Timer.prototype.setTimeout/&lt;.notify (file:///C:/Users/ADMINI~1/AppData/Local/Temp/tmpol7h70tl/extensions/fxdriver@googlecode.com/components/command-processor.js:625)
Traceback (most recent call last):
  File "F:\BabyPlanTest\case\ouyangyougen\Login\test_003.py", line 114, in test_10
    self.rge("6789@", "1008611", "1008611")
  File "F:\BabyPlanTest\case\ouyangyougen\Login\test_003.py", line 23, in rge
    driver.find_element_by_id("regName").clear()
  File "E:\python\lib\site-packages\selenium\webdriver\remote\webelement.py", line 87, in clear
    self._execute(Command.CLEAR_ELEMENT)
  File "E:\python\lib\site-packages\selenium\webdriver\remote\webelement.py", line 461, in _execute
    return self._parent.execute(command, params)
  File "E:\python\lib\site-packages\selenium\webdriver\remote\webdriver.py", line 236, in execute
    self.error_handler.check_response(response)
  File "E:\python\lib\site-packages\selenium\webdriver\remote\errorhandler.py", line 192, in check_response
    raise exception_class(message, screen, stacktrace)
selenium.common.exceptions.ElementNotVisibleException: Message: Element is not currently visible and so may not be interacted with
Stacktrace:
    at fxdriver.preconditions.visible (file:///C:/Users/ADMINI~1/AppData/Local/Temp/tmpol7h70tl/extensions/fxdriver@googlecode.com/components/command-processor.js:10092)
    at DelayedCommand.prototype.checkPreconditions_ (file:///C:/Users/ADMINI~1/AppData/Local/Temp/tmpol7h70tl/extensions/fxdriver@googlecode.com/components/command-processor.js:12644)
    at DelayedCommand.prototype.executeInternal_/h (file:///C:/Users/ADMINI~1/AppData/Local/Temp/tmpol7h70tl/extensions/fxdriver@googlecode.com/components/command-processor.js:12661)
    at fxdriver.Timer.prototype.setTimeout/&lt;.notify (file:///C:/Users/ADMINI~1/AppData/Local/Temp/tmpol7h70tl/extensions/fxdriver@googlecode.com/components/command-processor.js:625)


        </pre>
    </div>
    <!--css div popup end-->

    </td>
</tr>

<tr id='ft14.11' class='none'>
    <td class='errorCase'><div class='testcase'>test_11: 验证输入账号字符含空格字符时能否成功注册</div></td>
    <td colspan='5' align='center'>

    <!--css div popup start-->
    <a class="popup_link" onfocus='this.blur();' href="javascript:showTestDetail('div_ft14.11')" >
        error</a>

    <div id='div_ft14.11' class="popup_window">
        <div style='text-align: right; color:red;cursor:pointer'>
        <a onfocus='this.blur();' onclick="document.getElementById('div_ft14.11').style.display = 'none' " >
           [x]</a>
        </div>
        <pre>
        
ft14.11: Traceback (most recent call last):
  File "F:\BabyPlanTest\case\ouyangyougen\Login\test_003.py", line 121, in test_11
    self.rge("678 9", "1008611", "1008611")
  File "F:\BabyPlanTest\case\ouyangyougen\Login\test_003.py", line 23, in rge
    driver.find_element_by_id("regName").clear()
  File "E:\python\lib\site-packages\selenium\webdriver\remote\webelement.py", line 87, in clear
    self._execute(Command.CLEAR_ELEMENT)
  File "E:\python\lib\site-packages\selenium\webdriver\remote\webelement.py", line 461, in _execute
    return self._parent.execute(command, params)
  File "E:\python\lib\site-packages\selenium\webdriver\remote\webdriver.py", line 234, in execute
    response = self.command_executor.execute(driver_command, params)
  File "E:\python\lib\site-packages\selenium\webdriver\remote\remote_connection.py", line 401, in execute
    return self._request(command_info[0], url, body=data)
  File "E:\python\lib\site-packages\selenium\webdriver\remote\remote_connection.py", line 433, in _request
    resp = self._conn.getresponse()
  File "E:\python\lib\http\client.py", line 1331, in getresponse
    response.begin()
  File "E:\python\lib\http\client.py", line 297, in begin
    version, status, reason = self._read_status()
  File "E:\python\lib\http\client.py", line 266, in _read_status
    raise RemoteDisconnected("Remote end closed connection without"
http.client.RemoteDisconnected: Remote end closed connection without response
Traceback (most recent call last):
  File "F:\BabyPlanTest\case\ouyangyougen\Login\test_003.py", line 121, in test_11
    self.rge("678 9", "1008611", "1008611")
  File "F:\BabyPlanTest\case\ouyangyougen\Login\test_003.py", line 23, in rge
    driver.find_element_by_id("regName").clear()
  File "E:\python\lib\site-packages\selenium\webdriver\remote\webelement.py", line 87, in clear
    self._execute(Command.CLEAR_ELEMENT)
  File "E:\python\lib\site-packages\selenium\webdriver\remote\webelement.py", line 461, in _execute
    return self._parent.execute(command, params)
  File "E:\python\lib\site-packages\selenium\webdriver\remote\webdriver.py", line 234, in execute
    response = self.command_executor.execute(driver_command, params)
  File "E:\python\lib\site-packages\selenium\webdriver\remote\remote_connection.py", line 401, in execute
    return self._request(command_info[0], url, body=data)
  File "E:\python\lib\site-packages\selenium\webdriver\remote\remote_connection.py", line 433, in _request
    resp = self._conn.getresponse()
  File "E:\python\lib\http\client.py", line 1331, in getresponse
    response.begin()
  File "E:\python\lib\http\client.py", line 297, in begin
    version, status, reason = self._read_status()
  File "E:\python\lib\http\client.py", line 266, in _read_status
    raise RemoteDisconnected("Remote end closed connection without"
http.client.RemoteDisconnected: Remote end closed connection without response


        </pre>
    </div>
    <!--css div popup end-->

    </td>
</tr>

<tr id='ft14.12' class='none'>
    <td class='errorCase'><div class='testcase'>test_12: 验证注册输入密码字符多20（输入21个数字）能否成功注册</div></td>
    <td colspan='5' align='center'>

    <!--css div popup start-->
    <a class="popup_link" onfocus='this.blur();' href="javascript:showTestDetail('div_ft14.12')" >
        error</a>

    <div id='div_ft14.12' class="popup_window">
        <div style='text-align: right; color:red;cursor:pointer'>
        <a onfocus='this.blur();' onclick="document.getElementById('div_ft14.12').style.display = 'none' " >
           [x]</a>
        </div>
        <pre>
        
ft14.12: Traceback (most recent call last):
  File "F:\BabyPlanTest\case\ouyangyougen\Login\test_003.py", line 129, in test_12
    self.rge("7891011", "123456789123456789123", "123456789123456789123")
  File "F:\BabyPlanTest\case\ouyangyougen\Login\test_003.py", line 23, in rge
    driver.find_element_by_id("regName").clear()
  File "E:\python\lib\site-packages\selenium\webdriver\remote\webdriver.py", line 269, in find_element_by_id
    return self.find_element(by=By.ID, value=id_)
  File "E:\python\lib\site-packages\selenium\webdriver\remote\webdriver.py", line 752, in find_element
    'value': value})['value']
  File "E:\python\lib\site-packages\selenium\webdriver\remote\webdriver.py", line 234, in execute
    response = self.command_executor.execute(driver_command, params)
  File "E:\python\lib\site-packages\selenium\webdriver\remote\remote_connection.py", line 401, in execute
    return self._request(command_info[0], url, body=data)
  File "E:\python\lib\site-packages\selenium\webdriver\remote\remote_connection.py", line 432, in _request
    self._conn.request(method, parsed_url.path, body, headers)
  File "E:\python\lib\http\client.py", line 1239, in request
    self._send_request(method, url, body, headers, encode_chunked)
  File "E:\python\lib\http\client.py", line 1285, in _send_request
    self.endheaders(body, encode_chunked=encode_chunked)
  File "E:\python\lib\http\client.py", line 1234, in endheaders
    self._send_output(message_body, encode_chunked=encode_chunked)
  File "E:\python\lib\http\client.py", line 1026, in _send_output
    self.send(msg)
  File "E:\python\lib\http\client.py", line 964, in send
    self.connect()
  File "E:\python\lib\http\client.py", line 936, in connect
    (self.host,self.port), self.timeout, self.source_address)
  File "E:\python\lib\socket.py", line 722, in create_connection
    raise err
  File "E:\python\lib\socket.py", line 713, in create_connection
    sock.connect(sa)
ConnectionRefusedError: [WinError 10061] 由于目标计算机积极拒绝，无法连接。
Traceback (most recent call last):
  File "F:\BabyPlanTest\case\ouyangyougen\Login\test_003.py", line 129, in test_12
    self.rge("7891011", "123456789123456789123", "123456789123456789123")
  File "F:\BabyPlanTest\case\ouyangyougen\Login\test_003.py", line 23, in rge
    driver.find_element_by_id("regName").clear()
  File "E:\python\lib\site-packages\selenium\webdriver\remote\webdriver.py", line 269, in find_element_by_id
    return self.find_element(by=By.ID, value=id_)
  File "E:\python\lib\site-packages\selenium\webdriver\remote\webdriver.py", line 752, in find_element
    'value': value})['value']
  File "E:\python\lib\site-packages\selenium\webdriver\remote\webdriver.py", line 234, in execute
    response = self.command_executor.execute(driver_command, params)
  File "E:\python\lib\site-packages\selenium\webdriver\remote\remote_connection.py", line 401, in execute
    return self._request(command_info[0], url, body=data)
  File "E:\python\lib\site-packages\selenium\webdriver\remote\remote_connection.py", line 432, in _request
    self._conn.request(method, parsed_url.path, body, headers)
  File "E:\python\lib\http\client.py", line 1239, in request
    self._send_request(method, url, body, headers, encode_chunked)
  File "E:\python\lib\http\client.py", line 1285, in _send_request
    self.endheaders(body, encode_chunked=encode_chunked)
  File "E:\python\lib\http\client.py", line 1234, in endheaders
    self._send_output(message_body, encode_chunked=encode_chunked)
  File "E:\python\lib\http\client.py", line 1026, in _send_output
    self.send(msg)
  File "E:\python\lib\http\client.py", line 964, in send
    self.connect()
  File "E:\python\lib\http\client.py", line 936, in connect
    (self.host,self.port), self.timeout, self.source_address)
  File "E:\python\lib\socket.py", line 722, in create_connection
    raise err
  File "E:\python\lib\socket.py", line 713, in create_connection
    sock.connect(sa)
ConnectionRefusedError: [WinError 10061] 由于目标计算机积极拒绝，无法连接。


        </pre>
    </div>
    <!--css div popup end-->

    </td>
</tr>

<tr id='ft14.13' class='none'>
    <td class='errorCase'><div class='testcase'>test_13: 验证注册输入账号字符小于6（输入5位数字）能否成功注册</div></td>
    <td colspan='5' align='center'>

    <!--css div popup start-->
    <a class="popup_link" onfocus='this.blur();' href="javascript:showTestDetail('div_ft14.13')" >
        error</a>

    <div id='div_ft14.13' class="popup_window">
        <div style='text-align: right; color:red;cursor:pointer'>
        <a onfocus='this.blur();' onclick="document.getElementById('div_ft14.13').style.display = 'none' " >
           [x]</a>
        </div>
        <pre>
        
ft14.13: Traceback (most recent call last):
  File "F:\BabyPlanTest\case\ouyangyougen\Login\test_003.py", line 137, in test_13
    self.rge("7891011", "10086", "10086")
  File "F:\BabyPlanTest\case\ouyangyougen\Login\test_003.py", line 23, in rge
    driver.find_element_by_id("regName").clear()
  File "E:\python\lib\site-packages\selenium\webdriver\remote\webdriver.py", line 269, in find_element_by_id
    return self.find_element(by=By.ID, value=id_)
  File "E:\python\lib\site-packages\selenium\webdriver\remote\webdriver.py", line 752, in find_element
    'value': value})['value']
  File "E:\python\lib\site-packages\selenium\webdriver\remote\webdriver.py", line 234, in execute
    response = self.command_executor.execute(driver_command, params)
  File "E:\python\lib\site-packages\selenium\webdriver\remote\remote_connection.py", line 401, in execute
    return self._request(command_info[0], url, body=data)
  File "E:\python\lib\site-packages\selenium\webdriver\remote\remote_connection.py", line 432, in _request
    self._conn.request(method, parsed_url.path, body, headers)
  File "E:\python\lib\http\client.py", line 1239, in request
    self._send_request(method, url, body, headers, encode_chunked)
  File "E:\python\lib\http\client.py", line 1285, in _send_request
    self.endheaders(body, encode_chunked=encode_chunked)
  File "E:\python\lib\http\client.py", line 1234, in endheaders
    self._send_output(message_body, encode_chunked=encode_chunked)
  File "E:\python\lib\http\client.py", line 1026, in _send_output
    self.send(msg)
  File "E:\python\lib\http\client.py", line 964, in send
    self.connect()
  File "E:\python\lib\http\client.py", line 936, in connect
    (self.host,self.port), self.timeout, self.source_address)
  File "E:\python\lib\socket.py", line 722, in create_connection
    raise err
  File "E:\python\lib\socket.py", line 713, in create_connection
    sock.connect(sa)
ConnectionRefusedError: [WinError 10061] 由于目标计算机积极拒绝，无法连接。
Traceback (most recent call last):
  File "F:\BabyPlanTest\case\ouyangyougen\Login\test_003.py", line 137, in test_13
    self.rge("7891011", "10086", "10086")
  File "F:\BabyPlanTest\case\ouyangyougen\Login\test_003.py", line 23, in rge
    driver.find_element_by_id("regName").clear()
  File "E:\python\lib\site-packages\selenium\webdriver\remote\webdriver.py", line 269, in find_element_by_id
    return self.find_element(by=By.ID, value=id_)
  File "E:\python\lib\site-packages\selenium\webdriver\remote\webdriver.py", line 752, in find_element
    'value': value})['value']
  File "E:\python\lib\site-packages\selenium\webdriver\remote\webdriver.py", line 234, in execute
    response = self.command_executor.execute(driver_command, params)
  File "E:\python\lib\site-packages\selenium\webdriver\remote\remote_connection.py", line 401, in execute
    return self._request(command_info[0], url, body=data)
  File "E:\python\lib\site-packages\selenium\webdriver\remote\remote_connection.py", line 432, in _request
    self._conn.request(method, parsed_url.path, body, headers)
  File "E:\python\lib\http\client.py", line 1239, in request
    self._send_request(method, url, body, headers, encode_chunked)
  File "E:\python\lib\http\client.py", line 1285, in _send_request
    self.endheaders(body, encode_chunked=encode_chunked)
  File "E:\python\lib\http\client.py", line 1234, in endheaders
    self._send_output(message_body, encode_chunked=encode_chunked)
  File "E:\python\lib\http\client.py", line 1026, in _send_output
    self.send(msg)
  File "E:\python\lib\http\client.py", line 964, in send
    self.connect()
  File "E:\python\lib\http\client.py", line 936, in connect
    (self.host,self.port), self.timeout, self.source_address)
  File "E:\python\lib\socket.py", line 722, in create_connection
    raise err
  File "E:\python\lib\socket.py", line 713, in create_connection
    sock.connect(sa)
ConnectionRefusedError: [WinError 10061] 由于目标计算机积极拒绝，无法连接。


        </pre>
    </div>
    <!--css div popup end-->

    </td>
</tr>

<tr id='ft14.14' class='none'>
    <td class='errorCase'><div class='testcase'>test_14: 验证输入密码的字符含汉字字符时能否成功注册</div></td>
    <td colspan='5' align='center'>

    <!--css div popup start-->
    <a class="popup_link" onfocus='this.blur();' href="javascript:showTestDetail('div_ft14.14')" >
        error</a>

    <div id='div_ft14.14' class="popup_window">
        <div style='text-align: right; color:red;cursor:pointer'>
        <a onfocus='this.blur();' onclick="document.getElementById('div_ft14.14').style.display = 'none' " >
           [x]</a>
        </div>
        <pre>
        
ft14.14: Traceback (most recent call last):
  File "F:\BabyPlanTest\case\ouyangyougen\Login\test_003.py", line 145, in test_14
    self.rge("7891011", "1008611含", "1008611含")
  File "F:\BabyPlanTest\case\ouyangyougen\Login\test_003.py", line 23, in rge
    driver.find_element_by_id("regName").clear()
  File "E:\python\lib\site-packages\selenium\webdriver\remote\webdriver.py", line 269, in find_element_by_id
    return self.find_element(by=By.ID, value=id_)
  File "E:\python\lib\site-packages\selenium\webdriver\remote\webdriver.py", line 752, in find_element
    'value': value})['value']
  File "E:\python\lib\site-packages\selenium\webdriver\remote\webdriver.py", line 234, in execute
    response = self.command_executor.execute(driver_command, params)
  File "E:\python\lib\site-packages\selenium\webdriver\remote\remote_connection.py", line 401, in execute
    return self._request(command_info[0], url, body=data)
  File "E:\python\lib\site-packages\selenium\webdriver\remote\remote_connection.py", line 432, in _request
    self._conn.request(method, parsed_url.path, body, headers)
  File "E:\python\lib\http\client.py", line 1239, in request
    self._send_request(method, url, body, headers, encode_chunked)
  File "E:\python\lib\http\client.py", line 1285, in _send_request
    self.endheaders(body, encode_chunked=encode_chunked)
  File "E:\python\lib\http\client.py", line 1234, in endheaders
    self._send_output(message_body, encode_chunked=encode_chunked)
  File "E:\python\lib\http\client.py", line 1026, in _send_output
    self.send(msg)
  File "E:\python\lib\http\client.py", line 964, in send
    self.connect()
  File "E:\python\lib\http\client.py", line 936, in connect
    (self.host,self.port), self.timeout, self.source_address)
  File "E:\python\lib\socket.py", line 722, in create_connection
    raise err
  File "E:\python\lib\socket.py", line 713, in create_connection
    sock.connect(sa)
ConnectionRefusedError: [WinError 10061] 由于目标计算机积极拒绝，无法连接。
Traceback (most recent call last):
  File "F:\BabyPlanTest\case\ouyangyougen\Login\test_003.py", line 145, in test_14
    self.rge("7891011", "1008611含", "1008611含")
  File "F:\BabyPlanTest\case\ouyangyougen\Login\test_003.py", line 23, in rge
    driver.find_element_by_id("regName").clear()
  File "E:\python\lib\site-packages\selenium\webdriver\remote\webdriver.py", line 269, in find_element_by_id
    return self.find_element(by=By.ID, value=id_)
  File "E:\python\lib\site-packages\selenium\webdriver\remote\webdriver.py", line 752, in find_element
    'value': value})['value']
  File "E:\python\lib\site-packages\selenium\webdriver\remote\webdriver.py", line 234, in execute
    response = self.command_executor.execute(driver_command, params)
  File "E:\python\lib\site-packages\selenium\webdriver\remote\remote_connection.py", line 401, in execute
    return self._request(command_info[0], url, body=data)
  File "E:\python\lib\site-packages\selenium\webdriver\remote\remote_connection.py", line 432, in _request
    self._conn.request(method, parsed_url.path, body, headers)
  File "E:\python\lib\http\client.py", line 1239, in request
    self._send_request(method, url, body, headers, encode_chunked)
  File "E:\python\lib\http\client.py", line 1285, in _send_request
    self.endheaders(body, encode_chunked=encode_chunked)
  File "E:\python\lib\http\client.py", line 1234, in endheaders
    self._send_output(message_body, encode_chunked=encode_chunked)
  File "E:\python\lib\http\client.py", line 1026, in _send_output
    self.send(msg)
  File "E:\python\lib\http\client.py", line 964, in send
    self.connect()
  File "E:\python\lib\http\client.py", line 936, in connect
    (self.host,self.port), self.timeout, self.source_address)
  File "E:\python\lib\socket.py", line 722, in create_connection
    raise err
  File "E:\python\lib\socket.py", line 713, in create_connection
    sock.connect(sa)
ConnectionRefusedError: [WinError 10061] 由于目标计算机积极拒绝，无法连接。


        </pre>
    </div>
    <!--css div popup end-->

    </td>
</tr>

<tr id='ft14.15' class='none'>
    <td class='errorCase'><div class='testcase'>test_15: 验证输入账号字符含特殊符号字符时能否成功注册</div></td>
    <td colspan='5' align='center'>

    <!--css div popup start-->
    <a class="popup_link" onfocus='this.blur();' href="javascript:showTestDetail('div_ft14.15')" >
        error</a>

    <div id='div_ft14.15' class="popup_window">
        <div style='text-align: right; color:red;cursor:pointer'>
        <a onfocus='this.blur();' onclick="document.getElementById('div_ft14.15').style.display = 'none' " >
           [x]</a>
        </div>
        <pre>
        
ft14.15: Traceback (most recent call last):
  File "F:\BabyPlanTest\case\ouyangyougen\Login\test_003.py", line 153, in test_15
    self.rge("7891011", "1008611@", "1008611@")
  File "F:\BabyPlanTest\case\ouyangyougen\Login\test_003.py", line 23, in rge
    driver.find_element_by_id("regName").clear()
  File "E:\python\lib\site-packages\selenium\webdriver\remote\webdriver.py", line 269, in find_element_by_id
    return self.find_element(by=By.ID, value=id_)
  File "E:\python\lib\site-packages\selenium\webdriver\remote\webdriver.py", line 752, in find_element
    'value': value})['value']
  File "E:\python\lib\site-packages\selenium\webdriver\remote\webdriver.py", line 234, in execute
    response = self.command_executor.execute(driver_command, params)
  File "E:\python\lib\site-packages\selenium\webdriver\remote\remote_connection.py", line 401, in execute
    return self._request(command_info[0], url, body=data)
  File "E:\python\lib\site-packages\selenium\webdriver\remote\remote_connection.py", line 432, in _request
    self._conn.request(method, parsed_url.path, body, headers)
  File "E:\python\lib\http\client.py", line 1239, in request
    self._send_request(method, url, body, headers, encode_chunked)
  File "E:\python\lib\http\client.py", line 1285, in _send_request
    self.endheaders(body, encode_chunked=encode_chunked)
  File "E:\python\lib\http\client.py", line 1234, in endheaders
    self._send_output(message_body, encode_chunked=encode_chunked)
  File "E:\python\lib\http\client.py", line 1026, in _send_output
    self.send(msg)
  File "E:\python\lib\http\client.py", line 964, in send
    self.connect()
  File "E:\python\lib\http\client.py", line 936, in connect
    (self.host,self.port), self.timeout, self.source_address)
  File "E:\python\lib\socket.py", line 722, in create_connection
    raise err
  File "E:\python\lib\socket.py", line 713, in create_connection
    sock.connect(sa)
ConnectionRefusedError: [WinError 10061] 由于目标计算机积极拒绝，无法连接。
Traceback (most recent call last):
  File "F:\BabyPlanTest\case\ouyangyougen\Login\test_003.py", line 153, in test_15
    self.rge("7891011", "1008611@", "1008611@")
  File "F:\BabyPlanTest\case\ouyangyougen\Login\test_003.py", line 23, in rge
    driver.find_element_by_id("regName").clear()
  File "E:\python\lib\site-packages\selenium\webdriver\remote\webdriver.py", line 269, in find_element_by_id
    return self.find_element(by=By.ID, value=id_)
  File "E:\python\lib\site-packages\selenium\webdriver\remote\webdriver.py", line 752, in find_element
    'value': value})['value']
  File "E:\python\lib\site-packages\selenium\webdriver\remote\webdriver.py", line 234, in execute
    response = self.command_executor.execute(driver_command, params)
  File "E:\python\lib\site-packages\selenium\webdriver\remote\remote_connection.py", line 401, in execute
    return self._request(command_info[0], url, body=data)
  File "E:\python\lib\site-packages\selenium\webdriver\remote\remote_connection.py", line 432, in _request
    self._conn.request(method, parsed_url.path, body, headers)
  File "E:\python\lib\http\client.py", line 1239, in request
    self._send_request(method, url, body, headers, encode_chunked)
  File "E:\python\lib\http\client.py", line 1285, in _send_request
    self.endheaders(body, encode_chunked=encode_chunked)
  File "E:\python\lib\http\client.py", line 1234, in endheaders
    self._send_output(message_body, encode_chunked=encode_chunked)
  File "E:\python\lib\http\client.py", line 1026, in _send_output
    self.send(msg)
  File "E:\python\lib\http\client.py", line 964, in send
    self.connect()
  File "E:\python\lib\http\client.py", line 936, in connect
    (self.host,self.port), self.timeout, self.source_address)
  File "E:\python\lib\socket.py", line 722, in create_connection
    raise err
  File "E:\python\lib\socket.py", line 713, in create_connection
    sock.connect(sa)
ConnectionRefusedError: [WinError 10061] 由于目标计算机积极拒绝，无法连接。


        </pre>
    </div>
    <!--css div popup end-->

    </td>
</tr>

<tr id='ft14.16' class='none'>
    <td class='errorCase'><div class='testcase'>test_16: 验证输入账号字符含空格字符时能否成功注册</div></td>
    <td colspan='5' align='center'>

    <!--css div popup start-->
    <a class="popup_link" onfocus='this.blur();' href="javascript:showTestDetail('div_ft14.16')" >
        error</a>

    <div id='div_ft14.16' class="popup_window">
        <div style='text-align: right; color:red;cursor:pointer'>
        <a onfocus='this.blur();' onclick="document.getElementById('div_ft14.16').style.display = 'none' " >
           [x]</a>
        </div>
        <pre>
        
ft14.16: Traceback (most recent call last):
  File "F:\BabyPlanTest\case\ouyangyougen\Login\test_003.py", line 161, in test_16
    self.rge("7891012", "100861 1", "100861 1")
  File "F:\BabyPlanTest\case\ouyangyougen\Login\test_003.py", line 23, in rge
    driver.find_element_by_id("regName").clear()
  File "E:\python\lib\site-packages\selenium\webdriver\remote\webdriver.py", line 269, in find_element_by_id
    return self.find_element(by=By.ID, value=id_)
  File "E:\python\lib\site-packages\selenium\webdriver\remote\webdriver.py", line 752, in find_element
    'value': value})['value']
  File "E:\python\lib\site-packages\selenium\webdriver\remote\webdriver.py", line 234, in execute
    response = self.command_executor.execute(driver_command, params)
  File "E:\python\lib\site-packages\selenium\webdriver\remote\remote_connection.py", line 401, in execute
    return self._request(command_info[0], url, body=data)
  File "E:\python\lib\site-packages\selenium\webdriver\remote\remote_connection.py", line 432, in _request
    self._conn.request(method, parsed_url.path, body, headers)
  File "E:\python\lib\http\client.py", line 1239, in request
    self._send_request(method, url, body, headers, encode_chunked)
  File "E:\python\lib\http\client.py", line 1285, in _send_request
    self.endheaders(body, encode_chunked=encode_chunked)
  File "E:\python\lib\http\client.py", line 1234, in endheaders
    self._send_output(message_body, encode_chunked=encode_chunked)
  File "E:\python\lib\http\client.py", line 1026, in _send_output
    self.send(msg)
  File "E:\python\lib\http\client.py", line 964, in send
    self.connect()
  File "E:\python\lib\http\client.py", line 936, in connect
    (self.host,self.port), self.timeout, self.source_address)
  File "E:\python\lib\socket.py", line 722, in create_connection
    raise err
  File "E:\python\lib\socket.py", line 713, in create_connection
    sock.connect(sa)
ConnectionRefusedError: [WinError 10061] 由于目标计算机积极拒绝，无法连接。
Traceback (most recent call last):
  File "F:\BabyPlanTest\case\ouyangyougen\Login\test_003.py", line 161, in test_16
    self.rge("7891012", "100861 1", "100861 1")
  File "F:\BabyPlanTest\case\ouyangyougen\Login\test_003.py", line 23, in rge
    driver.find_element_by_id("regName").clear()
  File "E:\python\lib\site-packages\selenium\webdriver\remote\webdriver.py", line 269, in find_element_by_id
    return self.find_element(by=By.ID, value=id_)
  File "E:\python\lib\site-packages\selenium\webdriver\remote\webdriver.py", line 752, in find_element
    'value': value})['value']
  File "E:\python\lib\site-packages\selenium\webdriver\remote\webdriver.py", line 234, in execute
    response = self.command_executor.execute(driver_command, params)
  File "E:\python\lib\site-packages\selenium\webdriver\remote\remote_connection.py", line 401, in execute
    return self._request(command_info[0], url, body=data)
  File "E:\python\lib\site-packages\selenium\webdriver\remote\remote_connection.py", line 432, in _request
    self._conn.request(method, parsed_url.path, body, headers)
  File "E:\python\lib\http\client.py", line 1239, in request
    self._send_request(method, url, body, headers, encode_chunked)
  File "E:\python\lib\http\client.py", line 1285, in _send_request
    self.endheaders(body, encode_chunked=encode_chunked)
  File "E:\python\lib\http\client.py", line 1234, in endheaders
    self._send_output(message_body, encode_chunked=encode_chunked)
  File "E:\python\lib\http\client.py", line 1026, in _send_output
    self.send(msg)
  File "E:\python\lib\http\client.py", line 964, in send
    self.connect()
  File "E:\python\lib\http\client.py", line 936, in connect
    (self.host,self.port), self.timeout, self.source_address)
  File "E:\python\lib\socket.py", line 722, in create_connection
    raise err
  File "E:\python\lib\socket.py", line 713, in create_connection
    sock.connect(sa)
ConnectionRefusedError: [WinError 10061] 由于目标计算机积极拒绝，无法连接。


        </pre>
    </div>
    <!--css div popup end-->

    </td>
</tr>

<tr id='ft14.17' class='none'>
    <td class='errorCase'><div class='testcase'>test_17: 验证弹出注册框后，点击窗口外的其它地方，能否关闭注册窗口</div></td>
    <td colspan='5' align='center'>

    <!--css div popup start-->
    <a class="popup_link" onfocus='this.blur();' href="javascript:showTestDetail('div_ft14.17')" >
        error</a>

    <div id='div_ft14.17' class="popup_window">
        <div style='text-align: right; color:red;cursor:pointer'>
        <a onfocus='this.blur();' onclick="document.getElementById('div_ft14.17').style.display = 'none' " >
           [x]</a>
        </div>
        <pre>
        
ft14.17: Traceback (most recent call last):
  File "F:\BabyPlanTest\case\ouyangyougen\Login\test_003.py", line 168, in test_17
    t=self.drive.find_element_by_xpath("html/body")
  File "E:\python\lib\site-packages\selenium\webdriver\remote\webdriver.py", line 293, in find_element_by_xpath
    return self.find_element(by=By.XPATH, value=xpath)
  File "E:\python\lib\site-packages\selenium\webdriver\remote\webdriver.py", line 752, in find_element
    'value': value})['value']
  File "E:\python\lib\site-packages\selenium\webdriver\remote\webdriver.py", line 234, in execute
    response = self.command_executor.execute(driver_command, params)
  File "E:\python\lib\site-packages\selenium\webdriver\remote\remote_connection.py", line 401, in execute
    return self._request(command_info[0], url, body=data)
  File "E:\python\lib\site-packages\selenium\webdriver\remote\remote_connection.py", line 432, in _request
    self._conn.request(method, parsed_url.path, body, headers)
  File "E:\python\lib\http\client.py", line 1239, in request
    self._send_request(method, url, body, headers, encode_chunked)
  File "E:\python\lib\http\client.py", line 1285, in _send_request
    self.endheaders(body, encode_chunked=encode_chunked)
  File "E:\python\lib\http\client.py", line 1234, in endheaders
    self._send_output(message_body, encode_chunked=encode_chunked)
  File "E:\python\lib\http\client.py", line 1026, in _send_output
    self.send(msg)
  File "E:\python\lib\http\client.py", line 964, in send
    self.connect()
  File "E:\python\lib\http\client.py", line 936, in connect
    (self.host,self.port), self.timeout, self.source_address)
  File "E:\python\lib\socket.py", line 722, in create_connection
    raise err
  File "E:\python\lib\socket.py", line 713, in create_connection
    sock.connect(sa)
ConnectionRefusedError: [WinError 10061] 由于目标计算机积极拒绝，无法连接。
Traceback (most recent call last):
  File "F:\BabyPlanTest\case\ouyangyougen\Login\test_003.py", line 168, in test_17
    t=self.drive.find_element_by_xpath("html/body")
  File "E:\python\lib\site-packages\selenium\webdriver\remote\webdriver.py", line 293, in find_element_by_xpath
    return self.find_element(by=By.XPATH, value=xpath)
  File "E:\python\lib\site-packages\selenium\webdriver\remote\webdriver.py", line 752, in find_element
    'value': value})['value']
  File "E:\python\lib\site-packages\selenium\webdriver\remote\webdriver.py", line 234, in execute
    response = self.command_executor.execute(driver_command, params)
  File "E:\python\lib\site-packages\selenium\webdriver\remote\remote_connection.py", line 401, in execute
    return self._request(command_info[0], url, body=data)
  File "E:\python\lib\site-packages\selenium\webdriver\remote\remote_connection.py", line 432, in _request
    self._conn.request(method, parsed_url.path, body, headers)
  File "E:\python\lib\http\client.py", line 1239, in request
    self._send_request(method, url, body, headers, encode_chunked)
  File "E:\python\lib\http\client.py", line 1285, in _send_request
    self.endheaders(body, encode_chunked=encode_chunked)
  File "E:\python\lib\http\client.py", line 1234, in endheaders
    self._send_output(message_body, encode_chunked=encode_chunked)
  File "E:\python\lib\http\client.py", line 1026, in _send_output
    self.send(msg)
  File "E:\python\lib\http\client.py", line 964, in send
    self.connect()
  File "E:\python\lib\http\client.py", line 936, in connect
    (self.host,self.port), self.timeout, self.source_address)
  File "E:\python\lib\socket.py", line 722, in create_connection
    raise err
  File "E:\python\lib\socket.py", line 713, in create_connection
    sock.connect(sa)
ConnectionRefusedError: [WinError 10061] 由于目标计算机积极拒绝，无法连接。


        </pre>
    </div>
    <!--css div popup end-->

    </td>
</tr>

<tr class='failClass'>
    <td>ouyangyougen.Login.test_004.TestDemoArg1</td>
    <td>30</td>
    <td>5</td>
    <td>25</td>
    <td>0</td>
    <td><a href="javascript:showClassDetail('c15',30)">Detail</a></td>
</tr>

<tr id='pt15.1' class='hiddenRow'>
    <td class='none'><div class='testcase'>test_01: 验证能否正常打开用户中心页面</div></td>
    <td colspan='5' align='center'>

    <!--css div popup start-->
    <a class="popup_link" onfocus='this.blur();' href="javascript:showTestDetail('div_pt15.1')" >
        pass</a>

    <div id='div_pt15.1' class="popup_window">
        <div style='text-align: right; color:red;cursor:pointer'>
        <a onfocus='this.blur();' onclick="document.getElementById('div_pt15.1').style.display = 'none' " >
           [x]</a>
        </div>
        <pre>
        
pt15.1: 

        </pre>
    </div>
    <!--css div popup end-->

    </td>
</tr>

<tr id='pt15.2' class='hiddenRow'>
    <td class='none'><div class='testcase'>test_02: 验证能否正常离开用户中心页面</div></td>
    <td colspan='5' align='center'>

    <!--css div popup start-->
    <a class="popup_link" onfocus='this.blur();' href="javascript:showTestDetail('div_pt15.2')" >
        pass</a>

    <div id='div_pt15.2' class="popup_window">
        <div style='text-align: right; color:red;cursor:pointer'>
        <a onfocus='this.blur();' onclick="document.getElementById('div_pt15.2').style.display = 'none' " >
           [x]</a>
        </div>
        <pre>
        
pt15.2: 

        </pre>
    </div>
    <!--css div popup end-->

    </td>
</tr>

<tr id='pt15.3' class='hiddenRow'>
    <td class='none'><div class='testcase'>test_03: 验证使用账号为test的登录，用户中心页面能否正常显示当前用户的信息</div></td>
    <td colspan='5' align='center'>

    <!--css div popup start-->
    <a class="popup_link" onfocus='this.blur();' href="javascript:showTestDetail('div_pt15.3')" >
        pass</a>

    <div id='div_pt15.3' class="popup_window">
        <div style='text-align: right; color:red;cursor:pointer'>
        <a onfocus='this.blur();' onclick="document.getElementById('div_pt15.3').style.display = 'none' " >
           [x]</a>
        </div>
        <pre>
        
pt15.3: 

        </pre>
    </div>
    <!--css div popup end-->

    </td>
</tr>

<tr id='ft15.4' class='none'>
    <td class='failCase'><div class='testcase'>test_04: 验证使用正确的旧密码，能否成功修改密码</div></td>
    <td colspan='5' align='center'>

    <!--css div popup start-->
    <a class="popup_link" onfocus='this.blur();' href="javascript:showTestDetail('div_ft15.4')" >
        fail</a>

    <div id='div_ft15.4' class="popup_window">
        <div style='text-align: right; color:red;cursor:pointer'>
        <a onfocus='this.blur();' onclick="document.getElementById('div_ft15.4').style.display = 'none' " >
           [x]</a>
        </div>
        <pre>
        
ft15.4: Traceback (most recent call last):
  File "F:\BabyPlanTest\case\ouyangyougen\Login\test_004.py", line 255, in test_04
    self.assertTrue(result)
AssertionError: False is not true
Traceback (most recent call last):
  File "F:\BabyPlanTest\case\ouyangyougen\Login\test_004.py", line 255, in test_04
    self.assertTrue(result)
AssertionError: False is not true


        </pre>
    </div>
    <!--css div popup end-->

    </td>
</tr>

<tr id='ft15.5' class='none'>
    <td class='failCase'><div class='testcase'>test_05: 验证使用不正确的旧密码，能否成功修改密码</div></td>
    <td colspan='5' align='center'>

    <!--css div popup start-->
    <a class="popup_link" onfocus='this.blur();' href="javascript:showTestDetail('div_ft15.5')" >
        fail</a>

    <div id='div_ft15.5' class="popup_window">
        <div style='text-align: right; color:red;cursor:pointer'>
        <a onfocus='this.blur();' onclick="document.getElementById('div_ft15.5').style.display = 'none' " >
           [x]</a>
        </div>
        <pre>
        
ft15.5: Traceback (most recent call last):
  File "F:\BabyPlanTest\case\ouyangyougen\Login\test_004.py", line 265, in test_05
    self.assertTrue(result)
AssertionError: False is not true
Traceback (most recent call last):
  File "F:\BabyPlanTest\case\ouyangyougen\Login\test_004.py", line 265, in test_05
    self.assertTrue(result)
AssertionError: False is not true


        </pre>
    </div>
    <!--css div popup end-->

    </td>
</tr>

<tr id='ft15.6' class='none'>
    <td class='failCase'><div class='testcase'>test_06: 验证2次输入新密码不同，能否成功修改密码</div></td>
    <td colspan='5' align='center'>

    <!--css div popup start-->
    <a class="popup_link" onfocus='this.blur();' href="javascript:showTestDetail('div_ft15.6')" >
        fail</a>

    <div id='div_ft15.6' class="popup_window">
        <div style='text-align: right; color:red;cursor:pointer'>
        <a onfocus='this.blur();' onclick="document.getElementById('div_ft15.6').style.display = 'none' " >
           [x]</a>
        </div>
        <pre>
        
ft15.6: Traceback (most recent call last):
  File "F:\BabyPlanTest\case\ouyangyougen\Login\test_004.py", line 275, in test_06
    self.assertTrue(result)
AssertionError: False is not true
Traceback (most recent call last):
  File "F:\BabyPlanTest\case\ouyangyougen\Login\test_004.py", line 275, in test_06
    self.assertTrue(result)
AssertionError: False is not true


        </pre>
    </div>
    <!--css div popup end-->

    </td>
</tr>

<tr id='ft15.7' class='none'>
    <td class='failCase'><div class='testcase'>test_07: 验证输入小于6位的新密码，能否成功修改密码</div></td>
    <td colspan='5' align='center'>

    <!--css div popup start-->
    <a class="popup_link" onfocus='this.blur();' href="javascript:showTestDetail('div_ft15.7')" >
        fail</a>

    <div id='div_ft15.7' class="popup_window">
        <div style='text-align: right; color:red;cursor:pointer'>
        <a onfocus='this.blur();' onclick="document.getElementById('div_ft15.7').style.display = 'none' " >
           [x]</a>
        </div>
        <pre>
        
ft15.7: Traceback (most recent call last):
  File "F:\BabyPlanTest\case\ouyangyougen\Login\test_004.py", line 285, in test_07
    self.assertTrue(result)
AssertionError: False is not true
Traceback (most recent call last):
  File "F:\BabyPlanTest\case\ouyangyougen\Login\test_004.py", line 285, in test_07
    self.assertTrue(result)
AssertionError: False is not true


        </pre>
    </div>
    <!--css div popup end-->

    </td>
</tr>

<tr id='ft15.8' class='none'>
    <td class='failCase'><div class='testcase'>test_08: 验证输入多于20位的新密码，能否成功修改密码</div></td>
    <td colspan='5' align='center'>

    <!--css div popup start-->
    <a class="popup_link" onfocus='this.blur();' href="javascript:showTestDetail('div_ft15.8')" >
        fail</a>

    <div id='div_ft15.8' class="popup_window">
        <div style='text-align: right; color:red;cursor:pointer'>
        <a onfocus='this.blur();' onclick="document.getElementById('div_ft15.8').style.display = 'none' " >
           [x]</a>
        </div>
        <pre>
        
ft15.8: Traceback (most recent call last):
  File "F:\BabyPlanTest\case\ouyangyougen\Login\test_004.py", line 295, in test_08
    self.assertTrue(result)
AssertionError: False is not true
Traceback (most recent call last):
  File "F:\BabyPlanTest\case\ouyangyougen\Login\test_004.py", line 295, in test_08
    self.assertTrue(result)
AssertionError: False is not true


        </pre>
    </div>
    <!--css div popup end-->

    </td>
</tr>

<tr id='ft15.9' class='none'>
    <td class='failCase'><div class='testcase'>test_09: 验证输入包含汉字的新密码，能否成功修改密码</div></td>
    <td colspan='5' align='center'>

    <!--css div popup start-->
    <a class="popup_link" onfocus='this.blur();' href="javascript:showTestDetail('div_ft15.9')" >
        fail</a>

    <div id='div_ft15.9' class="popup_window">
        <div style='text-align: right; color:red;cursor:pointer'>
        <a onfocus='this.blur();' onclick="document.getElementById('div_ft15.9').style.display = 'none' " >
           [x]</a>
        </div>
        <pre>
        
ft15.9: Traceback (most recent call last):
  File "F:\BabyPlanTest\case\ouyangyougen\Login\test_004.py", line 304, in test_09
    self.assertTrue(result)
AssertionError: False is not true
Traceback (most recent call last):
  File "F:\BabyPlanTest\case\ouyangyougen\Login\test_004.py", line 304, in test_09
    self.assertTrue(result)
AssertionError: False is not true


        </pre>
    </div>
    <!--css div popup end-->

    </td>
</tr>

<tr id='ft15.10' class='none'>
    <td class='failCase'><div class='testcase'>test_10: 验证输入包含特殊符号新密码，能否成功修改密码</div></td>
    <td colspan='5' align='center'>

    <!--css div popup start-->
    <a class="popup_link" onfocus='this.blur();' href="javascript:showTestDetail('div_ft15.10')" >
        fail</a>

    <div id='div_ft15.10' class="popup_window">
        <div style='text-align: right; color:red;cursor:pointer'>
        <a onfocus='this.blur();' onclick="document.getElementById('div_ft15.10').style.display = 'none' " >
           [x]</a>
        </div>
        <pre>
        
ft15.10: Traceback (most recent call last):
  File "F:\BabyPlanTest\case\ouyangyougen\Login\test_004.py", line 315, in test_10
    self.assertTrue(result)
AssertionError: False is not true
Traceback (most recent call last):
  File "F:\BabyPlanTest\case\ouyangyougen\Login\test_004.py", line 315, in test_10
    self.assertTrue(result)
AssertionError: False is not true


        </pre>
    </div>
    <!--css div popup end-->

    </td>
</tr>

<tr id='ft15.11' class='none'>
    <td class='failCase'><div class='testcase'>test_11: 验证输入含有的新密码，能否成功修改密码</div></td>
    <td colspan='5' align='center'>

    <!--css div popup start-->
    <a class="popup_link" onfocus='this.blur();' href="javascript:showTestDetail('div_ft15.11')" >
        fail</a>

    <div id='div_ft15.11' class="popup_window">
        <div style='text-align: right; color:red;cursor:pointer'>
        <a onfocus='this.blur();' onclick="document.getElementById('div_ft15.11').style.display = 'none' " >
           [x]</a>
        </div>
        <pre>
        
ft15.11: Traceback (most recent call last):
  File "F:\BabyPlanTest\case\ouyangyougen\Login\test_004.py", line 325, in test_11
    self.assertTrue(result)
AssertionError: False is not true
Traceback (most recent call last):
  File "F:\BabyPlanTest\case\ouyangyougen\Login\test_004.py", line 325, in test_11
    self.assertTrue(result)
AssertionError: False is not true


        </pre>
    </div>
    <!--css div popup end-->

    </td>
</tr>

<tr id='ft15.12' class='none'>
    <td class='failCase'><div class='testcase'>test_12: 验证输入含有字母的新密码，能否成功修改密码</div></td>
    <td colspan='5' align='center'>

    <!--css div popup start-->
    <a class="popup_link" onfocus='this.blur();' href="javascript:showTestDetail('div_ft15.12')" >
        fail</a>

    <div id='div_ft15.12' class="popup_window">
        <div style='text-align: right; color:red;cursor:pointer'>
        <a onfocus='this.blur();' onclick="document.getElementById('div_ft15.12').style.display = 'none' " >
           [x]</a>
        </div>
        <pre>
        
ft15.12: Traceback (most recent call last):
  File "F:\BabyPlanTest\case\ouyangyougen\Login\test_004.py", line 336, in test_12
    self.assertTrue(result)
AssertionError: False is not true
Traceback (most recent call last):
  File "F:\BabyPlanTest\case\ouyangyougen\Login\test_004.py", line 336, in test_12
    self.assertTrue(result)
AssertionError: False is not true


        </pre>
    </div>
    <!--css div popup end-->

    </td>
</tr>

<tr id='ft15.13' class='none'>
    <td class='failCase'><div class='testcase'>test_13: 验证能否正常修改宝宝年龄</div></td>
    <td colspan='5' align='center'>

    <!--css div popup start-->
    <a class="popup_link" onfocus='this.blur();' href="javascript:showTestDetail('div_ft15.13')" >
        fail</a>

    <div id='div_ft15.13' class="popup_window">
        <div style='text-align: right; color:red;cursor:pointer'>
        <a onfocus='this.blur();' onclick="document.getElementById('div_ft15.13').style.display = 'none' " >
           [x]</a>
        </div>
        <pre>
        
ft15.13: Traceback (most recent call last):
  File "F:\BabyPlanTest\case\ouyangyougen\Login\test_004.py", line 348, in test_13
    self.assertTrue(result)
AssertionError: False is not true
Traceback (most recent call last):
  File "F:\BabyPlanTest\case\ouyangyougen\Login\test_004.py", line 348, in test_13
    self.assertTrue(result)
AssertionError: False is not true


        </pre>
    </div>
    <!--css div popup end-->

    </td>
</tr>

<tr id='pt15.14' class='hiddenRow'>
    <td class='none'><div class='testcase'>test_14: 验证能否正常修改电子邮箱</div></td>
    <td colspan='5' align='center'>pass</td>
</tr>

<tr id='ft15.15' class='none'>
    <td class='failCase'><div class='testcase'>test_16: 验证电子邮箱包含汉字能否正常修改电子邮箱</div></td>
    <td colspan='5' align='center'>

    <!--css div popup start-->
    <a class="popup_link" onfocus='this.blur();' href="javascript:showTestDetail('div_ft15.15')" >
        fail</a>

    <div id='div_ft15.15' class="popup_window">
        <div style='text-align: right; color:red;cursor:pointer'>
        <a onfocus='this.blur();' onclick="document.getElementById('div_ft15.15').style.display = 'none' " >
           [x]</a>
        </div>
        <pre>
        
ft15.15: Traceback (most recent call last):
  File "F:\BabyPlanTest\case\ouyangyougen\Login\test_004.py", line 365, in test_16
    self.assertTrue(result)
AssertionError: False is not true
Traceback (most recent call last):
  File "F:\BabyPlanTest\case\ouyangyougen\Login\test_004.py", line 365, in test_16
    self.assertTrue(result)
AssertionError: False is not true


        </pre>
    </div>
    <!--css div popup end-->

    </td>
</tr>

<tr id='ft15.16' class='none'>
    <td class='failCase'><div class='testcase'>test_17: 验证电子邮箱包含空格能否正常修改电子邮箱</div></td>
    <td colspan='5' align='center'>

    <!--css div popup start-->
    <a class="popup_link" onfocus='this.blur();' href="javascript:showTestDetail('div_ft15.16')" >
        fail</a>

    <div id='div_ft15.16' class="popup_window">
        <div style='text-align: right; color:red;cursor:pointer'>
        <a onfocus='this.blur();' onclick="document.getElementById('div_ft15.16').style.display = 'none' " >
           [x]</a>
        </div>
        <pre>
        
ft15.16: Traceback (most recent call last):
  File "F:\BabyPlanTest\case\ouyangyougen\Login\test_004.py", line 372, in test_17
    self.assertTrue(result)
AssertionError: False is not true
Traceback (most recent call last):
  File "F:\BabyPlanTest\case\ouyangyougen\Login\test_004.py", line 372, in test_17
    self.assertTrue(result)
AssertionError: False is not true


        </pre>
    </div>
    <!--css div popup end-->

    </td>
</tr>

<tr id='ft15.17' class='none'>
    <td class='failCase'><div class='testcase'>test_18: 验证电子邮箱包含除@和.外的特殊符号能否正常修改电子邮箱</div></td>
    <td colspan='5' align='center'>

    <!--css div popup start-->
    <a class="popup_link" onfocus='this.blur();' href="javascript:showTestDetail('div_ft15.17')" >
        fail</a>

    <div id='div_ft15.17' class="popup_window">
        <div style='text-align: right; color:red;cursor:pointer'>
        <a onfocus='this.blur();' onclick="document.getElementById('div_ft15.17').style.display = 'none' " >
           [x]</a>
        </div>
        <pre>
        
ft15.17: Traceback (most recent call last):
  File "F:\BabyPlanTest\case\ouyangyougen\Login\test_004.py", line 379, in test_18
    self.assertTrue(result)
AssertionError: False is not true
Traceback (most recent call last):
  File "F:\BabyPlanTest\case\ouyangyougen\Login\test_004.py", line 379, in test_18
    self.assertTrue(result)
AssertionError: False is not true


        </pre>
    </div>
    <!--css div popup end-->

    </td>
</tr>

<tr id='ft15.18' class='none'>
    <td class='failCase'><div class='testcase'>test_19: 验证电子邮箱位数多于20时能否正常修改电子邮箱</div></td>
    <td colspan='5' align='center'>

    <!--css div popup start-->
    <a class="popup_link" onfocus='this.blur();' href="javascript:showTestDetail('div_ft15.18')" >
        fail</a>

    <div id='div_ft15.18' class="popup_window">
        <div style='text-align: right; color:red;cursor:pointer'>
        <a onfocus='this.blur();' onclick="document.getElementById('div_ft15.18').style.display = 'none' " >
           [x]</a>
        </div>
        <pre>
        
ft15.18: Traceback (most recent call last):
  File "F:\BabyPlanTest\case\ouyangyougen\Login\test_004.py", line 386, in test_19
    self.assertTrue(result)
AssertionError: False is not true
Traceback (most recent call last):
  File "F:\BabyPlanTest\case\ouyangyougen\Login\test_004.py", line 386, in test_19
    self.assertTrue(result)
AssertionError: False is not true


        </pre>
    </div>
    <!--css div popup end-->

    </td>
</tr>

<tr id='ft15.19' class='none'>
    <td class='failCase'><div class='testcase'>test_20: 验证电子邮箱只包含@的特殊符号能否正常修改电子邮箱</div></td>
    <td colspan='5' align='center'>

    <!--css div popup start-->
    <a class="popup_link" onfocus='this.blur();' href="javascript:showTestDetail('div_ft15.19')" >
        fail</a>

    <div id='div_ft15.19' class="popup_window">
        <div style='text-align: right; color:red;cursor:pointer'>
        <a onfocus='this.blur();' onclick="document.getElementById('div_ft15.19').style.display = 'none' " >
           [x]</a>
        </div>
        <pre>
        
ft15.19: Traceback (most recent call last):
  File "F:\BabyPlanTest\case\ouyangyougen\Login\test_004.py", line 394, in test_20
    self.assertTrue(result)
AssertionError: False is not true
Traceback (most recent call last):
  File "F:\BabyPlanTest\case\ouyangyougen\Login\test_004.py", line 394, in test_20
    self.assertTrue(result)
AssertionError: False is not true


        </pre>
    </div>
    <!--css div popup end-->

    </td>
</tr>

<tr id='ft15.20' class='none'>
    <td class='failCase'><div class='testcase'>test_21: 验证电子邮箱不包含@的特殊符号能否正常修改电子邮箱</div></td>
    <td colspan='5' align='center'>

    <!--css div popup start-->
    <a class="popup_link" onfocus='this.blur();' href="javascript:showTestDetail('div_ft15.20')" >
        fail</a>

    <div id='div_ft15.20' class="popup_window">
        <div style='text-align: right; color:red;cursor:pointer'>
        <a onfocus='this.blur();' onclick="document.getElementById('div_ft15.20').style.display = 'none' " >
           [x]</a>
        </div>
        <pre>
        
ft15.20: Traceback (most recent call last):
  File "F:\BabyPlanTest\case\ouyangyougen\Login\test_004.py", line 402, in test_21
    self.assertTrue(result)
AssertionError: False is not true
Traceback (most recent call last):
  File "F:\BabyPlanTest\case\ouyangyougen\Login\test_004.py", line 402, in test_21
    self.assertTrue(result)
AssertionError: False is not true


        </pre>
    </div>
    <!--css div popup end-->

    </td>
</tr>

<tr id='ft15.21' class='none'>
    <td class='failCase'><div class='testcase'>test_22: 验证电子邮箱不包含“.”的特殊符号能否正常修改电子邮箱</div></td>
    <td colspan='5' align='center'>

    <!--css div popup start-->
    <a class="popup_link" onfocus='this.blur();' href="javascript:showTestDetail('div_ft15.21')" >
        fail</a>

    <div id='div_ft15.21' class="popup_window">
        <div style='text-align: right; color:red;cursor:pointer'>
        <a onfocus='this.blur();' onclick="document.getElementById('div_ft15.21').style.display = 'none' " >
           [x]</a>
        </div>
        <pre>
        
ft15.21: Traceback (most recent call last):
  File "F:\BabyPlanTest\case\ouyangyougen\Login\test_004.py", line 410, in test_22
    self.assertTrue(result)
AssertionError: False is not true
Traceback (most recent call last):
  File "F:\BabyPlanTest\case\ouyangyougen\Login\test_004.py", line 410, in test_22
    self.assertTrue(result)
AssertionError: False is not true


        </pre>
    </div>
    <!--css div popup end-->

    </td>
</tr>

<tr id='ft15.22' class='none'>
    <td class='failCase'><div class='testcase'>test_23: 验证电子邮箱“.”和“@”特殊符号位置相反能否正常修改电子邮箱</div></td>
    <td colspan='5' align='center'>

    <!--css div popup start-->
    <a class="popup_link" onfocus='this.blur();' href="javascript:showTestDetail('div_ft15.22')" >
        fail</a>

    <div id='div_ft15.22' class="popup_window">
        <div style='text-align: right; color:red;cursor:pointer'>
        <a onfocus='this.blur();' onclick="document.getElementById('div_ft15.22').style.display = 'none' " >
           [x]</a>
        </div>
        <pre>
        
ft15.22: Traceback (most recent call last):
  File "F:\BabyPlanTest\case\ouyangyougen\Login\test_004.py", line 418, in test_23
    self.assertTrue(result)
AssertionError: False is not true
Traceback (most recent call last):
  File "F:\BabyPlanTest\case\ouyangyougen\Login\test_004.py", line 418, in test_23
    self.assertTrue(result)
AssertionError: False is not true


        </pre>
    </div>
    <!--css div popup end-->

    </td>
</tr>

<tr id='ft15.23' class='none'>
    <td class='failCase'><div class='testcase'>test_24: 验证电子邮箱“.”紧靠着“@”特殊符号的右边位置能否正常修改电子邮箱</div></td>
    <td colspan='5' align='center'>

    <!--css div popup start-->
    <a class="popup_link" onfocus='this.blur();' href="javascript:showTestDetail('div_ft15.23')" >
        fail</a>

    <div id='div_ft15.23' class="popup_window">
        <div style='text-align: right; color:red;cursor:pointer'>
        <a onfocus='this.blur();' onclick="document.getElementById('div_ft15.23').style.display = 'none' " >
           [x]</a>
        </div>
        <pre>
        
ft15.23: Traceback (most recent call last):
  File "F:\BabyPlanTest\case\ouyangyougen\Login\test_004.py", line 426, in test_24
    self.assertTrue(result)
AssertionError: False is not true
Traceback (most recent call last):
  File "F:\BabyPlanTest\case\ouyangyougen\Login\test_004.py", line 426, in test_24
    self.assertTrue(result)
AssertionError: False is not true


        </pre>
    </div>
    <!--css div popup end-->

    </td>
</tr>

<tr id='pt15.24' class='hiddenRow'>
    <td class='none'><div class='testcase'>test_25: 验证能否正常修改手机号码</div></td>
    <td colspan='5' align='center'>

    <!--css div popup start-->
    <a class="popup_link" onfocus='this.blur();' href="javascript:showTestDetail('div_pt15.24')" >
        pass</a>

    <div id='div_pt15.24' class="popup_window">
        <div style='text-align: right; color:red;cursor:pointer'>
        <a onfocus='this.blur();' onclick="document.getElementById('div_pt15.24').style.display = 'none' " >
           [x]</a>
        </div>
        <pre>
        
pt15.24: 

        </pre>
    </div>
    <!--css div popup end-->

    </td>
</tr>

<tr id='ft15.25' class='none'>
    <td class='failCase'><div class='testcase'>test_26: 验证首位数字不为1时能否正常修改手机号码</div></td>
    <td colspan='5' align='center'>

    <!--css div popup start-->
    <a class="popup_link" onfocus='this.blur();' href="javascript:showTestDetail('div_ft15.25')" >
        fail</a>

    <div id='div_ft15.25' class="popup_window">
        <div style='text-align: right; color:red;cursor:pointer'>
        <a onfocus='this.blur();' onclick="document.getElementById('div_ft15.25').style.display = 'none' " >
           [x]</a>
        </div>
        <pre>
        
ft15.25: Traceback (most recent call last):
  File "F:\BabyPlanTest\case\ouyangyougen\Login\test_004.py", line 442, in test_26
    self.assertTrue(result)
AssertionError: False is not true
Traceback (most recent call last):
  File "F:\BabyPlanTest\case\ouyangyougen\Login\test_004.py", line 442, in test_26
    self.assertTrue(result)
AssertionError: False is not true


        </pre>
    </div>
    <!--css div popup end-->

    </td>
</tr>

<tr id='ft15.26' class='none'>
    <td class='failCase'><div class='testcase'>test_27: 验证输入的数字不是11位时能否正常修改手机号码</div></td>
    <td colspan='5' align='center'>

    <!--css div popup start-->
    <a class="popup_link" onfocus='this.blur();' href="javascript:showTestDetail('div_ft15.26')" >
        fail</a>

    <div id='div_ft15.26' class="popup_window">
        <div style='text-align: right; color:red;cursor:pointer'>
        <a onfocus='this.blur();' onclick="document.getElementById('div_ft15.26').style.display = 'none' " >
           [x]</a>
        </div>
        <pre>
        
ft15.26: Traceback (most recent call last):
  File "F:\BabyPlanTest\case\ouyangyougen\Login\test_004.py", line 450, in test_27
    self.assertTrue(result)
AssertionError: False is not true
Traceback (most recent call last):
  File "F:\BabyPlanTest\case\ouyangyougen\Login\test_004.py", line 450, in test_27
    self.assertTrue(result)
AssertionError: False is not true


        </pre>
    </div>
    <!--css div popup end-->

    </td>
</tr>

<tr id='ft15.27' class='none'>
    <td class='failCase'><div class='testcase'>test_28: 验证手机输入框输入的字符含汉字能否正常修改手机号码</div></td>
    <td colspan='5' align='center'>

    <!--css div popup start-->
    <a class="popup_link" onfocus='this.blur();' href="javascript:showTestDetail('div_ft15.27')" >
        fail</a>

    <div id='div_ft15.27' class="popup_window">
        <div style='text-align: right; color:red;cursor:pointer'>
        <a onfocus='this.blur();' onclick="document.getElementById('div_ft15.27').style.display = 'none' " >
           [x]</a>
        </div>
        <pre>
        
ft15.27: Traceback (most recent call last):
  File "F:\BabyPlanTest\case\ouyangyougen\Login\test_004.py", line 457, in test_28
    self.assertTrue(result)
AssertionError: False is not true
Traceback (most recent call last):
  File "F:\BabyPlanTest\case\ouyangyougen\Login\test_004.py", line 457, in test_28
    self.assertTrue(result)
AssertionError: False is not true


        </pre>
    </div>
    <!--css div popup end-->

    </td>
</tr>

<tr id='ft15.28' class='none'>
    <td class='failCase'><div class='testcase'>test_29: 验证手机输入框输入的字符含字母能否正常修改手机号码</div></td>
    <td colspan='5' align='center'>

    <!--css div popup start-->
    <a class="popup_link" onfocus='this.blur();' href="javascript:showTestDetail('div_ft15.28')" >
        fail</a>

    <div id='div_ft15.28' class="popup_window">
        <div style='text-align: right; color:red;cursor:pointer'>
        <a onfocus='this.blur();' onclick="document.getElementById('div_ft15.28').style.display = 'none' " >
           [x]</a>
        </div>
        <pre>
        
ft15.28: Traceback (most recent call last):
  File "F:\BabyPlanTest\case\ouyangyougen\Login\test_004.py", line 464, in test_29
    self.assertTrue(result)
AssertionError: False is not true
Traceback (most recent call last):
  File "F:\BabyPlanTest\case\ouyangyougen\Login\test_004.py", line 464, in test_29
    self.assertTrue(result)
AssertionError: False is not true


        </pre>
    </div>
    <!--css div popup end-->

    </td>
</tr>

<tr id='ft15.29' class='none'>
    <td class='failCase'><div class='testcase'>test_30: 验证手机输入框输入的字符含特殊符号能否正常修改手机号码</div></td>
    <td colspan='5' align='center'>

    <!--css div popup start-->
    <a class="popup_link" onfocus='this.blur();' href="javascript:showTestDetail('div_ft15.29')" >
        fail</a>

    <div id='div_ft15.29' class="popup_window">
        <div style='text-align: right; color:red;cursor:pointer'>
        <a onfocus='this.blur();' onclick="document.getElementById('div_ft15.29').style.display = 'none' " >
           [x]</a>
        </div>
        <pre>
        
ft15.29: Traceback (most recent call last):
  File "F:\BabyPlanTest\case\ouyangyougen\Login\test_004.py", line 471, in test_30
    self.assertTrue(result)
AssertionError: False is not true
Traceback (most recent call last):
  File "F:\BabyPlanTest\case\ouyangyougen\Login\test_004.py", line 471, in test_30
    self.assertTrue(result)
AssertionError: False is not true


        </pre>
    </div>
    <!--css div popup end-->

    </td>
</tr>

<tr id='ft15.30' class='none'>
    <td class='failCase'><div class='testcase'>test_31: 验证手机输入框输入的字符含空格能否正常修改手机号码</div></td>
    <td colspan='5' align='center'>

    <!--css div popup start-->
    <a class="popup_link" onfocus='this.blur();' href="javascript:showTestDetail('div_ft15.30')" >
        fail</a>

    <div id='div_ft15.30' class="popup_window">
        <div style='text-align: right; color:red;cursor:pointer'>
        <a onfocus='this.blur();' onclick="document.getElementById('div_ft15.30').style.display = 'none' " >
           [x]</a>
        </div>
        <pre>
        
ft15.30: Traceback (most recent call last):
  File "F:\BabyPlanTest\case\ouyangyougen\Login\test_004.py", line 478, in test_31
    self.assertTrue(result)
AssertionError: False is not true
Traceback (most recent call last):
  File "F:\BabyPlanTest\case\ouyangyougen\Login\test_004.py", line 478, in test_31
    self.assertTrue(result)
AssertionError: False is not true


        </pre>
    </div>
    <!--css div popup end-->

    </td>
</tr>

<tr class='errorClass'>
    <td>unittest.suite._ErrorHolder</td>
    <td>1</td>
    <td>0</td>
    <td>0</td>
    <td>1</td>
    <td><a href="javascript:showClassDetail('c16',1)">Detail</a></td>
</tr>

<tr id='ft16.1' class='none'>
    <td class='errorCase'><div class='testcase'>Health)</div></td>
    <td colspan='5' align='center'>

    <!--css div popup start-->
    <a class="popup_link" onfocus='this.blur();' href="javascript:showTestDetail('div_ft16.1')" >
        error</a>

    <div id='div_ft16.1' class="popup_window">
        <div style='text-align: right; color:red;cursor:pointer'>
        <a onfocus='this.blur();' onclick="document.getElementById('div_ft16.1').style.display = 'none' " >
           [x]</a>
        </div>
        <pre>
        
ft16.1: Traceback (most recent call last):
  File "F:\BabyPlanTest\case\ouyangyougen\Login\test_005.py", line 19, in setUpClass
    self.drive.find_element_by_link_text("健康热线").click()
  File "E:\python\lib\site-packages\selenium\webdriver\remote\webdriver.py", line 317, in find_element_by_link_text
    return self.find_element(by=By.LINK_TEXT, value=link_text)
  File "E:\python\lib\site-packages\selenium\webdriver\remote\webdriver.py", line 752, in find_element
    'value': value})['value']
  File "E:\python\lib\site-packages\selenium\webdriver\remote\webdriver.py", line 236, in execute
    self.error_handler.check_response(response)
  File "E:\python\lib\site-packages\selenium\webdriver\remote\errorhandler.py", line 191, in check_response
    raise exception_class(message, screen, stacktrace, value['alert'].get('text'))
selenium.common.exceptions.UnexpectedAlertPresentException: Alert Text: 用户名或密码错误！
Message: Unexpected modal dialog (text: 用户名或密码错误！)
Stacktrace:
    at fxdriver.modals.closeUnhandledAlert/&lt; (file:///C:/Users/ADMINI~1/AppData/Local/Temp/tmpzoliultn/extensions/fxdriver@googlecode.com/components/command-processor.js:10085)
    at fxdriver.modals.isModalPresent/&lt; (file:///C:/Users/ADMINI~1/AppData/Local/Temp/tmpzoliultn/extensions/fxdriver@googlecode.com/components/command-processor.js:9993)
    at fxdriver.Timer.prototype.runWhenTrue/g (file:///C:/Users/ADMINI~1/AppData/Local/Temp/tmpzoliultn/extensions/fxdriver@googlecode.com/components/command-processor.js:631)
    at fxdriver.Timer.prototype.runWhenTrue (file:///C:/Users/ADMINI~1/AppData/Local/Temp/tmpzoliultn/extensions/fxdriver@googlecode.com/components/command-processor.js:633)
    at fxdriver.modals.isModalPresent (file:///C:/Users/ADMINI~1/AppData/Local/Temp/tmpzoliultn/extensions/fxdriver@googlecode.com/components/command-processor.js:9989)
    at fxdriver.modals.closeUnhandledAlert (file:///C:/Users/ADMINI~1/AppData/Local/Temp/tmpzoliultn/extensions/fxdriver@googlecode.com/components/command-processor.js:10074)
    at nsCommandProcessor.prototype.execute (file:///C:/Users/ADMINI~1/AppData/Local/Temp/tmpzoliultn/extensions/fxdriver@googlecode.com/components/command-processor.js:12731)
    at Dispatcher.executeAs/&lt; (file:///C:/Users/ADMINI~1/AppData/Local/Temp/tmpzoliultn/extensions/fxdriver@googlecode.com/components/driver-component.js:9558)
    at Resource.prototype.handle (file:///C:/Users/ADMINI~1/AppData/Local/Temp/tmpzoliultn/extensions/fxdriver@googlecode.com/components/driver-component.js:9705)
    at Dispatcher.prototype.dispatch (file:///C:/Users/ADMINI~1/AppData/Local/Temp/tmpzoliultn/extensions/fxdriver@googlecode.com/components/driver-component.js:9652)
    at WebDriverServer/&lt;.handle (file:///C:/Users/ADMINI~1/AppData/Local/Temp/tmpzoliultn/extensions/fxdriver@googlecode.com/components/driver-component.js:12517)
    at createHandlerFunc/&lt; (file:///C:/Users/ADMINI~1/AppData/Local/Temp/tmpzoliultn/extensions/fxdriver@googlecode.com/components/httpd.js:2054)
    at ServerHandler.prototype.handleResponse (file:///C:/Users/ADMINI~1/AppData/Local/Temp/tmpzoliultn/extensions/fxdriver@googlecode.com/components/httpd.js:2387)
    at Connection.prototype.process (file:///C:/Users/ADMINI~1/AppData/Local/Temp/tmpzoliultn/extensions/fxdriver@googlecode.com/components/httpd.js:1223)
    at RequestReader.prototype._handleResponse (file:///C:/Users/ADMINI~1/AppData/Local/Temp/tmpzoliultn/extensions/fxdriver@googlecode.com/components/httpd.js:1677)
    at RequestReader.prototype._processBody (file:///C:/Users/ADMINI~1/AppData/Local/Temp/tmpzoliultn/extensions/fxdriver@googlecode.com/components/httpd.js:1525)
    at RequestReader.prototype.onInputStreamReady (file:///C:/Users/ADMINI~1/AppData/Local/Temp/tmpzoliultn/extensions/fxdriver@googlecode.com/components/httpd.js:1393)
    at openModalWindow (resource://gre/components/nsPrompter.js:360)
    at ModalPrompter.prototype.openPrompt (resource://gre/components/nsPrompter.js:550)
    at ModalPrompter.prototype.alert (resource://gre/components/nsPrompter.js:602)
    at ObservingAlert.prototype.alert (file:///C:/Users/ADMINI~1/AppData/Local/Temp/tmpzoliultn/extensions/fxdriver@googlecode.com/components/prompt-service.js:4745)
    at &lt;anonymous&gt; (http://172.17.6.14/BabyPlan/js/login.js:6)
    at b.Callbacks/c (http://172.17.6.14/BabyPlan/js/jquery-1.9.1.min.js:1)
    at b.Callbacks/p.fireWith (http://172.17.6.14/BabyPlan/js/jquery-1.9.1.min.js:1)
    at k (http://172.17.6.14/BabyPlan/js/jquery-1.9.1.min.js:3)
    at .send/r (http://172.17.6.14/BabyPlan/js/jquery-1.9.1.min.js:3)
    at .send (http://172.17.6.14/BabyPlan/js/jquery-1.9.1.min.js:3)
    at .ajax (http://172.17.6.14/BabyPlan/js/jquery-1.9.1.min.js:3)
    at b[n]@http://172.17.6.14/BabyPlan/js/jquery-1.9.1.min.js (?:?)
    at &lt;anonymous&gt; (http://172.17.6.14/BabyPlan/js/login.js:4)
    at b.event.dispatch (http://172.17.6.14/BabyPlan/js/jquery-1.9.1.min.js:1)
    at b.event.add/v.handle (http://172.17.6.14/BabyPlan/js/jquery-1.9.1.min.js:1)
    at SyntheticMouse.EventEmitter.prototype.fireMouseEvent (file:///C:/Users/ADMINI~1/AppData/Local/Temp/tmpzoliultn/extensions/fxdriver@googlecode.com/components/synthetic-mouse.js:11300)
    at bot.Device.prototype.fireMouseEvent (file:///C:/Users/ADMINI~1/AppData/Local/Temp/tmpzoliultn/extensions/fxdriver@googlecode.com/components/synthetic-mouse.js:9660)
    at bot.Mouse.prototype.fireMouseEvent_ (file:///C:/Users/ADMINI~1/AppData/Local/Temp/tmpzoliultn/extensions/fxdriver@googlecode.com/components/synthetic-mouse.js:10180)
    at bot.Mouse.prototype.releaseButton (file:///C:/Users/ADMINI~1/AppData/Local/Temp/tmpzoliultn/extensions/fxdriver@googlecode.com/components/synthetic-mouse.js:10129)
    at bot.action.click (file:///C:/Users/ADMINI~1/AppData/Local/Temp/tmpzoliultn/extensions/fxdriver@googlecode.com/components/synthetic-mouse.js:10790)
    at SyntheticMouse.prototype.click (file:///C:/Users/ADMINI~1/AppData/Local/Temp/tmpzoliultn/extensions/fxdriver@googlecode.com/components/synthetic-mouse.js:11206)
    at WebElement.clickElement (file:///C:/Users/ADMINI~1/AppData/Local/Temp/tmpzoliultn/extensions/fxdriver@googlecode.com/components/command-processor.js:12088)
    at DelayedCommand.prototype.executeInternal_/h (file:///C:/Users/ADMINI~1/AppData/Local/Temp/tmpzoliultn/extensions/fxdriver@googlecode.com/components/command-processor.js:12661)
    at DelayedCommand.prototype.executeInternal_ (file:///C:/Users/ADMINI~1/AppData/Local/Temp/tmpzoliultn/extensions/fxdriver@googlecode.com/components/command-processor.js:12666)
    at DelayedCommand.prototype.execute/&lt; (file:///C:/Users/ADMINI~1/AppData/Local/Temp/tmpzoliultn/extensions/fxdriver@googlecode.com/components/command-processor.js:12608)
Traceback (most recent call last):
  File "F:\BabyPlanTest\case\ouyangyougen\Login\test_005.py", line 19, in setUpClass
    self.drive.find_element_by_link_text("健康热线").click()
  File "E:\python\lib\site-packages\selenium\webdriver\remote\webdriver.py", line 317, in find_element_by_link_text
    return self.find_element(by=By.LINK_TEXT, value=link_text)
  File "E:\python\lib\site-packages\selenium\webdriver\remote\webdriver.py", line 752, in find_element
    'value': value})['value']
  File "E:\python\lib\site-packages\selenium\webdriver\remote\webdriver.py", line 236, in execute
    self.error_handler.check_response(response)
  File "E:\python\lib\site-packages\selenium\webdriver\remote\errorhandler.py", line 191, in check_response
    raise exception_class(message, screen, stacktrace, value['alert'].get('text'))
selenium.common.exceptions.UnexpectedAlertPresentException: Alert Text: 用户名或密码错误！
Message: Unexpected modal dialog (text: 用户名或密码错误！)
Stacktrace:
    at fxdriver.modals.closeUnhandledAlert/&lt; (file:///C:/Users/ADMINI~1/AppData/Local/Temp/tmpzoliultn/extensions/fxdriver@googlecode.com/components/command-processor.js:10085)
    at fxdriver.modals.isModalPresent/&lt; (file:///C:/Users/ADMINI~1/AppData/Local/Temp/tmpzoliultn/extensions/fxdriver@googlecode.com/components/command-processor.js:9993)
    at fxdriver.Timer.prototype.runWhenTrue/g (file:///C:/Users/ADMINI~1/AppData/Local/Temp/tmpzoliultn/extensions/fxdriver@googlecode.com/components/command-processor.js:631)
    at fxdriver.Timer.prototype.runWhenTrue (file:///C:/Users/ADMINI~1/AppData/Local/Temp/tmpzoliultn/extensions/fxdriver@googlecode.com/components/command-processor.js:633)
    at fxdriver.modals.isModalPresent (file:///C:/Users/ADMINI~1/AppData/Local/Temp/tmpzoliultn/extensions/fxdriver@googlecode.com/components/command-processor.js:9989)
    at fxdriver.modals.closeUnhandledAlert (file:///C:/Users/ADMINI~1/AppData/Local/Temp/tmpzoliultn/extensions/fxdriver@googlecode.com/components/command-processor.js:10074)
    at nsCommandProcessor.prototype.execute (file:///C:/Users/ADMINI~1/AppData/Local/Temp/tmpzoliultn/extensions/fxdriver@googlecode.com/components/command-processor.js:12731)
    at Dispatcher.executeAs/&lt; (file:///C:/Users/ADMINI~1/AppData/Local/Temp/tmpzoliultn/extensions/fxdriver@googlecode.com/components/driver-component.js:9558)
    at Resource.prototype.handle (file:///C:/Users/ADMINI~1/AppData/Local/Temp/tmpzoliultn/extensions/fxdriver@googlecode.com/components/driver-component.js:9705)
    at Dispatcher.prototype.dispatch (file:///C:/Users/ADMINI~1/AppData/Local/Temp/tmpzoliultn/extensions/fxdriver@googlecode.com/components/driver-component.js:9652)
    at WebDriverServer/&lt;.handle (file:///C:/Users/ADMINI~1/AppData/Local/Temp/tmpzoliultn/extensions/fxdriver@googlecode.com/components/driver-component.js:12517)
    at createHandlerFunc/&lt; (file:///C:/Users/ADMINI~1/AppData/Local/Temp/tmpzoliultn/extensions/fxdriver@googlecode.com/components/httpd.js:2054)
    at ServerHandler.prototype.handleResponse (file:///C:/Users/ADMINI~1/AppData/Local/Temp/tmpzoliultn/extensions/fxdriver@googlecode.com/components/httpd.js:2387)
    at Connection.prototype.process (file:///C:/Users/ADMINI~1/AppData/Local/Temp/tmpzoliultn/extensions/fxdriver@googlecode.com/components/httpd.js:1223)
    at RequestReader.prototype._handleResponse (file:///C:/Users/ADMINI~1/AppData/Local/Temp/tmpzoliultn/extensions/fxdriver@googlecode.com/components/httpd.js:1677)
    at RequestReader.prototype._processBody (file:///C:/Users/ADMINI~1/AppData/Local/Temp/tmpzoliultn/extensions/fxdriver@googlecode.com/components/httpd.js:1525)
    at RequestReader.prototype.onInputStreamReady (file:///C:/Users/ADMINI~1/AppData/Local/Temp/tmpzoliultn/extensions/fxdriver@googlecode.com/components/httpd.js:1393)
    at openModalWindow (resource://gre/components/nsPrompter.js:360)
    at ModalPrompter.prototype.openPrompt (resource://gre/components/nsPrompter.js:550)
    at ModalPrompter.prototype.alert (resource://gre/components/nsPrompter.js:602)
    at ObservingAlert.prototype.alert (file:///C:/Users/ADMINI~1/AppData/Local/Temp/tmpzoliultn/extensions/fxdriver@googlecode.com/components/prompt-service.js:4745)
    at &lt;anonymous&gt; (http://172.17.6.14/BabyPlan/js/login.js:6)
    at b.Callbacks/c (http://172.17.6.14/BabyPlan/js/jquery-1.9.1.min.js:1)
    at b.Callbacks/p.fireWith (http://172.17.6.14/BabyPlan/js/jquery-1.9.1.min.js:1)
    at k (http://172.17.6.14/BabyPlan/js/jquery-1.9.1.min.js:3)
    at .send/r (http://172.17.6.14/BabyPlan/js/jquery-1.9.1.min.js:3)
    at .send (http://172.17.6.14/BabyPlan/js/jquery-1.9.1.min.js:3)
    at .ajax (http://172.17.6.14/BabyPlan/js/jquery-1.9.1.min.js:3)
    at b[n]@http://172.17.6.14/BabyPlan/js/jquery-1.9.1.min.js (?:?)
    at &lt;anonymous&gt; (http://172.17.6.14/BabyPlan/js/login.js:4)
    at b.event.dispatch (http://172.17.6.14/BabyPlan/js/jquery-1.9.1.min.js:1)
    at b.event.add/v.handle (http://172.17.6.14/BabyPlan/js/jquery-1.9.1.min.js:1)
    at SyntheticMouse.EventEmitter.prototype.fireMouseEvent (file:///C:/Users/ADMINI~1/AppData/Local/Temp/tmpzoliultn/extensions/fxdriver@googlecode.com/components/synthetic-mouse.js:11300)
    at bot.Device.prototype.fireMouseEvent (file:///C:/Users/ADMINI~1/AppData/Local/Temp/tmpzoliultn/extensions/fxdriver@googlecode.com/components/synthetic-mouse.js:9660)
    at bot.Mouse.prototype.fireMouseEvent_ (file:///C:/Users/ADMINI~1/AppData/Local/Temp/tmpzoliultn/extensions/fxdriver@googlecode.com/components/synthetic-mouse.js:10180)
    at bot.Mouse.prototype.releaseButton (file:///C:/Users/ADMINI~1/AppData/Local/Temp/tmpzoliultn/extensions/fxdriver@googlecode.com/components/synthetic-mouse.js:10129)
    at bot.action.click (file:///C:/Users/ADMINI~1/AppData/Local/Temp/tmpzoliultn/extensions/fxdriver@googlecode.com/components/synthetic-mouse.js:10790)
    at SyntheticMouse.prototype.click (file:///C:/Users/ADMINI~1/AppData/Local/Temp/tmpzoliultn/extensions/fxdriver@googlecode.com/components/synthetic-mouse.js:11206)
    at WebElement.clickElement (file:///C:/Users/ADMINI~1/AppData/Local/Temp/tmpzoliultn/extensions/fxdriver@googlecode.com/components/command-processor.js:12088)
    at DelayedCommand.prototype.executeInternal_/h (file:///C:/Users/ADMINI~1/AppData/Local/Temp/tmpzoliultn/extensions/fxdriver@googlecode.com/components/command-processor.js:12661)
    at DelayedCommand.prototype.executeInternal_ (file:///C:/Users/ADMINI~1/AppData/Local/Temp/tmpzoliultn/extensions/fxdriver@googlecode.com/components/command-processor.js:12666)
    at DelayedCommand.prototype.execute/&lt; (file:///C:/Users/ADMINI~1/AppData/Local/Temp/tmpzoliultn/extensions/fxdriver@googlecode.com/components/command-processor.js:12608)


        </pre>
    </div>
    <!--css div popup end-->

    </td>
</tr>

<tr id='total_row'>
    <td>Total</td>
    <td>195</td>
    <td>124</td>
    <td>38</td>
    <td>33</td>
    <td>&nbsp;</td>
</tr>
</table>

<div id='ending'>&nbsp;</div>

</body>
</html>
